This file contains any messages produced by compilers while
running configure, to aid debugging if configure makes a mistake.

It was created by RadioCoin Core configure 1.14.3, which was
generated by GNU Autoconf 2.71.  Invocation command line was

  $ ./configure --with-incompatible-bdb --prefix=/usr --enable-sse2

## --------- ##
## Platform. ##
## --------- ##

hostname = c4pts-iMac-Pro
uname -m = x86_64
uname -r = 20.3.0
uname -s = Darwin
uname -v = Darwin Kernel Version 20.3.0: Thu Jan 21 00:07:06 PST 2021; root:xnu-7195.81.3~1/RELEASE_X86_64

/usr/bin/uname -p = i386
/bin/uname -X     = unknown

/bin/arch              = unknown
/usr/bin/arch -k       = unknown
/usr/convex/getsysinfo = unknown
/usr/bin/hostinfo      = Mach kernel version:
	 Darwin Kernel Version 20.3.0: Thu Jan 21 00:07:06 PST 2021; root:xnu-7195.81.3~1/RELEASE_X86_64
Kernel configured for up to 4 processors.
4 processors are physically available.
4 processors are logically available.
Processor type: i486 (Intel 80486)
Processors active: 0 1 2 3
Primary memory available: 16.00 gigabytes
Default processor set: 364 tasks, 1158 threads, 4 processors
Load average: 3.97, Mach factor: 1.03
/bin/machine           = unknown
/usr/bin/oslevel       = unknown
/bin/universe          = unknown

PATH: /usr/local/opt/qt@5/bin/
PATH: /usr/local/opt/m4/bin/
PATH: /Users/c4pt/Android/cmdline-tools/latest/bin/
PATH: /usr/local/opt/openjdk/bin/
PATH: /usr/local/opt/qt@5/bin/
PATH: /usr/local/opt/m4/bin/
PATH: /Users/c4pt/Android/cmdline-tools/latest/bin/
PATH: /usr/local/opt/openjdk/bin/
PATH: /usr/local/bin/
PATH: /usr/bin/
PATH: /bin/
PATH: /usr/sbin/
PATH: /sbin/
PATH: /Library/Apple/usr/bin/
PATH: /usr/local/opt/ncurses/bin/
PATH: /usr/local/bin/
PATH: /Users/c4pt/opt/depot_tools/
PATH: /usr/local/opt/ncurses/bin/
PATH: /usr/local/bin/
PATH: /Users/c4pt/opt/depot_tools/


## ----------- ##
## Core tests. ##
## ----------- ##

configure:3302: looking for aux files: compile ltmain.sh missing install-sh config.guess config.sub
configure:3315:  trying ./build-aux/
configure:3344:   ./build-aux/compile found
configure:3344:   ./build-aux/ltmain.sh found
configure:3344:   ./build-aux/missing found
configure:3326:   ./build-aux/install-sh found
configure:3344:   ./build-aux/config.guess found
configure:3344:   ./build-aux/config.sub found
configure:3473: checking build system type
configure:3488: result: x86_64-apple-darwin20.3.0
configure:3508: checking host system type
configure:3522: result: x86_64-apple-darwin20.3.0
configure:3566: checking for a BSD-compatible install
configure:3639: result: /usr/bin/install -c
configure:3650: checking whether build environment is sane
configure:3705: result: yes
configure:3864: checking for a race-free mkdir -p
configure:3908: result: ./build-aux/install-sh -c -d
configure:3915: checking for gawk
configure:3950: result: no
configure:3915: checking for mawk
configure:3950: result: no
configure:3915: checking for nawk
configure:3950: result: no
configure:3915: checking for awk
configure:3936: found /usr/bin/awk
configure:3947: result: awk
configure:3958: checking whether make sets $(MAKE)
configure:3981: result: yes
configure:4011: checking whether make supports nested variables
configure:4029: result: yes
configure:4148: checking whether to enable maintainer-specific portions of Makefiles
configure:4158: result: yes
configure:4184: checking whether make supports nested variables
configure:4202: result: yes
configure:4288: checking for g++
configure:4309: found /usr/bin/g++
configure:4320: result: g++
configure:4347: checking for C++ compiler version
configure:4356: g++ --version >&5
Apple clang version 12.0.5 (clang-1205.0.22.9)
Target: x86_64-apple-darwin20.3.0
Thread model: posix
InstalledDir: /Applications/Xcode.app/Contents/Developer/Toolchains/XcodeDefault.xctoolchain/usr/bin
Configured with: --prefix=/Applications/Xcode.app/Contents/Developer/usr --with-gxx-include-dir=/Applications/Xcode.app/Contents/Developer/Platforms/MacOSX.platform/Developer/SDKs/MacOSX.sdk/usr/include/c++/4.2.1
configure:4367: $? = 0
configure:4356: g++ -v >&5
Configured with: --prefix=/Applications/Xcode.app/Contents/Developer/usr --with-gxx-include-dir=/Applications/Xcode.app/Contents/Developer/Platforms/MacOSX.platform/Developer/SDKs/MacOSX.sdk/usr/include/c++/4.2.1
Apple clang version 12.0.5 (clang-1205.0.22.9)
Target: x86_64-apple-darwin20.3.0
Thread model: posix
InstalledDir: /Applications/Xcode.app/Contents/Developer/Toolchains/XcodeDefault.xctoolchain/usr/bin
configure:4367: $? = 0
configure:4356: g++ -V >&5
clang: error: argument to '-V' is missing (expected 1 value)
clang: error: no input files
configure:4367: $? = 1
configure:4356: g++ -qversion >&5
clang: error: unknown argument '-qversion'; did you mean '--version'?
clang: error: no input files
configure:4367: $? = 1
configure:4387: checking whether the C++ compiler works
configure:4409: g++  -I/usr/local/opt/openjdk/include -L/usr/local/opt/ncurses/lib conftest.cpp  >&5
configure:4413: $? = 0
configure:4463: result: yes
configure:4466: checking for C++ compiler default output file name
configure:4468: result: a.out
configure:4474: checking for suffix of executables
configure:4481: g++ -o conftest  -I/usr/local/opt/openjdk/include -L/usr/local/opt/ncurses/lib conftest.cpp  >&5
configure:4485: $? = 0
configure:4508: result: 
configure:4530: checking whether we are cross compiling
configure:4538: g++ -o conftest  -I/usr/local/opt/openjdk/include -L/usr/local/opt/ncurses/lib conftest.cpp  >&5
configure:4542: $? = 0
configure:4549: ./conftest
configure:4553: $? = 0
configure:4568: result: no
configure:4573: checking for suffix of object files
configure:4596: g++ -c  -I/usr/local/opt/openjdk/include conftest.cpp >&5
configure:4600: $? = 0
configure:4622: result: o
configure:4626: checking whether the compiler supports GNU C++
configure:4646: g++ -c  -I/usr/local/opt/openjdk/include conftest.cpp >&5
configure:4646: $? = 0
configure:4656: result: yes
configure:4667: checking whether g++ accepts -g
configure:4688: g++ -c -g -I/usr/local/opt/openjdk/include conftest.cpp >&5
configure:4688: $? = 0
configure:4732: result: yes
configure:4752: checking for g++ option to enable C++11 features
configure:4767: g++  -c -g -O2 -I/usr/local/opt/openjdk/include conftest.cpp >&5
conftest.cpp:55:3: error: "Compiler does not advertise C++11 conformance"
# error "Compiler does not advertise C++11 conformance"
  ^
conftest.cpp:60:3: error: unknown type name 'constexpr'
  constexpr int get_val() { return 20; }
  ^
conftest.cpp:72:17: error: delegating constructors are permitted only in C++11
    delegate(): delegate(2354) {}
                ^~~~~~~~
conftest.cpp:83:26: warning: 'override' keyword is a C++11 extension [-Wc++11-extensions]
    virtual int getval() override final { return this->n * 2; }
                         ^
conftest.cpp:83:35: warning: 'final' keyword is a C++11 extension [-Wc++11-extensions]
    virtual int getval() override final { return this->n * 2; }
                                  ^
conftest.cpp:90:16: warning: defaulted function definitions are a C++11 extension [-Wc++11-extensions]
    nocopy() = default;
               ^
conftest.cpp:91:29: warning: deleted function definitions are a C++11 extension [-Wc++11-extensions]
    nocopy(const nocopy&) = delete;
                            ^
conftest.cpp:92:41: warning: deleted function definitions are a C++11 extension [-Wc++11-extensions]
    nocopy & operator=(const nocopy&) = delete;
                                        ^
conftest.cpp:104:25: warning: 'auto' type specifier is a C++11 extension [-Wc++11-extensions]
  template <typename V> auto sum(V first) -> V
                        ^
conftest.cpp:104:25: error: 'auto' not allowed in function return type
  template <typename V> auto sum(V first) -> V
                        ^~~~
conftest.cpp:104:42: error: expected ';' at end of declaration
  template <typename V> auto sum(V first) -> V
                                         ^
                                         ;
conftest.cpp:104:43: error: cannot use arrow operator on a type
  template <typename V> auto sum(V first) -> V
                                          ^
conftest.cpp:108:33: warning: variadic templates are a C++11 extension [-Wc++11-extensions]
  template <typename V, typename... Args> auto sum(V first, Args... rest) -> V
                                ^
conftest.cpp:108:43: warning: 'auto' type specifier is a C++11 extension [-Wc++11-extensions]
  template <typename V, typename... Args> auto sum(V first, Args... rest) -> V
                                          ^
conftest.cpp:108:43: error: 'auto' not allowed in function return type
  template <typename V, typename... Args> auto sum(V first, Args... rest) -> V
                                          ^~~~
conftest.cpp:108:74: error: expected ';' at end of declaration
  template <typename V, typename... Args> auto sum(V first, Args... rest) -> V
                                                                         ^
                                                                         ;
conftest.cpp:108:75: error: cannot use arrow operator on a type
  template <typename V, typename... Args> auto sum(V first, Args... rest) -> V
                                                                          ^
conftest.cpp:132:3: warning: 'auto' type specifier is a C++11 extension [-Wc++11-extensions]
  auto a1 = 6538;
  ^
conftest.cpp:133:3: warning: 'auto' type specifier is a C++11 extension [-Wc++11-extensions]
  auto a2 = 48573953.4;
  ^
conftest.cpp:134:3: warning: 'auto' type specifier is a C++11 extension [-Wc++11-extensions]
  auto a3 = "String literal";
  ^
conftest.cpp:137:8: warning: 'auto' type specifier is a C++11 extension [-Wc++11-extensions]
  for (auto i = a3; *i; ++i) { total += *i; }
       ^
conftest.cpp:153:8: warning: 'auto' type specifier is a C++11 extension [-Wc++11-extensions]
  for (auto &x : array) { x += 23; }
       ^
conftest.cpp:153:16: warning: range-based for loop is a C++11 extension [-Wc++11-extensions]
  for (auto &x : array) { x += 23; }
               ^
conftest.cpp:158:17: error: expected expression
  assert (eval ([](int x) { return x*2; }, 21) == 42);
                ^
conftest.cpp:160:17: error: expected expression
  assert (eval ([&](double x) { return d += x; }, 3.0) == 5.0);
                ^
conftest.cpp:162:17: error: expected expression
  assert (eval ([=](double x) mutable { return d += x; }, 4.0) == 9.0);
                ^
conftest.cpp:168:3: warning: 'auto' type specifier is a C++11 extension [-Wc++11-extensions]
  auto a = sum(1);
  ^
conftest.cpp:168:12: error: no matching function for call to 'sum'
  auto a = sum(1);
           ^~~
conftest.cpp:169:3: warning: 'auto' type specifier is a C++11 extension [-Wc++11-extensions]
  auto b = sum(1, 2);
  ^
conftest.cpp:169:12: error: no matching function for call to 'sum'
  auto b = sum(1, 2);
           ^~~
conftest.cpp:170:3: warning: 'auto' type specifier is a C++11 extension [-Wc++11-extensions]
  auto c = sum(1.0, 2.0, 3.0);
  ^
conftest.cpp:170:12: error: no matching function for call to 'sum'
  auto c = sum(1.0, 2.0, 3.0);
           ^~~
conftest.cpp:175:25: warning: empty parentheses interpreted as a function declaration [-Wvexing-parse]
  cxx11test::delegate d2();
                        ^~
conftest.cpp:175:25: note: remove parentheses to declare a variable
  cxx11test::delegate d2();
                        ^~
conftest.cpp:188:16: error: found '<::' after a template name which forms the digraph '<:' (aka '[') and a ':', did you mean '< ::'?
  test_template<::test_template<int>> v(test_template<int>(12));
               ^~~
               < ::
conftest.cpp:188:36: error: a space is required between consecutive right angle brackets (use '> >')
  test_template<::test_template<int>> v(test_template<int>(12));
                                   ^~
                                   > >
conftest.cpp:192:22: error: use of undeclared identifier 'u8'
  char const *utf8 = u8"UTF-8 string \u2500";
                     ^
conftest.cpp:192:24: error: expected ';' at end of declaration
  char const *utf8 = u8"UTF-8 string \u2500";
                       ^
                       ;
fatal error: too many errors emitted, stopping now [-ferror-limit=]
18 warnings and 20 errors generated.
configure:4767: $? = 1
configure: failed program was:
| /* confdefs.h */
| #define PACKAGE_NAME "RadioCoin Core"
| #define PACKAGE_TARNAME "radiocoin"
| #define PACKAGE_VERSION "1.14.3"
| #define PACKAGE_STRING "RadioCoin Core 1.14.3"
| #define PACKAGE_BUGREPORT "https://github.com/radiocoin/radiocoin/issues"
| #define PACKAGE_URL "https://radiocoin.com/"
| /* end confdefs.h.  */
| 
| // Does the compiler advertise C++98 conformance?
| #if !defined __cplusplus || __cplusplus < 199711L
| # error "Compiler does not advertise C++98 conformance"
| #endif
| 
| // These inclusions are to reject old compilers that
| // lack the unsuffixed header files.
| #include <cstdlib>
| #include <exception>
| 
| // <cassert> and <cstring> are *not* freestanding headers in C++98.
| extern void assert (int);
| namespace std {
|   extern int strcmp (const char *, const char *);
| }
| 
| // Namespaces, exceptions, and templates were all added after "C++ 2.0".
| using std::exception;
| using std::strcmp;
| 
| namespace {
| 
| void test_exception_syntax()
| {
|   try {
|     throw "test";
|   } catch (const char *s) {
|     // Extra parentheses suppress a warning when building autoconf itself,
|     // due to lint rules shared with more typical C programs.
|     assert (!(strcmp) (s, "test"));
|   }
| }
| 
| template <typename T> struct test_template
| {
|   T const val;
|   explicit test_template(T t) : val(t) {}
|   template <typename U> T add(U u) { return static_cast<T>(u) + val; }
| };
| 
| } // anonymous namespace
| 
| 
| // Does the compiler advertise C++ 2011 conformance?
| #if !defined __cplusplus || __cplusplus < 201103L
| # error "Compiler does not advertise C++11 conformance"
| #endif
| 
| namespace cxx11test
| {
|   constexpr int get_val() { return 20; }
| 
|   struct testinit
|   {
|     int i;
|     double d;
|   };
| 
|   class delegate
|   {
|   public:
|     delegate(int n) : n(n) {}
|     delegate(): delegate(2354) {}
| 
|     virtual int getval() { return this->n; };
|   protected:
|     int n;
|   };
| 
|   class overridden : public delegate
|   {
|   public:
|     overridden(int n): delegate(n) {}
|     virtual int getval() override final { return this->n * 2; }
|   };
| 
|   class nocopy
|   {
|   public:
|     nocopy(int i): i(i) {}
|     nocopy() = default;
|     nocopy(const nocopy&) = delete;
|     nocopy & operator=(const nocopy&) = delete;
|   private:
|     int i;
|   };
| 
|   // for testing lambda expressions
|   template <typename Ret, typename Fn> Ret eval(Fn f, Ret v)
|   {
|     return f(v);
|   }
| 
|   // for testing variadic templates and trailing return types
|   template <typename V> auto sum(V first) -> V
|   {
|     return first;
|   }
|   template <typename V, typename... Args> auto sum(V first, Args... rest) -> V
|   {
|     return first + sum(rest...);
|   }
| }
| 
| 
| int
| main (int argc, char **argv)
| {
|   int ok = 0;
|   
|   assert (argc);
|   assert (! argv[0]);
| {
|   test_exception_syntax ();
|   test_template<double> tt (2.0);
|   assert (tt.add (4) == 6.0);
|   assert (true && !false);
| }
| 
|   
| {
|   // Test auto and decltype
|   auto a1 = 6538;
|   auto a2 = 48573953.4;
|   auto a3 = "String literal";
| 
|   int total = 0;
|   for (auto i = a3; *i; ++i) { total += *i; }
| 
|   decltype(a2) a4 = 34895.034;
| }
| {
|   // Test constexpr
|   short sa[cxx11test::get_val()] = { 0 };
| }
| {
|   // Test initializer lists
|   cxx11test::testinit il = { 4323, 435234.23544 };
| }
| {
|   // Test range-based for
|   int array[] = {9, 7, 13, 15, 4, 18, 12, 10, 5, 3,
|                  14, 19, 17, 8, 6, 20, 16, 2, 11, 1};
|   for (auto &x : array) { x += 23; }
| }
| {
|   // Test lambda expressions
|   using cxx11test::eval;
|   assert (eval ([](int x) { return x*2; }, 21) == 42);
|   double d = 2.0;
|   assert (eval ([&](double x) { return d += x; }, 3.0) == 5.0);
|   assert (d == 5.0);
|   assert (eval ([=](double x) mutable { return d += x; }, 4.0) == 9.0);
|   assert (d == 5.0);
| }
| {
|   // Test use of variadic templates
|   using cxx11test::sum;
|   auto a = sum(1);
|   auto b = sum(1, 2);
|   auto c = sum(1.0, 2.0, 3.0);
| }
| {
|   // Test constructor delegation
|   cxx11test::delegate d1;
|   cxx11test::delegate d2();
|   cxx11test::delegate d3(45);
| }
| {
|   // Test override and final
|   cxx11test::overridden o1(55464);
| }
| {
|   // Test nullptr
|   char *c = nullptr;
| }
| {
|   // Test template brackets
|   test_template<::test_template<int>> v(test_template<int>(12));
| }
| {
|   // Unicode literals
|   char const *utf8 = u8"UTF-8 string \u2500";
|   char16_t const *utf16 = u"UTF-8 string \u2500";
|   char32_t const *utf32 = U"UTF-32 string \u2500";
| }
| 
|   return ok;
| }
| 
configure:4785: result: none needed
configure:4852: checking whether make supports the include directive
configure:4867: make -f confmf.GNU && cat confinc.out
this is the am__doit target
configure:4870: $? = 0
configure:4889: result: yes (GNU style)
configure:4915: checking dependency style of g++
configure:5027: result: gcc3
configure:5065: checking whether g++ supports C++11 features with -std=c++11
configure:5362: g++ -std=c++11 -c -g -O2 -I/usr/local/opt/openjdk/include conftest.cpp >&5
configure:5362: $? = 0
configure:5372: result: yes
configure:5416: checking whether std::atomic can be used without link library
configure:5434: g++ -std=c++11 -o conftest -g -O2 -I/usr/local/opt/openjdk/include -L/usr/local/opt/ncurses/lib conftest.cpp  >&5
configure:5434: $? = 0
configure:5437: result: yes
configure:5613: checking for Objective C++ compiler version
configure:5622: g++ -std=c++11 --version >&5
Apple clang version 12.0.5 (clang-1205.0.22.9)
Target: x86_64-apple-darwin20.3.0
Thread model: posix
InstalledDir: /Applications/Xcode.app/Contents/Developer/Toolchains/XcodeDefault.xctoolchain/usr/bin
configure:5633: $? = 0
configure:5622: g++ -std=c++11 -v >&5
Apple clang version 12.0.5 (clang-1205.0.22.9)
Target: x86_64-apple-darwin20.3.0
Thread model: posix
InstalledDir: /Applications/Xcode.app/Contents/Developer/Toolchains/XcodeDefault.xctoolchain/usr/bin
clang: warning: argument unused during compilation: '-std=c++11' [-Wunused-command-line-argument]
configure:5633: $? = 0
configure:5622: g++ -std=c++11 -V >&5
clang: error: argument to '-V' is missing (expected 1 value)
clang: error: no input files
configure:5633: $? = 1
configure:5622: g++ -std=c++11 -qversion >&5
clang: error: unknown argument '-qversion'; did you mean '--version'?
clang: error: no input files
configure:5633: $? = 1
configure:5637: checking whether the compiler supports GNU Objective C++
configure:5657: g++ -std=c++11 -c  -I/usr/local/opt/openjdk/include conftest.mm >&5
configure:5657: $? = 0
configure:5667: result: yes
configure:5678: checking whether g++ -std=c++11 accepts -g
configure:5699: g++ -std=c++11 -c -g -I/usr/local/opt/openjdk/include conftest.mm >&5
configure:5699: $? = 0
configure:5743: result: yes
configure:5768: checking dependency style of g++ -std=c++11
configure:5878: result: gcc3
configure:5942: checking how to print strings
configure:5969: result: printf
configure:6052: checking for gcc
configure:6073: found /usr/bin/gcc
configure:6084: result: gcc
configure:6437: checking for C compiler version
configure:6446: gcc --version >&5
Apple clang version 12.0.5 (clang-1205.0.22.9)
Target: x86_64-apple-darwin20.3.0
Thread model: posix
InstalledDir: /Applications/Xcode.app/Contents/Developer/Toolchains/XcodeDefault.xctoolchain/usr/bin
Configured with: --prefix=/Applications/Xcode.app/Contents/Developer/usr --with-gxx-include-dir=/Applications/Xcode.app/Contents/Developer/Platforms/MacOSX.platform/Developer/SDKs/MacOSX.sdk/usr/include/c++/4.2.1
configure:6457: $? = 0
configure:6446: gcc -v >&5
Configured with: --prefix=/Applications/Xcode.app/Contents/Developer/usr --with-gxx-include-dir=/Applications/Xcode.app/Contents/Developer/Platforms/MacOSX.platform/Developer/SDKs/MacOSX.sdk/usr/include/c++/4.2.1
Apple clang version 12.0.5 (clang-1205.0.22.9)
Target: x86_64-apple-darwin20.3.0
Thread model: posix
InstalledDir: /Applications/Xcode.app/Contents/Developer/Toolchains/XcodeDefault.xctoolchain/usr/bin
configure:6457: $? = 0
configure:6446: gcc -V >&5
clang: error: argument to '-V' is missing (expected 1 value)
clang: error: no input files
configure:6457: $? = 1
configure:6446: gcc -qversion >&5
clang: error: unknown argument '-qversion'; did you mean '--version'?
clang: error: no input files
configure:6457: $? = 1
configure:6446: gcc -version >&5
clang: error: unknown argument '-version'; did you mean '--version'?
clang: error: no input files
configure:6457: $? = 1
configure:6461: checking whether the compiler supports GNU C
configure:6481: gcc -c  -I/usr/local/opt/openjdk/include conftest.c >&5
configure:6481: $? = 0
configure:6491: result: yes
configure:6502: checking whether gcc accepts -g
configure:6523: gcc -c -g -I/usr/local/opt/openjdk/include conftest.c >&5
configure:6523: $? = 0
configure:6567: result: yes
configure:6587: checking for gcc option to enable C11 features
configure:6602: gcc  -c -g -O2 -I/usr/local/opt/openjdk/include conftest.c >&5
configure:6602: $? = 0
configure:6620: result: none needed
configure:6736: checking whether gcc understands -c and -o together
configure:6759: gcc -c conftest.c -o conftest2.o
configure:6762: $? = 0
configure:6759: gcc -c conftest.c -o conftest2.o
configure:6762: $? = 0
configure:6774: result: yes
configure:6793: checking dependency style of gcc
configure:6905: result: gcc3
configure:6920: checking for a sed that does not truncate output
configure:6990: result: /usr/bin/sed
configure:7008: checking for grep that handles long lines and -e
configure:7072: result: /usr/bin/grep
configure:7077: checking for egrep
configure:7145: result: /usr/bin/grep -E
configure:7150: checking for fgrep
configure:7218: result: /usr/bin/grep -F
configure:7254: checking for ld used by gcc
configure:7322: result: /Applications/Xcode.app/Contents/Developer/Toolchains/XcodeDefault.xctoolchain/usr/bin/ld
configure:7329: checking if the linker (/Applications/Xcode.app/Contents/Developer/Toolchains/XcodeDefault.xctoolchain/usr/bin/ld) is GNU ld
configure:7345: result: no
configure:7357: checking for BSD- or MS-compatible name lister (nm)
configure:7412: result: /usr/bin/nm -B
configure:7552: checking the name lister (/usr/bin/nm -B) interface
configure:7560: gcc -c -g -O2 -I/usr/local/opt/openjdk/include conftest.c >&5
configure:7563: /usr/bin/nm -B "conftest.o"
configure:7566: output
0000000000000260 S _some_variable
configure:7573: result: BSD nm
configure:7576: checking whether ln -s works
configure:7580: result: yes
configure:7588: checking the maximum length of command line arguments
configure:7720: result: 786432
configure:7768: checking how to convert x86_64-apple-darwin20.3.0 file names to x86_64-apple-darwin20.3.0 format
configure:7809: result: func_convert_file_noop
configure:7816: checking how to convert x86_64-apple-darwin20.3.0 file names to toolchain format
configure:7837: result: func_convert_file_noop
configure:7844: checking for /Applications/Xcode.app/Contents/Developer/Toolchains/XcodeDefault.xctoolchain/usr/bin/ld option to reload object files
configure:7852: result: -r
configure:7931: checking for objdump
configure:7952: found /usr/bin/objdump
configure:7963: result: objdump
configure:7995: checking how to recognize dependent libraries
configure:8196: result: pass_all
configure:8286: checking for dlltool
configure:8321: result: no
configure:8351: checking how to associate runtime and link libraries
configure:8379: result: printf %s\n
configure:8445: checking for ar
configure:8466: found /usr/bin/ar
configure:8477: result: ar
configure:8514: checking for archiver @FILE support
configure:8532: gcc -c -g -O2 -I/usr/local/opt/openjdk/include conftest.c >&5
configure:8532: $? = 0
configure:8536: ar cru libconftest.a @conftest.lst >&5
ar: @conftest.lst: No such file or directory
configure:8539: $? = 1
configure:8559: result: no
configure:8622: checking for strip
configure:8643: found /usr/bin/strip
configure:8654: result: strip
configure:8731: checking for ranlib
configure:8752: found /usr/bin/ranlib
configure:8763: result: ranlib
configure:8865: checking command to parse /usr/bin/nm -B output from gcc object
configure:9019: gcc -c -g -O2 -I/usr/local/opt/openjdk/include conftest.c >&5
configure:9022: $? = 0
configure:9026: /usr/bin/nm -B conftest.o \| sed -n -e 's/^.*[ ]\([BCDEGRST][BCDEGRST]*\)[ ][ ]*\([_A-Za-z][_A-Za-z0-9]*\)$/\1 \2 \2/p' | sed '/ __gnu_lto/d' \> conftest.nm
configure:9029: $? = 0
cannot find nm_test_var in conftest.nm
configure:9019: gcc -c -g -O2 -I/usr/local/opt/openjdk/include conftest.c >&5
configure:9022: $? = 0
configure:9026: /usr/bin/nm -B conftest.o \| sed -n -e 's/^.*[ ]\([BCDEGRST][BCDEGRST]*\)[ ][ ]*_\([_A-Za-z][_A-Za-z0-9]*\)$/\1 _\2 \2/p' | sed '/ __gnu_lto/d' \> conftest.nm
configure:9029: $? = 0
configure:9095: gcc -o conftest -g -O2 -I/usr/local/opt/openjdk/include -L/usr/local/opt/ncurses/lib conftest.c conftstm.o >&5
warning: (x86_64)  could not find object file symbol for symbol _main
configure:9098: $? = 0
configure:9136: result: ok
configure:9183: checking for sysroot
configure:9214: result: no
configure:9221: checking for a working dd
configure:9265: result: /bin/dd
configure:9269: checking how to truncate binary pipes
configure:9285: result: /bin/dd bs=4096 count=1
configure:9622: checking for mt
configure:9657: result: no
configure:9677: checking if : is a manifest tool
configure:9684: : '-?'
configure:9692: result: no
configure:9753: checking for dsymutil
configure:9774: found /usr/bin/dsymutil
configure:9785: result: dsymutil
configure:9855: checking for nmedit
configure:9876: found /usr/bin/nmedit
configure:9887: result: nmedit
configure:9957: checking for lipo
configure:9978: found /usr/bin/lipo
configure:9989: result: lipo
configure:10059: checking for otool
configure:10080: found /usr/bin/otool
configure:10091: result: otool
configure:10161: checking for otool64
configure:10196: result: no
configure:10241: checking for -single_module linker flag
gcc -g -O2 -L/usr/local/opt/ncurses/lib -o libconftest.dylib -dynamiclib -Wl,-single_module conftest.c
configure:10275: result: yes
configure:10278: checking for -exported_symbols_list linker flag
configure:10299: gcc -o conftest -g -O2 -I/usr/local/opt/openjdk/include -L/usr/local/opt/ncurses/lib -Wl,-exported_symbols_list,conftest.sym conftest.c  >&5
configure:10299: $? = 0
configure:10310: result: yes
configure:10313: checking for -force_load linker flag
gcc -g -O2 -c -o conftest.o conftest.c
ar cru libconftest.a conftest.o
ranlib libconftest.a
gcc -g -O2 -L/usr/local/opt/ncurses/lib -o conftest conftest.c -Wl,-force_load,./libconftest.a
configure:10346: result: yes
configure:10417: checking for stdio.h
configure:10417: gcc -c -g -O2 -I/usr/local/opt/openjdk/include conftest.c >&5
configure:10417: $? = 0
configure:10417: result: yes
configure:10417: checking for stdlib.h
configure:10417: gcc -c -g -O2 -I/usr/local/opt/openjdk/include conftest.c >&5
configure:10417: $? = 0
configure:10417: result: yes
configure:10417: checking for string.h
configure:10417: gcc -c -g -O2 -I/usr/local/opt/openjdk/include conftest.c >&5
configure:10417: $? = 0
configure:10417: result: yes
configure:10417: checking for inttypes.h
configure:10417: gcc -c -g -O2 -I/usr/local/opt/openjdk/include conftest.c >&5
configure:10417: $? = 0
configure:10417: result: yes
configure:10417: checking for stdint.h
configure:10417: gcc -c -g -O2 -I/usr/local/opt/openjdk/include conftest.c >&5
configure:10417: $? = 0
configure:10417: result: yes
configure:10417: checking for strings.h
configure:10417: gcc -c -g -O2 -I/usr/local/opt/openjdk/include conftest.c >&5
configure:10417: $? = 0
configure:10417: result: yes
configure:10417: checking for sys/stat.h
configure:10417: gcc -c -g -O2 -I/usr/local/opt/openjdk/include conftest.c >&5
configure:10417: $? = 0
configure:10417: result: yes
configure:10417: checking for sys/types.h
configure:10417: gcc -c -g -O2 -I/usr/local/opt/openjdk/include conftest.c >&5
configure:10417: $? = 0
configure:10417: result: yes
configure:10417: checking for unistd.h
configure:10417: gcc -c -g -O2 -I/usr/local/opt/openjdk/include conftest.c >&5
configure:10417: $? = 0
configure:10417: result: yes
configure:10442: checking for dlfcn.h
configure:10442: gcc -c -g -O2 -I/usr/local/opt/openjdk/include conftest.c >&5
configure:10442: $? = 0
configure:10442: result: yes
configure:10710: checking for objdir
configure:10726: result: .libs
configure:10990: checking if gcc supports -fno-rtti -fno-exceptions
configure:11009: gcc -c -g -O2 -I/usr/local/opt/openjdk/include -fno-rtti -fno-exceptions conftest.c >&5
configure:11013: $? = 0
configure:11026: result: yes
configure:11384: checking for gcc option to produce PIC
configure:11392: result: -fno-common -DPIC
configure:11400: checking if gcc PIC flag -fno-common -DPIC works
configure:11419: gcc -c -g -O2 -I/usr/local/opt/openjdk/include -fno-common -DPIC -DPIC conftest.c >&5
configure:11423: $? = 0
configure:11436: result: yes
configure:11465: checking if gcc static flag -static works
configure:11494: result: no
configure:11509: checking if gcc supports -c -o file.o
configure:11531: gcc -c -g -O2 -I/usr/local/opt/openjdk/include -o out/conftest2.o conftest.c >&5
configure:11535: $? = 0
configure:11557: result: yes
configure:11565: checking if gcc supports -c -o file.o
configure:11613: result: yes
configure:11646: checking whether the gcc linker (/Applications/Xcode.app/Contents/Developer/Toolchains/XcodeDefault.xctoolchain/usr/bin/ld) supports shared libraries
configure:12912: result: yes
configure:13153: checking dynamic linker characteristics
configure:13974: result: darwin20.3.0 dyld
configure:14096: checking how to hardcode library paths into programs
configure:14121: result: immediate
configure:14673: checking whether stripping libraries is possible
configure:14687: result: yes
configure:14713: checking if libtool supports shared libraries
configure:14715: result: yes
configure:14718: checking whether to build shared libraries
configure:14743: result: yes
configure:14746: checking whether to build static libraries
configure:14750: result: yes
configure:14773: checking how to run the C++ preprocessor
configure:14795: g++ -std=c++11 -E -I/usr/local/opt/openjdk/include conftest.cpp
configure:14795: $? = 0
configure:14810: g++ -std=c++11 -E -I/usr/local/opt/openjdk/include conftest.cpp
conftest.cpp:22:10: fatal error: 'ac_nonexistent.h' file not found
#include <ac_nonexistent.h>
         ^~~~~~~~~~~~~~~~~~
1 error generated.
configure:14810: $? = 1
configure: failed program was:
| /* confdefs.h */
| #define PACKAGE_NAME "RadioCoin Core"
| #define PACKAGE_TARNAME "radiocoin"
| #define PACKAGE_VERSION "1.14.3"
| #define PACKAGE_STRING "RadioCoin Core 1.14.3"
| #define PACKAGE_BUGREPORT "https://github.com/radiocoin/radiocoin/issues"
| #define PACKAGE_URL "https://radiocoin.com/"
| #define HAVE_CXX11 1
| #define HAVE_STDIO_H 1
| #define HAVE_STDLIB_H 1
| #define HAVE_STRING_H 1
| #define HAVE_INTTYPES_H 1
| #define HAVE_STDINT_H 1
| #define HAVE_STRINGS_H 1
| #define HAVE_SYS_STAT_H 1
| #define HAVE_SYS_TYPES_H 1
| #define HAVE_UNISTD_H 1
| #define STDC_HEADERS 1
| #define HAVE_DLFCN_H 1
| #define LT_OBJDIR ".libs/"
| /* end confdefs.h.  */
| #include <ac_nonexistent.h>
configure:14837: result: g++ -std=c++11 -E
configure:14851: g++ -std=c++11 -E -I/usr/local/opt/openjdk/include conftest.cpp
configure:14851: $? = 0
configure:14866: g++ -std=c++11 -E -I/usr/local/opt/openjdk/include conftest.cpp
conftest.cpp:22:10: fatal error: 'ac_nonexistent.h' file not found
#include <ac_nonexistent.h>
         ^~~~~~~~~~~~~~~~~~
1 error generated.
configure:14866: $? = 1
configure: failed program was:
| /* confdefs.h */
| #define PACKAGE_NAME "RadioCoin Core"
| #define PACKAGE_TARNAME "radiocoin"
| #define PACKAGE_VERSION "1.14.3"
| #define PACKAGE_STRING "RadioCoin Core 1.14.3"
| #define PACKAGE_BUGREPORT "https://github.com/radiocoin/radiocoin/issues"
| #define PACKAGE_URL "https://radiocoin.com/"
| #define HAVE_CXX11 1
| #define HAVE_STDIO_H 1
| #define HAVE_STDLIB_H 1
| #define HAVE_STRING_H 1
| #define HAVE_INTTYPES_H 1
| #define HAVE_STDINT_H 1
| #define HAVE_STRINGS_H 1
| #define HAVE_SYS_STAT_H 1
| #define HAVE_SYS_TYPES_H 1
| #define HAVE_UNISTD_H 1
| #define STDC_HEADERS 1
| #define HAVE_DLFCN_H 1
| #define LT_OBJDIR ".libs/"
| /* end confdefs.h.  */
| #include <ac_nonexistent.h>
configure:15031: checking for ld used by g++ -std=c++11
configure:15099: result: /Applications/Xcode.app/Contents/Developer/Toolchains/XcodeDefault.xctoolchain/usr/bin/ld
configure:15106: checking if the linker (/Applications/Xcode.app/Contents/Developer/Toolchains/XcodeDefault.xctoolchain/usr/bin/ld) is GNU ld
configure:15122: result: no
configure:15177: checking whether the g++ -std=c++11 linker (/Applications/Xcode.app/Contents/Developer/Toolchains/XcodeDefault.xctoolchain/usr/bin/ld) supports shared libraries
configure:16254: result: yes
configure:16290: g++ -std=c++11 -c -g -O2 -I/usr/local/opt/openjdk/include conftest.cpp >&5
configure:16293: $? = 0
configure:16774: checking for g++ -std=c++11 option to produce PIC
configure:16782: result: -fno-common -DPIC
configure:16790: checking if g++ -std=c++11 PIC flag -fno-common -DPIC works
configure:16809: g++ -std=c++11 -c -g -O2 -I/usr/local/opt/openjdk/include -fno-common -DPIC -DPIC conftest.cpp >&5
configure:16813: $? = 0
configure:16826: result: yes
configure:16849: checking if g++ -std=c++11 static flag -static works
configure:16878: result: no
configure:16890: checking if g++ -std=c++11 supports -c -o file.o
configure:16912: g++ -std=c++11 -c -g -O2 -I/usr/local/opt/openjdk/include -o out/conftest2.o conftest.cpp >&5
configure:16916: $? = 0
configure:16938: result: yes
configure:16943: checking if g++ -std=c++11 supports -c -o file.o
configure:16991: result: yes
configure:17021: checking whether the g++ -std=c++11 linker (/Applications/Xcode.app/Contents/Developer/Toolchains/XcodeDefault.xctoolchain/usr/bin/ld) supports shared libraries
configure:17061: result: yes
configure:17203: checking dynamic linker characteristics
configure:17951: result: darwin20.3.0 dyld
configure:18016: checking how to hardcode library paths into programs
configure:18041: result: immediate
configure:18154: checking for ar
configure:18177: found /usr/bin/ar
configure:18189: result: /usr/bin/ar
configure:18262: checking for ranlib
configure:18285: found /usr/bin/ranlib
configure:18297: result: /usr/bin/ranlib
configure:18370: checking for strip
configure:18393: found /usr/bin/strip
configure:18405: result: /usr/bin/strip
configure:18478: checking for gcov
configure:18501: found /usr/bin/gcov
configure:18513: result: /usr/bin/gcov
configure:18537: checking for lcov
configure:18575: result: no
configure:18584: checking for python3.6
configure:18622: result: no
configure:18584: checking for python3.5
configure:18622: result: no
configure:18584: checking for python3.4
configure:18622: result: no
configure:18584: checking for python3
configure:18607: found /usr/local/bin/python3
configure:18619: result: /usr/local/bin/python3
configure:18632: checking for genhtml
configure:18670: result: no
configure:18677: checking for git
configure:18700: found /usr/local/bin/git
configure:18712: result: /usr/local/bin/git
configure:18722: checking for ccache
configure:18760: result: no
configure:18767: checking for xgettext
configure:18790: found /usr/local/bin/xgettext
configure:18802: result: /usr/local/bin/xgettext
configure:18812: checking for hexdump
configure:18835: found /usr/bin/hexdump
configure:18847: result: /usr/bin/hexdump
configure:18906: checking for readelf
configure:18944: result: no
configure:19014: checking for c++filt
configure:19037: found /usr/bin/c++filt
configure:19049: result: /usr/bin/c++filt
configure:19122: checking for objcopy
configure:19160: result: no
configure:19372: checking whether C++ compiler accepts -Werror
configure:19392: g++ -std=c++11 -c -g -O2  -Werror -I/usr/local/opt/openjdk/include conftest.cpp >&5
configure:19392: $? = 0
configure:19401: result: yes
configure:19471: checking whether C++ compiler accepts -Wall
configure:19491: g++ -std=c++11 -c -g -O2 -Werror -Wall -I/usr/local/opt/openjdk/include conftest.cpp >&5
configure:19491: $? = 0
configure:19501: result: yes
configure:19511: checking whether C++ compiler accepts -Wextra
configure:19531: g++ -std=c++11 -c -g -O2 -Wall -Werror -Wextra -I/usr/local/opt/openjdk/include conftest.cpp >&5
configure:19531: $? = 0
configure:19541: result: yes
configure:19551: checking whether C++ compiler accepts -Wformat
configure:19571: g++ -std=c++11 -c -g -O2 -Wall -Wextra -Werror -Wformat -I/usr/local/opt/openjdk/include conftest.cpp >&5
configure:19571: $? = 0
configure:19581: result: yes
configure:19591: checking whether C++ compiler accepts -Wvla
configure:19611: g++ -std=c++11 -c -g -O2 -Wall -Wextra -Wformat -Werror -Wvla -I/usr/local/opt/openjdk/include conftest.cpp >&5
configure:19611: $? = 0
configure:19621: result: yes
configure:19631: checking whether C++ compiler accepts -Wformat-security
configure:19651: g++ -std=c++11 -c -g -O2 -Wall -Wextra -Wformat -Wvla -Werror -Wformat-security -I/usr/local/opt/openjdk/include conftest.cpp >&5
configure:19651: $? = 0
configure:19661: result: yes
configure:19675: checking whether C++ compiler accepts -Wunused-parameter
configure:19695: g++ -std=c++11 -c -g -O2 -Wall -Wextra -Wformat -Wvla -Wformat-security -Werror -Wunused-parameter -I/usr/local/opt/openjdk/include conftest.cpp >&5
configure:19695: $? = 0
configure:19705: result: yes
configure:19715: checking whether C++ compiler accepts -Wself-assign
configure:19735: g++ -std=c++11 -c -g -O2 -Wall -Wextra -Wformat -Wvla -Wformat-security -Wno-unused-parameter -Werror -Wself-assign -I/usr/local/opt/openjdk/include conftest.cpp >&5
configure:19735: $? = 0
configure:19745: result: yes
configure:19755: checking whether C++ compiler accepts -Wunused-local-typedef
configure:19775: g++ -std=c++11 -c -g -O2 -Wall -Wextra -Wformat -Wvla -Wformat-security -Wno-unused-parameter -Wno-self-assign -Werror -Wunused-local-typedef -I/usr/local/opt/openjdk/include conftest.cpp >&5
configure:19775: $? = 0
configure:19785: result: yes
configure:19795: checking whether C++ compiler accepts -Wdeprecated-register
configure:19815: g++ -std=c++11 -c -g -O2 -Wall -Wextra -Wformat -Wvla -Wformat-security -Wno-unused-parameter -Wno-self-assign -Wno-unused-local-typedef -Werror -Wdeprecated-register -I/usr/local/opt/openjdk/include conftest.cpp >&5
configure:19815: $? = 0
configure:19825: result: yes
configure:20940: checking for port
configure:20975: result: no
configure:20993: checking for rsvg-convert
configure:21016: found /usr/local/bin/rsvg-convert
configure:21028: result: /usr/local/bin/rsvg-convert
configure:21042: checking for brew
configure:21063: found /usr/local/bin/brew
configure:21074: result: brew
configure:21532: checking whether the linker accepts -Wl,-headerpad_max_install_names
configure:21552: g++ -std=c++11 -o conftest -g -O2 -Wall -Wextra -Wformat -Wvla -Wformat-security -Wno-unused-parameter -Wno-self-assign -Wno-unused-local-typedef -Wno-deprecated-register -I/usr/local/opt/openjdk/include -DHAVE_BUILD_INFO -D__STDC_FORMAT_MACROS -I/usr/local/opt/berkeley-db/include -L/usr/local/opt/ncurses/lib  -Wl,-headerpad_max_install_names conftest.cpp  -L/usr/local/opt/berkeley-db/lib >&5
configure:21552: $? = 0
configure:21562: result: yes
configure:21654: checking for pkg-config
configure:21677: found /usr/local/bin/pkg-config
configure:21689: result: /usr/local/bin/pkg-config
configure:21714: checking pkg-config is at least version 0.9.0
configure:21717: result: yes
configure:21829: checking whether byte ordering is bigendian
configure:21845: g++ -std=c++11 -c -g -O2 -Wall -Wextra -Wformat -Wvla -Wformat-security -Wno-unused-parameter -Wno-self-assign -Wno-unused-local-typedef -Wno-deprecated-register -I/usr/local/opt/openjdk/include -DHAVE_BUILD_INFO -D__STDC_FORMAT_MACROS -I/usr/local/opt/berkeley-db/include -DMAC_OSX conftest.cpp >&5
configure:21845: $? = 0
configure:21891: g++ -std=c++11 -c -g -O2 -Wall -Wextra -Wformat -Wvla -Wformat-security -Wno-unused-parameter -Wno-self-assign -Wno-unused-local-typedef -Wno-deprecated-register -I/usr/local/opt/openjdk/include -DHAVE_BUILD_INFO -D__STDC_FORMAT_MACROS -I/usr/local/opt/berkeley-db/include -DMAC_OSX conftest.cpp >&5
configure:21891: $? = 0
configure:21910: g++ -std=c++11 -c -g -O2 -Wall -Wextra -Wformat -Wvla -Wformat-security -Wno-unused-parameter -Wno-self-assign -Wno-unused-local-typedef -Wno-deprecated-register -I/usr/local/opt/openjdk/include -DHAVE_BUILD_INFO -D__STDC_FORMAT_MACROS -I/usr/local/opt/berkeley-db/include -DMAC_OSX conftest.cpp >&5
conftest.cpp:29:11: error: expected ';' after expression
                 not big endian
                        ^
                        ;
conftest.cpp:29:8: error: use of undeclared identifier 'big'
                 not big endian
                     ^
conftest.cpp:29:12: error: use of undeclared identifier 'endian'
                 not big endian
                         ^
3 errors generated.
configure:21910: $? = 1
configure: failed program was:
| /* confdefs.h */
| #define PACKAGE_NAME "RadioCoin Core"
| #define PACKAGE_TARNAME "radiocoin"
| #define PACKAGE_VERSION "1.14.3"
| #define PACKAGE_STRING "RadioCoin Core 1.14.3"
| #define PACKAGE_BUGREPORT "https://github.com/radiocoin/radiocoin/issues"
| #define PACKAGE_URL "https://radiocoin.com/"
| #define HAVE_CXX11 1
| #define HAVE_STDIO_H 1
| #define HAVE_STDLIB_H 1
| #define HAVE_STRING_H 1
| #define HAVE_INTTYPES_H 1
| #define HAVE_STDINT_H 1
| #define HAVE_STRINGS_H 1
| #define HAVE_SYS_STAT_H 1
| #define HAVE_SYS_TYPES_H 1
| #define HAVE_UNISTD_H 1
| #define STDC_HEADERS 1
| #define HAVE_DLFCN_H 1
| #define LT_OBJDIR ".libs/"
| /* end confdefs.h.  */
| #include <sys/types.h>
| 		#include <sys/param.h>
| 
| int
| main (void)
| {
| #if BYTE_ORDER != BIG_ENDIAN
| 		 not big endian
| 		#endif
| 
|   ;
|   return 0;
| }
configure:22044: result: no
configure:22068: checking how to run the C preprocessor
configure:22094: gcc -E -I/usr/local/opt/openjdk/include -DHAVE_BUILD_INFO -D__STDC_FORMAT_MACROS -I/usr/local/opt/berkeley-db/include -DMAC_OSX conftest.c
configure:22094: $? = 0
configure:22109: gcc -E -I/usr/local/opt/openjdk/include -DHAVE_BUILD_INFO -D__STDC_FORMAT_MACROS -I/usr/local/opt/berkeley-db/include -DMAC_OSX conftest.c
conftest.c:22:10: fatal error: 'ac_nonexistent.h' file not found
#include <ac_nonexistent.h>
         ^~~~~~~~~~~~~~~~~~
1 error generated.
configure:22109: $? = 1
configure: failed program was:
| /* confdefs.h */
| #define PACKAGE_NAME "RadioCoin Core"
| #define PACKAGE_TARNAME "radiocoin"
| #define PACKAGE_VERSION "1.14.3"
| #define PACKAGE_STRING "RadioCoin Core 1.14.3"
| #define PACKAGE_BUGREPORT "https://github.com/radiocoin/radiocoin/issues"
| #define PACKAGE_URL "https://radiocoin.com/"
| #define HAVE_CXX11 1
| #define HAVE_STDIO_H 1
| #define HAVE_STDLIB_H 1
| #define HAVE_STRING_H 1
| #define HAVE_INTTYPES_H 1
| #define HAVE_STDINT_H 1
| #define HAVE_STRINGS_H 1
| #define HAVE_SYS_STAT_H 1
| #define HAVE_SYS_TYPES_H 1
| #define HAVE_UNISTD_H 1
| #define STDC_HEADERS 1
| #define HAVE_DLFCN_H 1
| #define LT_OBJDIR ".libs/"
| /* end confdefs.h.  */
| #include <ac_nonexistent.h>
configure:22136: result: gcc -E
configure:22150: gcc -E -I/usr/local/opt/openjdk/include -DHAVE_BUILD_INFO -D__STDC_FORMAT_MACROS -I/usr/local/opt/berkeley-db/include -DMAC_OSX conftest.c
configure:22150: $? = 0
configure:22165: gcc -E -I/usr/local/opt/openjdk/include -DHAVE_BUILD_INFO -D__STDC_FORMAT_MACROS -I/usr/local/opt/berkeley-db/include -DMAC_OSX conftest.c
conftest.c:22:10: fatal error: 'ac_nonexistent.h' file not found
#include <ac_nonexistent.h>
         ^~~~~~~~~~~~~~~~~~
1 error generated.
configure:22165: $? = 1
configure: failed program was:
| /* confdefs.h */
| #define PACKAGE_NAME "RadioCoin Core"
| #define PACKAGE_TARNAME "radiocoin"
| #define PACKAGE_VERSION "1.14.3"
| #define PACKAGE_STRING "RadioCoin Core 1.14.3"
| #define PACKAGE_BUGREPORT "https://github.com/radiocoin/radiocoin/issues"
| #define PACKAGE_URL "https://radiocoin.com/"
| #define HAVE_CXX11 1
| #define HAVE_STDIO_H 1
| #define HAVE_STDLIB_H 1
| #define HAVE_STRING_H 1
| #define HAVE_INTTYPES_H 1
| #define HAVE_STDINT_H 1
| #define HAVE_STRINGS_H 1
| #define HAVE_SYS_STAT_H 1
| #define HAVE_SYS_TYPES_H 1
| #define HAVE_UNISTD_H 1
| #define STDC_HEADERS 1
| #define HAVE_DLFCN_H 1
| #define LT_OBJDIR ".libs/"
| /* end confdefs.h.  */
| #include <ac_nonexistent.h>
configure:22381: checking whether gcc is Clang
configure:22408: result: yes
configure:22455: checking whether Clang needs flag to prevent "argument unused" warning when linking with -pthread
configure:22482: gcc -o conftest -Werror -Wunknown-warning-option  -pthread -g -O2 -I/usr/local/opt/openjdk/include -DHAVE_BUILD_INFO -D__STDC_FORMAT_MACROS -I/usr/local/opt/berkeley-db/include -DMAC_OSX -L/usr/local/opt/ncurses/lib -Wl,-headerpad_max_install_names conftest.c  -L/usr/local/opt/berkeley-db/lib >&5
configure:22482: $? = 0
configure:22489: (gcc -c -Werror -Wunknown-warning-option  -pthread -g -O2 -I/usr/local/opt/openjdk/include -DHAVE_BUILD_INFO -D__STDC_FORMAT_MACROS -I/usr/local/opt/berkeley-db/include -DMAC_OSX conftest.c >&5) && (echo ==== >&5) && (gcc -o conftest -Werror -Wunknown-warning-option  -pthread -g -O2 -I/usr/local/opt/openjdk/include -DHAVE_BUILD_INFO -D__STDC_FORMAT_MACROS -I/usr/local/opt/berkeley-db/include -DMAC_OSX -L/usr/local/opt/ncurses/lib -Wl,-headerpad_max_install_names conftest.o  -L/usr/local/opt/berkeley-db/lib >&5)
====
configure:22489: $? = 0
configure:22509: result: no
configure:22666: checking for joinable pthread attribute
configure:22685: gcc -o conftest -g -O2 -pthread -I/usr/local/opt/openjdk/include -DHAVE_BUILD_INFO -D__STDC_FORMAT_MACROS -I/usr/local/opt/berkeley-db/include -DMAC_OSX -L/usr/local/opt/ncurses/lib -Wl,-headerpad_max_install_names conftest.c   -L/usr/local/opt/berkeley-db/lib >&5
configure:22685: $? = 0
configure:22694: result: PTHREAD_CREATE_JOINABLE
configure:22707: checking whether more special flags are required for pthreads
configure:22721: result: no
configure:22730: checking for PTHREAD_PRIO_INHERIT
configure:22747: gcc -o conftest -g -O2 -pthread -I/usr/local/opt/openjdk/include -DHAVE_BUILD_INFO -D__STDC_FORMAT_MACROS -I/usr/local/opt/berkeley-db/include -DMAC_OSX -L/usr/local/opt/ncurses/lib -Wl,-headerpad_max_install_names conftest.c   -L/usr/local/opt/berkeley-db/lib >&5
configure:22747: $? = 0
configure:22757: result: yes
configure:22878: checking for special C compiler options needed for large files
configure:22926: result: no
configure:22932: checking for _FILE_OFFSET_BITS value needed for large files
configure:22958: g++ -std=c++11 -c -g -O2 -Wall -Wextra -Wformat -Wvla -Wformat-security -Wno-unused-parameter -Wno-self-assign -Wno-unused-local-typedef -Wno-deprecated-register -I/usr/local/opt/openjdk/include -DHAVE_BUILD_INFO -D__STDC_FORMAT_MACROS -I/usr/local/opt/berkeley-db/include -DMAC_OSX conftest.cpp >&5
configure:22958: $? = 0
configure:22992: result: no
configure:23075: checking for g++ -std=c++11 options needed to detect all undeclared functions
configure:23097: g++ -std=c++11 -c -g -O2 -Wall -Wextra -Wformat -Wvla -Wformat-security -Wno-unused-parameter -Wno-self-assign -Wno-unused-local-typedef -Wno-deprecated-register -I/usr/local/opt/openjdk/include -DHAVE_BUILD_INFO -D__STDC_FORMAT_MACROS -I/usr/local/opt/berkeley-db/include -DMAC_OSX conftest.cpp >&5
conftest.cpp:28:8: error: use of undeclared identifier 'strchr'
(void) strchr;
       ^
1 error generated.
configure:23097: $? = 1
configure: failed program was:
| /* confdefs.h */
| #define PACKAGE_NAME "RadioCoin Core"
| #define PACKAGE_TARNAME "radiocoin"
| #define PACKAGE_VERSION "1.14.3"
| #define PACKAGE_STRING "RadioCoin Core 1.14.3"
| #define PACKAGE_BUGREPORT "https://github.com/radiocoin/radiocoin/issues"
| #define PACKAGE_URL "https://radiocoin.com/"
| #define HAVE_CXX11 1
| #define HAVE_STDIO_H 1
| #define HAVE_STDLIB_H 1
| #define HAVE_STRING_H 1
| #define HAVE_INTTYPES_H 1
| #define HAVE_STDINT_H 1
| #define HAVE_STRINGS_H 1
| #define HAVE_SYS_STAT_H 1
| #define HAVE_SYS_TYPES_H 1
| #define HAVE_UNISTD_H 1
| #define STDC_HEADERS 1
| #define HAVE_DLFCN_H 1
| #define LT_OBJDIR ".libs/"
| #define HAVE_PTHREAD_PRIO_INHERIT 1
| #define HAVE_PTHREAD 1
| /* end confdefs.h.  */
| 
| int
| main (void)
| {
| (void) strchr;
|   ;
|   return 0;
| }
configure:23124: g++ -std=c++11 -c -g -O2 -Wall -Wextra -Wformat -Wvla -Wformat-security -Wno-unused-parameter -Wno-self-assign -Wno-unused-local-typedef -Wno-deprecated-register -I/usr/local/opt/openjdk/include -DHAVE_BUILD_INFO -D__STDC_FORMAT_MACROS -I/usr/local/opt/berkeley-db/include -DMAC_OSX conftest.cpp >&5
configure:23124: $? = 0
configure:23141: result: none needed
configure:23155: checking whether strerror_r is declared
configure:23155: g++ -std=c++11 -c -g -O2 -Wall -Wextra -Wformat -Wvla -Wformat-security -Wno-unused-parameter -Wno-self-assign -Wno-unused-local-typedef -Wno-deprecated-register  -I/usr/local/opt/openjdk/include -DHAVE_BUILD_INFO -D__STDC_FORMAT_MACROS -I/usr/local/opt/berkeley-db/include -DMAC_OSX conftest.cpp >&5
configure:23155: $? = 0
configure:23155: result: yes
configure:23174: checking whether strerror_r returns char *
configure:23199: g++ -std=c++11 -c -g -O2 -Wall -Wextra -Wformat -Wvla -Wformat-security -Wno-unused-parameter -Wno-self-assign -Wno-unused-local-typedef -Wno-deprecated-register -I/usr/local/opt/openjdk/include -DHAVE_BUILD_INFO -D__STDC_FORMAT_MACROS -I/usr/local/opt/berkeley-db/include -DMAC_OSX conftest.cpp >&5
conftest.cpp:32:13: error: indirection requires pointer operand ('int' invalid)
          char x = *strerror_r (0, buf, sizeof buf);
                   ^~~~~~~~~~~~~~~~~~~~~~~~~~~~~~~~
conftest.cpp:33:10: error: cannot initialize a variable of type 'char *' with an rvalue of type 'int'
          char *p = strerror_r (0, buf, sizeof buf);
                ^   ~~~~~~~~~~~~~~~~~~~~~~~~~~~~~~~
2 errors generated.
configure:23199: $? = 1
configure: failed program was:
| /* confdefs.h */
| #define PACKAGE_NAME "RadioCoin Core"
| #define PACKAGE_TARNAME "radiocoin"
| #define PACKAGE_VERSION "1.14.3"
| #define PACKAGE_STRING "RadioCoin Core 1.14.3"
| #define PACKAGE_BUGREPORT "https://github.com/radiocoin/radiocoin/issues"
| #define PACKAGE_URL "https://radiocoin.com/"
| #define HAVE_CXX11 1
| #define HAVE_STDIO_H 1
| #define HAVE_STDLIB_H 1
| #define HAVE_STRING_H 1
| #define HAVE_INTTYPES_H 1
| #define HAVE_STDINT_H 1
| #define HAVE_STRINGS_H 1
| #define HAVE_SYS_STAT_H 1
| #define HAVE_SYS_TYPES_H 1
| #define HAVE_UNISTD_H 1
| #define STDC_HEADERS 1
| #define HAVE_DLFCN_H 1
| #define LT_OBJDIR ".libs/"
| #define HAVE_PTHREAD_PRIO_INHERIT 1
| #define HAVE_PTHREAD 1
| #define HAVE_DECL_STRERROR_R 1
| #define HAVE_STRERROR_R 1
| /* end confdefs.h.  */
| #include <string.h>
| int
| main (void)
| {
| 
| 	  char buf[100];
| 	  char x = *strerror_r (0, buf, sizeof buf);
| 	  char *p = strerror_r (0, buf, sizeof buf);
| 	  return !p || x;
| 
|   ;
|   return 0;
| }
configure:23208: result: no
configure:23229: checking whether the linker accepts -Wl,--large-address-aware
configure:23249: g++ -std=c++11 -o conftest -g -O2 -Wall -Wextra -Wformat -Wvla -Wformat-security -Wno-unused-parameter -Wno-self-assign -Wno-unused-local-typedef -Wno-deprecated-register -I/usr/local/opt/openjdk/include -DHAVE_BUILD_INFO -D__STDC_FORMAT_MACROS -I/usr/local/opt/berkeley-db/include -DMAC_OSX -L/usr/local/opt/ncurses/lib -Wl,-headerpad_max_install_names  -Wl,--large-address-aware conftest.cpp  -L/usr/local/opt/berkeley-db/lib >&5
ld: unknown option: --large-address-aware
clang: error: linker command failed with exit code 1 (use -v to see invocation)
configure:23249: $? = 1
configure: failed program was:
| /* confdefs.h */
| #define PACKAGE_NAME "RadioCoin Core"
| #define PACKAGE_TARNAME "radiocoin"
| #define PACKAGE_VERSION "1.14.3"
| #define PACKAGE_STRING "RadioCoin Core 1.14.3"
| #define PACKAGE_BUGREPORT "https://github.com/radiocoin/radiocoin/issues"
| #define PACKAGE_URL "https://radiocoin.com/"
| #define HAVE_CXX11 1
| #define HAVE_STDIO_H 1
| #define HAVE_STDLIB_H 1
| #define HAVE_STRING_H 1
| #define HAVE_INTTYPES_H 1
| #define HAVE_STDINT_H 1
| #define HAVE_STRINGS_H 1
| #define HAVE_SYS_STAT_H 1
| #define HAVE_SYS_TYPES_H 1
| #define HAVE_UNISTD_H 1
| #define STDC_HEADERS 1
| #define HAVE_DLFCN_H 1
| #define LT_OBJDIR ".libs/"
| #define HAVE_PTHREAD_PRIO_INHERIT 1
| #define HAVE_PTHREAD 1
| #define HAVE_DECL_STRERROR_R 1
| #define HAVE_STRERROR_R 1
| /* end confdefs.h.  */
| 
| int
| main (void)
| {
| 
|   ;
|   return 0;
| }
configure:23259: result: no
configure:23272: checking for __attribute__((visibility))
configure:23297: g++ -std=c++11 -o conftest -g -O2 -Wall -Wextra -Wformat -Wvla -Wformat-security -Wno-unused-parameter -Wno-self-assign -Wno-unused-local-typedef -Wno-deprecated-register -I/usr/local/opt/openjdk/include -DHAVE_BUILD_INFO -D__STDC_FORMAT_MACROS -I/usr/local/opt/berkeley-db/include -DMAC_OSX -L/usr/local/opt/ncurses/lib -Wl,-headerpad_max_install_names conftest.cpp  -L/usr/local/opt/berkeley-db/lib >&5
conftest.cpp:31:56: warning: target does not support 'protected' visibility; using 'default' [-Wunsupported-visibility]
                    int foo_pro( void ) __attribute__((visibility("protected")));
                                                       ^
1 warning generated.
configure:23297: $? = 0
configure:23312: result: no
configure:23327: checking for __attribute__((dllexport))
configure:23349: g++ -std=c++11 -o conftest -g -O2 -Wall -Wextra -Wformat -Wvla -Wformat-security -Wno-unused-parameter -Wno-self-assign -Wno-unused-local-typedef -Wno-deprecated-register -I/usr/local/opt/openjdk/include -DHAVE_BUILD_INFO -D__STDC_FORMAT_MACROS -I/usr/local/opt/berkeley-db/include -DMAC_OSX -L/usr/local/opt/ncurses/lib -Wl,-headerpad_max_install_names conftest.cpp  -L/usr/local/opt/berkeley-db/lib >&5
conftest.cpp:28:36: warning: unknown attribute 'dllexport' ignored [-Wunknown-attributes]
                    __attribute__((dllexport)) int foo( void ) { return 0; }
                                   ^
1 warning generated.
configure:23349: $? = 0
configure:23364: result: no
configure:23379: checking for __attribute__((dllimport))
configure:23401: g++ -std=c++11 -o conftest -g -O2 -Wall -Wextra -Wformat -Wvla -Wformat-security -Wno-unused-parameter -Wno-self-assign -Wno-unused-local-typedef -Wno-deprecated-register -I/usr/local/opt/openjdk/include -DHAVE_BUILD_INFO -D__STDC_FORMAT_MACROS -I/usr/local/opt/berkeley-db/include -DMAC_OSX -L/usr/local/opt/ncurses/lib -Wl,-headerpad_max_install_names conftest.cpp  -L/usr/local/opt/berkeley-db/lib >&5
conftest.cpp:28:52: warning: unknown attribute 'dllimport' ignored [-Wunknown-attributes]
                    int foo( void ) __attribute__((dllimport));
                                                   ^
1 warning generated.
configure:23401: $? = 0
configure:23416: result: no
configure:23511: checking for library containing clock_gettime
configure:23540: g++ -std=c++11 -o conftest -g -O2 -Wall -Wextra -Wformat -Wvla -Wformat-security -Wno-unused-parameter -Wno-self-assign -Wno-unused-local-typedef -Wno-deprecated-register -I/usr/local/opt/openjdk/include -DHAVE_BUILD_INFO -D__STDC_FORMAT_MACROS -I/usr/local/opt/berkeley-db/include -DMAC_OSX -L/usr/local/opt/ncurses/lib -Wl,-headerpad_max_install_names conftest.cpp  -L/usr/local/opt/berkeley-db/lib >&5
configure:23540: $? = 0
configure:23560: result: none required
configure:23573: checking whether C++ compiler accepts -fPIC
configure:23593: g++ -std=c++11 -c -g -O2 -Wall -Wextra -Wformat -Wvla -Wformat-security -Wno-unused-parameter -Wno-self-assign -Wno-unused-local-typedef -Wno-deprecated-register  -fPIC -I/usr/local/opt/openjdk/include -DHAVE_BUILD_INFO -D__STDC_FORMAT_MACROS -I/usr/local/opt/berkeley-db/include -DMAC_OSX conftest.cpp >&5
configure:23593: $? = 0
configure:23602: result: yes
configure:23614: checking whether C++ compiler accepts -Wstack-protector
configure:23634: g++ -std=c++11 -c -g -O2 -Wall -Wextra -Wformat -Wvla -Wformat-security -Wno-unused-parameter -Wno-self-assign -Wno-unused-local-typedef -Wno-deprecated-register  -Wstack-protector -I/usr/local/opt/openjdk/include -DHAVE_BUILD_INFO -D__STDC_FORMAT_MACROS -I/usr/local/opt/berkeley-db/include -DMAC_OSX conftest.cpp >&5
configure:23634: $? = 0
configure:23643: result: yes
configure:23652: checking whether C++ compiler accepts -fstack-protector-all
configure:23672: g++ -std=c++11 -c -g -O2 -Wall -Wextra -Wformat -Wvla -Wformat-security -Wno-unused-parameter -Wno-self-assign -Wno-unused-local-typedef -Wno-deprecated-register  -fstack-protector-all -I/usr/local/opt/openjdk/include -DHAVE_BUILD_INFO -D__STDC_FORMAT_MACROS -I/usr/local/opt/berkeley-db/include -DMAC_OSX conftest.cpp >&5
configure:23672: $? = 0
configure:23681: result: yes
configure:23692: checking whether C++ preprocessor accepts -D_FORTIFY_SOURCE=2
configure:23712: g++ -std=c++11 -E -I/usr/local/opt/openjdk/include -DHAVE_BUILD_INFO -D__STDC_FORMAT_MACROS -I/usr/local/opt/berkeley-db/include -DMAC_OSX  -D_FORTIFY_SOURCE=2 conftest.cpp
configure:23712: $? = 0
configure:23721: result: yes
configure:23726: checking whether C++ preprocessor accepts -U_FORTIFY_SOURCE
configure:23746: g++ -std=c++11 -E -I/usr/local/opt/openjdk/include -DHAVE_BUILD_INFO -D__STDC_FORMAT_MACROS -I/usr/local/opt/berkeley-db/include -DMAC_OSX  -U_FORTIFY_SOURCE conftest.cpp
configure:23746: $? = 0
configure:23755: result: yes
configure:23773: checking whether the linker accepts -Wl,--dynamicbase
configure:23793: g++ -std=c++11 -o conftest -g -O2 -Wall -Wextra -Wformat -Wvla -Wformat-security -Wno-unused-parameter -Wno-self-assign -Wno-unused-local-typedef -Wno-deprecated-register -I/usr/local/opt/openjdk/include -DHAVE_BUILD_INFO -D__STDC_FORMAT_MACROS -I/usr/local/opt/berkeley-db/include -DMAC_OSX -L/usr/local/opt/ncurses/lib -Wl,-headerpad_max_install_names  -Wl,--dynamicbase conftest.cpp  -L/usr/local/opt/berkeley-db/lib >&5
ld: unknown option: --dynamicbase
clang: error: linker command failed with exit code 1 (use -v to see invocation)
configure:23793: $? = 1
configure: failed program was:
| /* confdefs.h */
| #define PACKAGE_NAME "RadioCoin Core"
| #define PACKAGE_TARNAME "radiocoin"
| #define PACKAGE_VERSION "1.14.3"
| #define PACKAGE_STRING "RadioCoin Core 1.14.3"
| #define PACKAGE_BUGREPORT "https://github.com/radiocoin/radiocoin/issues"
| #define PACKAGE_URL "https://radiocoin.com/"
| #define HAVE_CXX11 1
| #define HAVE_STDIO_H 1
| #define HAVE_STDLIB_H 1
| #define HAVE_STRING_H 1
| #define HAVE_INTTYPES_H 1
| #define HAVE_STDINT_H 1
| #define HAVE_STRINGS_H 1
| #define HAVE_SYS_STAT_H 1
| #define HAVE_SYS_TYPES_H 1
| #define HAVE_UNISTD_H 1
| #define STDC_HEADERS 1
| #define HAVE_DLFCN_H 1
| #define LT_OBJDIR ".libs/"
| #define HAVE_PTHREAD_PRIO_INHERIT 1
| #define HAVE_PTHREAD 1
| #define HAVE_DECL_STRERROR_R 1
| #define HAVE_STRERROR_R 1
| /* end confdefs.h.  */
| 
| int
| main (void)
| {
| 
|   ;
|   return 0;
| }
configure:23803: result: no
configure:23812: checking whether the linker accepts -Wl,--nxcompat
configure:23832: g++ -std=c++11 -o conftest -g -O2 -Wall -Wextra -Wformat -Wvla -Wformat-security -Wno-unused-parameter -Wno-self-assign -Wno-unused-local-typedef -Wno-deprecated-register -I/usr/local/opt/openjdk/include -DHAVE_BUILD_INFO -D__STDC_FORMAT_MACROS -I/usr/local/opt/berkeley-db/include -DMAC_OSX -L/usr/local/opt/ncurses/lib -Wl,-headerpad_max_install_names  -Wl,--nxcompat conftest.cpp  -L/usr/local/opt/berkeley-db/lib >&5
ld: unknown option: --nxcompat
clang: error: linker command failed with exit code 1 (use -v to see invocation)
configure:23832: $? = 1
configure: failed program was:
| /* confdefs.h */
| #define PACKAGE_NAME "RadioCoin Core"
| #define PACKAGE_TARNAME "radiocoin"
| #define PACKAGE_VERSION "1.14.3"
| #define PACKAGE_STRING "RadioCoin Core 1.14.3"
| #define PACKAGE_BUGREPORT "https://github.com/radiocoin/radiocoin/issues"
| #define PACKAGE_URL "https://radiocoin.com/"
| #define HAVE_CXX11 1
| #define HAVE_STDIO_H 1
| #define HAVE_STDLIB_H 1
| #define HAVE_STRING_H 1
| #define HAVE_INTTYPES_H 1
| #define HAVE_STDINT_H 1
| #define HAVE_STRINGS_H 1
| #define HAVE_SYS_STAT_H 1
| #define HAVE_SYS_TYPES_H 1
| #define HAVE_UNISTD_H 1
| #define STDC_HEADERS 1
| #define HAVE_DLFCN_H 1
| #define LT_OBJDIR ".libs/"
| #define HAVE_PTHREAD_PRIO_INHERIT 1
| #define HAVE_PTHREAD 1
| #define HAVE_DECL_STRERROR_R 1
| #define HAVE_STRERROR_R 1
| /* end confdefs.h.  */
| 
| int
| main (void)
| {
| 
|   ;
|   return 0;
| }
configure:23842: result: no
configure:23851: checking whether the linker accepts -Wl,--high-entropy-va
configure:23871: g++ -std=c++11 -o conftest -g -O2 -Wall -Wextra -Wformat -Wvla -Wformat-security -Wno-unused-parameter -Wno-self-assign -Wno-unused-local-typedef -Wno-deprecated-register -I/usr/local/opt/openjdk/include -DHAVE_BUILD_INFO -D__STDC_FORMAT_MACROS -I/usr/local/opt/berkeley-db/include -DMAC_OSX -L/usr/local/opt/ncurses/lib -Wl,-headerpad_max_install_names  -Wl,--high-entropy-va conftest.cpp  -L/usr/local/opt/berkeley-db/lib >&5
ld: unknown option: --high-entropy-va
clang: error: linker command failed with exit code 1 (use -v to see invocation)
configure:23871: $? = 1
configure: failed program was:
| /* confdefs.h */
| #define PACKAGE_NAME "RadioCoin Core"
| #define PACKAGE_TARNAME "radiocoin"
| #define PACKAGE_VERSION "1.14.3"
| #define PACKAGE_STRING "RadioCoin Core 1.14.3"
| #define PACKAGE_BUGREPORT "https://github.com/radiocoin/radiocoin/issues"
| #define PACKAGE_URL "https://radiocoin.com/"
| #define HAVE_CXX11 1
| #define HAVE_STDIO_H 1
| #define HAVE_STDLIB_H 1
| #define HAVE_STRING_H 1
| #define HAVE_INTTYPES_H 1
| #define HAVE_STDINT_H 1
| #define HAVE_STRINGS_H 1
| #define HAVE_SYS_STAT_H 1
| #define HAVE_SYS_TYPES_H 1
| #define HAVE_UNISTD_H 1
| #define STDC_HEADERS 1
| #define HAVE_DLFCN_H 1
| #define LT_OBJDIR ".libs/"
| #define HAVE_PTHREAD_PRIO_INHERIT 1
| #define HAVE_PTHREAD 1
| #define HAVE_DECL_STRERROR_R 1
| #define HAVE_STRERROR_R 1
| /* end confdefs.h.  */
| 
| int
| main (void)
| {
| 
|   ;
|   return 0;
| }
configure:23881: result: no
configure:23890: checking whether the linker accepts -Wl,-z,relro
configure:23910: g++ -std=c++11 -o conftest -g -O2 -Wall -Wextra -Wformat -Wvla -Wformat-security -Wno-unused-parameter -Wno-self-assign -Wno-unused-local-typedef -Wno-deprecated-register -I/usr/local/opt/openjdk/include -DHAVE_BUILD_INFO -D__STDC_FORMAT_MACROS -I/usr/local/opt/berkeley-db/include -DMAC_OSX -L/usr/local/opt/ncurses/lib -Wl,-headerpad_max_install_names  -Wl,-z,relro conftest.cpp  -L/usr/local/opt/berkeley-db/lib >&5
ld: unknown option: -z
clang: error: linker command failed with exit code 1 (use -v to see invocation)
configure:23910: $? = 1
configure: failed program was:
| /* confdefs.h */
| #define PACKAGE_NAME "RadioCoin Core"
| #define PACKAGE_TARNAME "radiocoin"
| #define PACKAGE_VERSION "1.14.3"
| #define PACKAGE_STRING "RadioCoin Core 1.14.3"
| #define PACKAGE_BUGREPORT "https://github.com/radiocoin/radiocoin/issues"
| #define PACKAGE_URL "https://radiocoin.com/"
| #define HAVE_CXX11 1
| #define HAVE_STDIO_H 1
| #define HAVE_STDLIB_H 1
| #define HAVE_STRING_H 1
| #define HAVE_INTTYPES_H 1
| #define HAVE_STDINT_H 1
| #define HAVE_STRINGS_H 1
| #define HAVE_SYS_STAT_H 1
| #define HAVE_SYS_TYPES_H 1
| #define HAVE_UNISTD_H 1
| #define STDC_HEADERS 1
| #define HAVE_DLFCN_H 1
| #define LT_OBJDIR ".libs/"
| #define HAVE_PTHREAD_PRIO_INHERIT 1
| #define HAVE_PTHREAD 1
| #define HAVE_DECL_STRERROR_R 1
| #define HAVE_STRERROR_R 1
| /* end confdefs.h.  */
| 
| int
| main (void)
| {
| 
|   ;
|   return 0;
| }
configure:23920: result: no
configure:23929: checking whether the linker accepts -Wl,-z,now
configure:23949: g++ -std=c++11 -o conftest -g -O2 -Wall -Wextra -Wformat -Wvla -Wformat-security -Wno-unused-parameter -Wno-self-assign -Wno-unused-local-typedef -Wno-deprecated-register -I/usr/local/opt/openjdk/include -DHAVE_BUILD_INFO -D__STDC_FORMAT_MACROS -I/usr/local/opt/berkeley-db/include -DMAC_OSX -L/usr/local/opt/ncurses/lib -Wl,-headerpad_max_install_names  -Wl,-z,now conftest.cpp  -L/usr/local/opt/berkeley-db/lib >&5
ld: unknown option: -z
clang: error: linker command failed with exit code 1 (use -v to see invocation)
configure:23949: $? = 1
configure: failed program was:
| /* confdefs.h */
| #define PACKAGE_NAME "RadioCoin Core"
| #define PACKAGE_TARNAME "radiocoin"
| #define PACKAGE_VERSION "1.14.3"
| #define PACKAGE_STRING "RadioCoin Core 1.14.3"
| #define PACKAGE_BUGREPORT "https://github.com/radiocoin/radiocoin/issues"
| #define PACKAGE_URL "https://radiocoin.com/"
| #define HAVE_CXX11 1
| #define HAVE_STDIO_H 1
| #define HAVE_STDLIB_H 1
| #define HAVE_STRING_H 1
| #define HAVE_INTTYPES_H 1
| #define HAVE_STDINT_H 1
| #define HAVE_STRINGS_H 1
| #define HAVE_SYS_STAT_H 1
| #define HAVE_SYS_TYPES_H 1
| #define HAVE_UNISTD_H 1
| #define STDC_HEADERS 1
| #define HAVE_DLFCN_H 1
| #define LT_OBJDIR ".libs/"
| #define HAVE_PTHREAD_PRIO_INHERIT 1
| #define HAVE_PTHREAD 1
| #define HAVE_DECL_STRERROR_R 1
| #define HAVE_STRERROR_R 1
| /* end confdefs.h.  */
| 
| int
| main (void)
| {
| 
|   ;
|   return 0;
| }
configure:23959: result: no
configure:23970: checking whether C++ compiler accepts -fPIE
configure:23990: g++ -std=c++11 -c -g -O2 -Wall -Wextra -Wformat -Wvla -Wformat-security -Wno-unused-parameter -Wno-self-assign -Wno-unused-local-typedef -Wno-deprecated-register  -fPIE -I/usr/local/opt/openjdk/include -DHAVE_BUILD_INFO -D__STDC_FORMAT_MACROS -I/usr/local/opt/berkeley-db/include -DMAC_OSX conftest.cpp >&5
configure:23990: $? = 0
configure:23999: result: yes
configure:24008: checking whether the linker accepts -pie
configure:24028: g++ -std=c++11 -o conftest -g -O2 -Wall -Wextra -Wformat -Wvla -Wformat-security -Wno-unused-parameter -Wno-self-assign -Wno-unused-local-typedef -Wno-deprecated-register -I/usr/local/opt/openjdk/include -DHAVE_BUILD_INFO -D__STDC_FORMAT_MACROS -I/usr/local/opt/berkeley-db/include -DMAC_OSX -L/usr/local/opt/ncurses/lib -Wl,-headerpad_max_install_names  -pie conftest.cpp  -L/usr/local/opt/berkeley-db/lib >&5
clang: warning: argument unused during compilation: '-pie' [-Wunused-command-line-argument]
configure:24028: $? = 0
configure:24038: result: yes
configure:24100: checking whether the linker accepts -Wl,-dead_strip
configure:24120: g++ -std=c++11 -o conftest -g -O2 -Wall -Wextra -Wformat -Wvla -Wformat-security -Wno-unused-parameter -Wno-self-assign -Wno-unused-local-typedef -Wno-deprecated-register -I/usr/local/opt/openjdk/include -DHAVE_BUILD_INFO -D__STDC_FORMAT_MACROS -I/usr/local/opt/berkeley-db/include -DMAC_OSX -L/usr/local/opt/ncurses/lib -Wl,-headerpad_max_install_names  -Wl,-dead_strip conftest.cpp  -L/usr/local/opt/berkeley-db/lib >&5
configure:24120: $? = 0
configure:24130: result: yes
configure:24141: checking for endian.h
configure:24141: g++ -std=c++11 -c -g -O2 -Wall -Wextra -Wformat -Wvla -Wformat-security -Wno-unused-parameter -Wno-self-assign -Wno-unused-local-typedef -Wno-deprecated-register -I/usr/local/opt/openjdk/include -DHAVE_BUILD_INFO -D__STDC_FORMAT_MACROS -I/usr/local/opt/berkeley-db/include -DMAC_OSX conftest.cpp >&5
conftest.cpp:54:10: fatal error: 'endian.h' file not found
#include <endian.h>
         ^~~~~~~~~~
1 error generated.
configure:24141: $? = 1
configure: failed program was:
| /* confdefs.h */
| #define PACKAGE_NAME "RadioCoin Core"
| #define PACKAGE_TARNAME "radiocoin"
| #define PACKAGE_VERSION "1.14.3"
| #define PACKAGE_STRING "RadioCoin Core 1.14.3"
| #define PACKAGE_BUGREPORT "https://github.com/radiocoin/radiocoin/issues"
| #define PACKAGE_URL "https://radiocoin.com/"
| #define HAVE_CXX11 1
| #define HAVE_STDIO_H 1
| #define HAVE_STDLIB_H 1
| #define HAVE_STRING_H 1
| #define HAVE_INTTYPES_H 1
| #define HAVE_STDINT_H 1
| #define HAVE_STRINGS_H 1
| #define HAVE_SYS_STAT_H 1
| #define HAVE_SYS_TYPES_H 1
| #define HAVE_UNISTD_H 1
| #define STDC_HEADERS 1
| #define HAVE_DLFCN_H 1
| #define LT_OBJDIR ".libs/"
| #define HAVE_PTHREAD_PRIO_INHERIT 1
| #define HAVE_PTHREAD 1
| #define HAVE_DECL_STRERROR_R 1
| #define HAVE_STRERROR_R 1
| /* end confdefs.h.  */
| #include <stddef.h>
| #ifdef HAVE_STDIO_H
| # include <stdio.h>
| #endif
| #ifdef HAVE_STDLIB_H
| # include <stdlib.h>
| #endif
| #ifdef HAVE_STRING_H
| # include <string.h>
| #endif
| #ifdef HAVE_INTTYPES_H
| # include <inttypes.h>
| #endif
| #ifdef HAVE_STDINT_H
| # include <stdint.h>
| #endif
| #ifdef HAVE_STRINGS_H
| # include <strings.h>
| #endif
| #ifdef HAVE_SYS_TYPES_H
| # include <sys/types.h>
| #endif
| #ifdef HAVE_SYS_STAT_H
| # include <sys/stat.h>
| #endif
| #ifdef HAVE_UNISTD_H
| # include <unistd.h>
| #endif
| #include <endian.h>
configure:24141: result: no
configure:24147: checking for sys/endian.h
configure:24147: g++ -std=c++11 -c -g -O2 -Wall -Wextra -Wformat -Wvla -Wformat-security -Wno-unused-parameter -Wno-self-assign -Wno-unused-local-typedef -Wno-deprecated-register -I/usr/local/opt/openjdk/include -DHAVE_BUILD_INFO -D__STDC_FORMAT_MACROS -I/usr/local/opt/berkeley-db/include -DMAC_OSX conftest.cpp >&5
conftest.cpp:54:10: fatal error: 'sys/endian.h' file not found
#include <sys/endian.h>
         ^~~~~~~~~~~~~~
1 error generated.
configure:24147: $? = 1
configure: failed program was:
| /* confdefs.h */
| #define PACKAGE_NAME "RadioCoin Core"
| #define PACKAGE_TARNAME "radiocoin"
| #define PACKAGE_VERSION "1.14.3"
| #define PACKAGE_STRING "RadioCoin Core 1.14.3"
| #define PACKAGE_BUGREPORT "https://github.com/radiocoin/radiocoin/issues"
| #define PACKAGE_URL "https://radiocoin.com/"
| #define HAVE_CXX11 1
| #define HAVE_STDIO_H 1
| #define HAVE_STDLIB_H 1
| #define HAVE_STRING_H 1
| #define HAVE_INTTYPES_H 1
| #define HAVE_STDINT_H 1
| #define HAVE_STRINGS_H 1
| #define HAVE_SYS_STAT_H 1
| #define HAVE_SYS_TYPES_H 1
| #define HAVE_UNISTD_H 1
| #define STDC_HEADERS 1
| #define HAVE_DLFCN_H 1
| #define LT_OBJDIR ".libs/"
| #define HAVE_PTHREAD_PRIO_INHERIT 1
| #define HAVE_PTHREAD 1
| #define HAVE_DECL_STRERROR_R 1
| #define HAVE_STRERROR_R 1
| /* end confdefs.h.  */
| #include <stddef.h>
| #ifdef HAVE_STDIO_H
| # include <stdio.h>
| #endif
| #ifdef HAVE_STDLIB_H
| # include <stdlib.h>
| #endif
| #ifdef HAVE_STRING_H
| # include <string.h>
| #endif
| #ifdef HAVE_INTTYPES_H
| # include <inttypes.h>
| #endif
| #ifdef HAVE_STDINT_H
| # include <stdint.h>
| #endif
| #ifdef HAVE_STRINGS_H
| # include <strings.h>
| #endif
| #ifdef HAVE_SYS_TYPES_H
| # include <sys/types.h>
| #endif
| #ifdef HAVE_SYS_STAT_H
| # include <sys/stat.h>
| #endif
| #ifdef HAVE_UNISTD_H
| # include <unistd.h>
| #endif
| #include <sys/endian.h>
configure:24147: result: no
configure:24153: checking for byteswap.h
configure:24153: g++ -std=c++11 -c -g -O2 -Wall -Wextra -Wformat -Wvla -Wformat-security -Wno-unused-parameter -Wno-self-assign -Wno-unused-local-typedef -Wno-deprecated-register -I/usr/local/opt/openjdk/include -DHAVE_BUILD_INFO -D__STDC_FORMAT_MACROS -I/usr/local/opt/berkeley-db/include -DMAC_OSX conftest.cpp >&5
conftest.cpp:54:10: fatal error: 'byteswap.h' file not found
#include <byteswap.h>
         ^~~~~~~~~~~~
1 error generated.
configure:24153: $? = 1
configure: failed program was:
| /* confdefs.h */
| #define PACKAGE_NAME "RadioCoin Core"
| #define PACKAGE_TARNAME "radiocoin"
| #define PACKAGE_VERSION "1.14.3"
| #define PACKAGE_STRING "RadioCoin Core 1.14.3"
| #define PACKAGE_BUGREPORT "https://github.com/radiocoin/radiocoin/issues"
| #define PACKAGE_URL "https://radiocoin.com/"
| #define HAVE_CXX11 1
| #define HAVE_STDIO_H 1
| #define HAVE_STDLIB_H 1
| #define HAVE_STRING_H 1
| #define HAVE_INTTYPES_H 1
| #define HAVE_STDINT_H 1
| #define HAVE_STRINGS_H 1
| #define HAVE_SYS_STAT_H 1
| #define HAVE_SYS_TYPES_H 1
| #define HAVE_UNISTD_H 1
| #define STDC_HEADERS 1
| #define HAVE_DLFCN_H 1
| #define LT_OBJDIR ".libs/"
| #define HAVE_PTHREAD_PRIO_INHERIT 1
| #define HAVE_PTHREAD 1
| #define HAVE_DECL_STRERROR_R 1
| #define HAVE_STRERROR_R 1
| /* end confdefs.h.  */
| #include <stddef.h>
| #ifdef HAVE_STDIO_H
| # include <stdio.h>
| #endif
| #ifdef HAVE_STDLIB_H
| # include <stdlib.h>
| #endif
| #ifdef HAVE_STRING_H
| # include <string.h>
| #endif
| #ifdef HAVE_INTTYPES_H
| # include <inttypes.h>
| #endif
| #ifdef HAVE_STDINT_H
| # include <stdint.h>
| #endif
| #ifdef HAVE_STRINGS_H
| # include <strings.h>
| #endif
| #ifdef HAVE_SYS_TYPES_H
| # include <sys/types.h>
| #endif
| #ifdef HAVE_SYS_STAT_H
| # include <sys/stat.h>
| #endif
| #ifdef HAVE_UNISTD_H
| # include <unistd.h>
| #endif
| #include <byteswap.h>
configure:24153: result: no
configure:24159: checking for stdio.h
configure:24159: result: yes
configure:24165: checking for stdlib.h
configure:24165: result: yes
configure:24171: checking for unistd.h
configure:24171: result: yes
configure:24177: checking for strings.h
configure:24177: result: yes
configure:24183: checking for sys/types.h
configure:24183: result: yes
configure:24189: checking for sys/stat.h
configure:24189: result: yes
configure:24195: checking for sys/select.h
configure:24195: g++ -std=c++11 -c -g -O2 -Wall -Wextra -Wformat -Wvla -Wformat-security -Wno-unused-parameter -Wno-self-assign -Wno-unused-local-typedef -Wno-deprecated-register -I/usr/local/opt/openjdk/include -DHAVE_BUILD_INFO -D__STDC_FORMAT_MACROS -I/usr/local/opt/berkeley-db/include -DMAC_OSX conftest.cpp >&5
configure:24195: $? = 0
configure:24195: result: yes
configure:24201: checking for sys/prctl.h
configure:24201: g++ -std=c++11 -c -g -O2 -Wall -Wextra -Wformat -Wvla -Wformat-security -Wno-unused-parameter -Wno-self-assign -Wno-unused-local-typedef -Wno-deprecated-register -I/usr/local/opt/openjdk/include -DHAVE_BUILD_INFO -D__STDC_FORMAT_MACROS -I/usr/local/opt/berkeley-db/include -DMAC_OSX conftest.cpp >&5
conftest.cpp:61:10: fatal error: 'sys/prctl.h' file not found
#include <sys/prctl.h>
         ^~~~~~~~~~~~~
1 error generated.
configure:24201: $? = 1
configure: failed program was:
| /* confdefs.h */
| #define PACKAGE_NAME "RadioCoin Core"
| #define PACKAGE_TARNAME "radiocoin"
| #define PACKAGE_VERSION "1.14.3"
| #define PACKAGE_STRING "RadioCoin Core 1.14.3"
| #define PACKAGE_BUGREPORT "https://github.com/radiocoin/radiocoin/issues"
| #define PACKAGE_URL "https://radiocoin.com/"
| #define HAVE_CXX11 1
| #define HAVE_STDIO_H 1
| #define HAVE_STDLIB_H 1
| #define HAVE_STRING_H 1
| #define HAVE_INTTYPES_H 1
| #define HAVE_STDINT_H 1
| #define HAVE_STRINGS_H 1
| #define HAVE_SYS_STAT_H 1
| #define HAVE_SYS_TYPES_H 1
| #define HAVE_UNISTD_H 1
| #define STDC_HEADERS 1
| #define HAVE_DLFCN_H 1
| #define LT_OBJDIR ".libs/"
| #define HAVE_PTHREAD_PRIO_INHERIT 1
| #define HAVE_PTHREAD 1
| #define HAVE_DECL_STRERROR_R 1
| #define HAVE_STRERROR_R 1
| #define HAVE_STDIO_H 1
| #define HAVE_STDLIB_H 1
| #define HAVE_UNISTD_H 1
| #define HAVE_STRINGS_H 1
| #define HAVE_SYS_TYPES_H 1
| #define HAVE_SYS_STAT_H 1
| #define HAVE_SYS_SELECT_H 1
| /* end confdefs.h.  */
| #include <stddef.h>
| #ifdef HAVE_STDIO_H
| # include <stdio.h>
| #endif
| #ifdef HAVE_STDLIB_H
| # include <stdlib.h>
| #endif
| #ifdef HAVE_STRING_H
| # include <string.h>
| #endif
| #ifdef HAVE_INTTYPES_H
| # include <inttypes.h>
| #endif
| #ifdef HAVE_STDINT_H
| # include <stdint.h>
| #endif
| #ifdef HAVE_STRINGS_H
| # include <strings.h>
| #endif
| #ifdef HAVE_SYS_TYPES_H
| # include <sys/types.h>
| #endif
| #ifdef HAVE_SYS_STAT_H
| # include <sys/stat.h>
| #endif
| #ifdef HAVE_UNISTD_H
| # include <unistd.h>
| #endif
| #include <sys/prctl.h>
configure:24201: result: no
configure:24209: checking whether strnlen is declared
configure:24209: g++ -std=c++11 -c -g -O2 -Wall -Wextra -Wformat -Wvla -Wformat-security -Wno-unused-parameter -Wno-self-assign -Wno-unused-local-typedef -Wno-deprecated-register  -I/usr/local/opt/openjdk/include -DHAVE_BUILD_INFO -D__STDC_FORMAT_MACROS -I/usr/local/opt/berkeley-db/include -DMAC_OSX conftest.cpp >&5
configure:24209: $? = 0
configure:24209: result: yes
configure:24220: checking whether daemon is declared
configure:24220: g++ -std=c++11 -c -g -O2 -Wall -Wextra -Wformat -Wvla -Wformat-security -Wno-unused-parameter -Wno-self-assign -Wno-unused-local-typedef -Wno-deprecated-register  -I/usr/local/opt/openjdk/include -DHAVE_BUILD_INFO -D__STDC_FORMAT_MACROS -I/usr/local/opt/berkeley-db/include -DMAC_OSX conftest.cpp >&5
conftest.cpp:67:10: warning: 'daemon' is deprecated: first deprecated in macOS 10.5 - Use posix_spawn APIs instead. [-Wdeprecated-declarations]
  (void) daemon;
         ^
/Applications/Xcode.app/Contents/Developer/Platforms/MacOSX.platform/Developer/SDKs/MacOSX.sdk/usr/include/stdlib.h:292:6: note: 'daemon' has been explicitly marked deprecated here
int      daemon(int, int) __DARWIN_1050(daemon) __OSX_AVAILABLE_BUT_DEPRECATED_MSG(__MAC_10_0, __MAC_10_5, __IPHONE_2_0, __IPHONE_2_0, "Use posix_spawn APIs instead.") __WATCHOS_PROHIBITED __TVOS_PROHIBITED;
         ^
1 warning generated.
configure:24220: $? = 0
configure:24220: result: yes
configure:24230: checking whether le16toh is declared
configure:24230: g++ -std=c++11 -c -g -O2 -Wall -Wextra -Wformat -Wvla -Wformat-security -Wno-unused-parameter -Wno-self-assign -Wno-unused-local-typedef -Wno-deprecated-register  -I/usr/local/opt/openjdk/include -DHAVE_BUILD_INFO -D__STDC_FORMAT_MACROS -I/usr/local/opt/berkeley-db/include -DMAC_OSX conftest.cpp >&5
conftest.cpp:46:10: error: use of undeclared identifier 'le16toh'
  (void) le16toh;
         ^
1 error generated.
configure:24230: $? = 1
configure: failed program was:
| /* confdefs.h */
| #define PACKAGE_NAME "RadioCoin Core"
| #define PACKAGE_TARNAME "radiocoin"
| #define PACKAGE_VERSION "1.14.3"
| #define PACKAGE_STRING "RadioCoin Core 1.14.3"
| #define PACKAGE_BUGREPORT "https://github.com/radiocoin/radiocoin/issues"
| #define PACKAGE_URL "https://radiocoin.com/"
| #define HAVE_CXX11 1
| #define HAVE_STDIO_H 1
| #define HAVE_STDLIB_H 1
| #define HAVE_STRING_H 1
| #define HAVE_INTTYPES_H 1
| #define HAVE_STDINT_H 1
| #define HAVE_STRINGS_H 1
| #define HAVE_SYS_STAT_H 1
| #define HAVE_SYS_TYPES_H 1
| #define HAVE_UNISTD_H 1
| #define STDC_HEADERS 1
| #define HAVE_DLFCN_H 1
| #define LT_OBJDIR ".libs/"
| #define HAVE_PTHREAD_PRIO_INHERIT 1
| #define HAVE_PTHREAD 1
| #define HAVE_DECL_STRERROR_R 1
| #define HAVE_STRERROR_R 1
| #define HAVE_STDIO_H 1
| #define HAVE_STDLIB_H 1
| #define HAVE_UNISTD_H 1
| #define HAVE_STRINGS_H 1
| #define HAVE_SYS_TYPES_H 1
| #define HAVE_SYS_STAT_H 1
| #define HAVE_SYS_SELECT_H 1
| #define HAVE_DECL_STRNLEN 1
| #define HAVE_DECL_DAEMON 1
| /* end confdefs.h.  */
| #if HAVE_ENDIAN_H
|                  #include <endian.h>
|                  #elif HAVE_SYS_ENDIAN_H
|                  #include <sys/endian.h>
|                  #endif
| 
| int
| main (void)
| {
| #ifndef le16toh
| #ifdef __cplusplus
|   (void) le16toh;
| #else
|   (void) le16toh;
| #endif
| #endif
| 
|   ;
|   return 0;
| }
configure:24230: result: no
configure:24243: checking whether le32toh is declared
configure:24243: g++ -std=c++11 -c -g -O2 -Wall -Wextra -Wformat -Wvla -Wformat-security -Wno-unused-parameter -Wno-self-assign -Wno-unused-local-typedef -Wno-deprecated-register  -I/usr/local/opt/openjdk/include -DHAVE_BUILD_INFO -D__STDC_FORMAT_MACROS -I/usr/local/opt/berkeley-db/include -DMAC_OSX conftest.cpp >&5
conftest.cpp:47:10: error: use of undeclared identifier 'le32toh'
  (void) le32toh;
         ^
1 error generated.
configure:24243: $? = 1
configure: failed program was:
| /* confdefs.h */
| #define PACKAGE_NAME "RadioCoin Core"
| #define PACKAGE_TARNAME "radiocoin"
| #define PACKAGE_VERSION "1.14.3"
| #define PACKAGE_STRING "RadioCoin Core 1.14.3"
| #define PACKAGE_BUGREPORT "https://github.com/radiocoin/radiocoin/issues"
| #define PACKAGE_URL "https://radiocoin.com/"
| #define HAVE_CXX11 1
| #define HAVE_STDIO_H 1
| #define HAVE_STDLIB_H 1
| #define HAVE_STRING_H 1
| #define HAVE_INTTYPES_H 1
| #define HAVE_STDINT_H 1
| #define HAVE_STRINGS_H 1
| #define HAVE_SYS_STAT_H 1
| #define HAVE_SYS_TYPES_H 1
| #define HAVE_UNISTD_H 1
| #define STDC_HEADERS 1
| #define HAVE_DLFCN_H 1
| #define LT_OBJDIR ".libs/"
| #define HAVE_PTHREAD_PRIO_INHERIT 1
| #define HAVE_PTHREAD 1
| #define HAVE_DECL_STRERROR_R 1
| #define HAVE_STRERROR_R 1
| #define HAVE_STDIO_H 1
| #define HAVE_STDLIB_H 1
| #define HAVE_UNISTD_H 1
| #define HAVE_STRINGS_H 1
| #define HAVE_SYS_TYPES_H 1
| #define HAVE_SYS_STAT_H 1
| #define HAVE_SYS_SELECT_H 1
| #define HAVE_DECL_STRNLEN 1
| #define HAVE_DECL_DAEMON 1
| #define HAVE_DECL_LE16TOH 0
| /* end confdefs.h.  */
| #if HAVE_ENDIAN_H
|                  #include <endian.h>
|                  #elif HAVE_SYS_ENDIAN_H
|                  #include <sys/endian.h>
|                  #endif
| 
| int
| main (void)
| {
| #ifndef le32toh
| #ifdef __cplusplus
|   (void) le32toh;
| #else
|   (void) le32toh;
| #endif
| #endif
| 
|   ;
|   return 0;
| }
configure:24243: result: no
configure:24256: checking whether le64toh is declared
configure:24256: g++ -std=c++11 -c -g -O2 -Wall -Wextra -Wformat -Wvla -Wformat-security -Wno-unused-parameter -Wno-self-assign -Wno-unused-local-typedef -Wno-deprecated-register  -I/usr/local/opt/openjdk/include -DHAVE_BUILD_INFO -D__STDC_FORMAT_MACROS -I/usr/local/opt/berkeley-db/include -DMAC_OSX conftest.cpp >&5
conftest.cpp:48:10: error: use of undeclared identifier 'le64toh'
  (void) le64toh;
         ^
1 error generated.
configure:24256: $? = 1
configure: failed program was:
| /* confdefs.h */
| #define PACKAGE_NAME "RadioCoin Core"
| #define PACKAGE_TARNAME "radiocoin"
| #define PACKAGE_VERSION "1.14.3"
| #define PACKAGE_STRING "RadioCoin Core 1.14.3"
| #define PACKAGE_BUGREPORT "https://github.com/radiocoin/radiocoin/issues"
| #define PACKAGE_URL "https://radiocoin.com/"
| #define HAVE_CXX11 1
| #define HAVE_STDIO_H 1
| #define HAVE_STDLIB_H 1
| #define HAVE_STRING_H 1
| #define HAVE_INTTYPES_H 1
| #define HAVE_STDINT_H 1
| #define HAVE_STRINGS_H 1
| #define HAVE_SYS_STAT_H 1
| #define HAVE_SYS_TYPES_H 1
| #define HAVE_UNISTD_H 1
| #define STDC_HEADERS 1
| #define HAVE_DLFCN_H 1
| #define LT_OBJDIR ".libs/"
| #define HAVE_PTHREAD_PRIO_INHERIT 1
| #define HAVE_PTHREAD 1
| #define HAVE_DECL_STRERROR_R 1
| #define HAVE_STRERROR_R 1
| #define HAVE_STDIO_H 1
| #define HAVE_STDLIB_H 1
| #define HAVE_UNISTD_H 1
| #define HAVE_STRINGS_H 1
| #define HAVE_SYS_TYPES_H 1
| #define HAVE_SYS_STAT_H 1
| #define HAVE_SYS_SELECT_H 1
| #define HAVE_DECL_STRNLEN 1
| #define HAVE_DECL_DAEMON 1
| #define HAVE_DECL_LE16TOH 0
| #define HAVE_DECL_LE32TOH 0
| /* end confdefs.h.  */
| #if HAVE_ENDIAN_H
|                  #include <endian.h>
|                  #elif HAVE_SYS_ENDIAN_H
|                  #include <sys/endian.h>
|                  #endif
| 
| int
| main (void)
| {
| #ifndef le64toh
| #ifdef __cplusplus
|   (void) le64toh;
| #else
|   (void) le64toh;
| #endif
| #endif
| 
|   ;
|   return 0;
| }
configure:24256: result: no
configure:24269: checking whether htole16 is declared
configure:24269: g++ -std=c++11 -c -g -O2 -Wall -Wextra -Wformat -Wvla -Wformat-security -Wno-unused-parameter -Wno-self-assign -Wno-unused-local-typedef -Wno-deprecated-register  -I/usr/local/opt/openjdk/include -DHAVE_BUILD_INFO -D__STDC_FORMAT_MACROS -I/usr/local/opt/berkeley-db/include -DMAC_OSX conftest.cpp >&5
conftest.cpp:49:10: error: use of undeclared identifier 'htole16'
  (void) htole16;
         ^
1 error generated.
configure:24269: $? = 1
configure: failed program was:
| /* confdefs.h */
| #define PACKAGE_NAME "RadioCoin Core"
| #define PACKAGE_TARNAME "radiocoin"
| #define PACKAGE_VERSION "1.14.3"
| #define PACKAGE_STRING "RadioCoin Core 1.14.3"
| #define PACKAGE_BUGREPORT "https://github.com/radiocoin/radiocoin/issues"
| #define PACKAGE_URL "https://radiocoin.com/"
| #define HAVE_CXX11 1
| #define HAVE_STDIO_H 1
| #define HAVE_STDLIB_H 1
| #define HAVE_STRING_H 1
| #define HAVE_INTTYPES_H 1
| #define HAVE_STDINT_H 1
| #define HAVE_STRINGS_H 1
| #define HAVE_SYS_STAT_H 1
| #define HAVE_SYS_TYPES_H 1
| #define HAVE_UNISTD_H 1
| #define STDC_HEADERS 1
| #define HAVE_DLFCN_H 1
| #define LT_OBJDIR ".libs/"
| #define HAVE_PTHREAD_PRIO_INHERIT 1
| #define HAVE_PTHREAD 1
| #define HAVE_DECL_STRERROR_R 1
| #define HAVE_STRERROR_R 1
| #define HAVE_STDIO_H 1
| #define HAVE_STDLIB_H 1
| #define HAVE_UNISTD_H 1
| #define HAVE_STRINGS_H 1
| #define HAVE_SYS_TYPES_H 1
| #define HAVE_SYS_STAT_H 1
| #define HAVE_SYS_SELECT_H 1
| #define HAVE_DECL_STRNLEN 1
| #define HAVE_DECL_DAEMON 1
| #define HAVE_DECL_LE16TOH 0
| #define HAVE_DECL_LE32TOH 0
| #define HAVE_DECL_LE64TOH 0
| /* end confdefs.h.  */
| #if HAVE_ENDIAN_H
|                  #include <endian.h>
|                  #elif HAVE_SYS_ENDIAN_H
|                  #include <sys/endian.h>
|                  #endif
| 
| int
| main (void)
| {
| #ifndef htole16
| #ifdef __cplusplus
|   (void) htole16;
| #else
|   (void) htole16;
| #endif
| #endif
| 
|   ;
|   return 0;
| }
configure:24269: result: no
configure:24282: checking whether htole32 is declared
configure:24282: g++ -std=c++11 -c -g -O2 -Wall -Wextra -Wformat -Wvla -Wformat-security -Wno-unused-parameter -Wno-self-assign -Wno-unused-local-typedef -Wno-deprecated-register  -I/usr/local/opt/openjdk/include -DHAVE_BUILD_INFO -D__STDC_FORMAT_MACROS -I/usr/local/opt/berkeley-db/include -DMAC_OSX conftest.cpp >&5
conftest.cpp:50:10: error: use of undeclared identifier 'htole32'
  (void) htole32;
         ^
1 error generated.
configure:24282: $? = 1
configure: failed program was:
| /* confdefs.h */
| #define PACKAGE_NAME "RadioCoin Core"
| #define PACKAGE_TARNAME "radiocoin"
| #define PACKAGE_VERSION "1.14.3"
| #define PACKAGE_STRING "RadioCoin Core 1.14.3"
| #define PACKAGE_BUGREPORT "https://github.com/radiocoin/radiocoin/issues"
| #define PACKAGE_URL "https://radiocoin.com/"
| #define HAVE_CXX11 1
| #define HAVE_STDIO_H 1
| #define HAVE_STDLIB_H 1
| #define HAVE_STRING_H 1
| #define HAVE_INTTYPES_H 1
| #define HAVE_STDINT_H 1
| #define HAVE_STRINGS_H 1
| #define HAVE_SYS_STAT_H 1
| #define HAVE_SYS_TYPES_H 1
| #define HAVE_UNISTD_H 1
| #define STDC_HEADERS 1
| #define HAVE_DLFCN_H 1
| #define LT_OBJDIR ".libs/"
| #define HAVE_PTHREAD_PRIO_INHERIT 1
| #define HAVE_PTHREAD 1
| #define HAVE_DECL_STRERROR_R 1
| #define HAVE_STRERROR_R 1
| #define HAVE_STDIO_H 1
| #define HAVE_STDLIB_H 1
| #define HAVE_UNISTD_H 1
| #define HAVE_STRINGS_H 1
| #define HAVE_SYS_TYPES_H 1
| #define HAVE_SYS_STAT_H 1
| #define HAVE_SYS_SELECT_H 1
| #define HAVE_DECL_STRNLEN 1
| #define HAVE_DECL_DAEMON 1
| #define HAVE_DECL_LE16TOH 0
| #define HAVE_DECL_LE32TOH 0
| #define HAVE_DECL_LE64TOH 0
| #define HAVE_DECL_HTOLE16 0
| /* end confdefs.h.  */
| #if HAVE_ENDIAN_H
|                  #include <endian.h>
|                  #elif HAVE_SYS_ENDIAN_H
|                  #include <sys/endian.h>
|                  #endif
| 
| int
| main (void)
| {
| #ifndef htole32
| #ifdef __cplusplus
|   (void) htole32;
| #else
|   (void) htole32;
| #endif
| #endif
| 
|   ;
|   return 0;
| }
configure:24282: result: no
configure:24295: checking whether htole64 is declared
configure:24295: g++ -std=c++11 -c -g -O2 -Wall -Wextra -Wformat -Wvla -Wformat-security -Wno-unused-parameter -Wno-self-assign -Wno-unused-local-typedef -Wno-deprecated-register  -I/usr/local/opt/openjdk/include -DHAVE_BUILD_INFO -D__STDC_FORMAT_MACROS -I/usr/local/opt/berkeley-db/include -DMAC_OSX conftest.cpp >&5
conftest.cpp:51:10: error: use of undeclared identifier 'htole64'
  (void) htole64;
         ^
1 error generated.
configure:24295: $? = 1
configure: failed program was:
| /* confdefs.h */
| #define PACKAGE_NAME "RadioCoin Core"
| #define PACKAGE_TARNAME "radiocoin"
| #define PACKAGE_VERSION "1.14.3"
| #define PACKAGE_STRING "RadioCoin Core 1.14.3"
| #define PACKAGE_BUGREPORT "https://github.com/radiocoin/radiocoin/issues"
| #define PACKAGE_URL "https://radiocoin.com/"
| #define HAVE_CXX11 1
| #define HAVE_STDIO_H 1
| #define HAVE_STDLIB_H 1
| #define HAVE_STRING_H 1
| #define HAVE_INTTYPES_H 1
| #define HAVE_STDINT_H 1
| #define HAVE_STRINGS_H 1
| #define HAVE_SYS_STAT_H 1
| #define HAVE_SYS_TYPES_H 1
| #define HAVE_UNISTD_H 1
| #define STDC_HEADERS 1
| #define HAVE_DLFCN_H 1
| #define LT_OBJDIR ".libs/"
| #define HAVE_PTHREAD_PRIO_INHERIT 1
| #define HAVE_PTHREAD 1
| #define HAVE_DECL_STRERROR_R 1
| #define HAVE_STRERROR_R 1
| #define HAVE_STDIO_H 1
| #define HAVE_STDLIB_H 1
| #define HAVE_UNISTD_H 1
| #define HAVE_STRINGS_H 1
| #define HAVE_SYS_TYPES_H 1
| #define HAVE_SYS_STAT_H 1
| #define HAVE_SYS_SELECT_H 1
| #define HAVE_DECL_STRNLEN 1
| #define HAVE_DECL_DAEMON 1
| #define HAVE_DECL_LE16TOH 0
| #define HAVE_DECL_LE32TOH 0
| #define HAVE_DECL_LE64TOH 0
| #define HAVE_DECL_HTOLE16 0
| #define HAVE_DECL_HTOLE32 0
| /* end confdefs.h.  */
| #if HAVE_ENDIAN_H
|                  #include <endian.h>
|                  #elif HAVE_SYS_ENDIAN_H
|                  #include <sys/endian.h>
|                  #endif
| 
| int
| main (void)
| {
| #ifndef htole64
| #ifdef __cplusplus
|   (void) htole64;
| #else
|   (void) htole64;
| #endif
| #endif
| 
|   ;
|   return 0;
| }
configure:24295: result: no
configure:24308: checking whether be16toh is declared
configure:24308: g++ -std=c++11 -c -g -O2 -Wall -Wextra -Wformat -Wvla -Wformat-security -Wno-unused-parameter -Wno-self-assign -Wno-unused-local-typedef -Wno-deprecated-register  -I/usr/local/opt/openjdk/include -DHAVE_BUILD_INFO -D__STDC_FORMAT_MACROS -I/usr/local/opt/berkeley-db/include -DMAC_OSX conftest.cpp >&5
conftest.cpp:52:10: error: use of undeclared identifier 'be16toh'
  (void) be16toh;
         ^
1 error generated.
configure:24308: $? = 1
configure: failed program was:
| /* confdefs.h */
| #define PACKAGE_NAME "RadioCoin Core"
| #define PACKAGE_TARNAME "radiocoin"
| #define PACKAGE_VERSION "1.14.3"
| #define PACKAGE_STRING "RadioCoin Core 1.14.3"
| #define PACKAGE_BUGREPORT "https://github.com/radiocoin/radiocoin/issues"
| #define PACKAGE_URL "https://radiocoin.com/"
| #define HAVE_CXX11 1
| #define HAVE_STDIO_H 1
| #define HAVE_STDLIB_H 1
| #define HAVE_STRING_H 1
| #define HAVE_INTTYPES_H 1
| #define HAVE_STDINT_H 1
| #define HAVE_STRINGS_H 1
| #define HAVE_SYS_STAT_H 1
| #define HAVE_SYS_TYPES_H 1
| #define HAVE_UNISTD_H 1
| #define STDC_HEADERS 1
| #define HAVE_DLFCN_H 1
| #define LT_OBJDIR ".libs/"
| #define HAVE_PTHREAD_PRIO_INHERIT 1
| #define HAVE_PTHREAD 1
| #define HAVE_DECL_STRERROR_R 1
| #define HAVE_STRERROR_R 1
| #define HAVE_STDIO_H 1
| #define HAVE_STDLIB_H 1
| #define HAVE_UNISTD_H 1
| #define HAVE_STRINGS_H 1
| #define HAVE_SYS_TYPES_H 1
| #define HAVE_SYS_STAT_H 1
| #define HAVE_SYS_SELECT_H 1
| #define HAVE_DECL_STRNLEN 1
| #define HAVE_DECL_DAEMON 1
| #define HAVE_DECL_LE16TOH 0
| #define HAVE_DECL_LE32TOH 0
| #define HAVE_DECL_LE64TOH 0
| #define HAVE_DECL_HTOLE16 0
| #define HAVE_DECL_HTOLE32 0
| #define HAVE_DECL_HTOLE64 0
| /* end confdefs.h.  */
| #if HAVE_ENDIAN_H
|                  #include <endian.h>
|                  #elif HAVE_SYS_ENDIAN_H
|                  #include <sys/endian.h>
|                  #endif
| 
| int
| main (void)
| {
| #ifndef be16toh
| #ifdef __cplusplus
|   (void) be16toh;
| #else
|   (void) be16toh;
| #endif
| #endif
| 
|   ;
|   return 0;
| }
configure:24308: result: no
configure:24321: checking whether be32toh is declared
configure:24321: g++ -std=c++11 -c -g -O2 -Wall -Wextra -Wformat -Wvla -Wformat-security -Wno-unused-parameter -Wno-self-assign -Wno-unused-local-typedef -Wno-deprecated-register  -I/usr/local/opt/openjdk/include -DHAVE_BUILD_INFO -D__STDC_FORMAT_MACROS -I/usr/local/opt/berkeley-db/include -DMAC_OSX conftest.cpp >&5
conftest.cpp:53:10: error: use of undeclared identifier 'be32toh'
  (void) be32toh;
         ^
1 error generated.
configure:24321: $? = 1
configure: failed program was:
| /* confdefs.h */
| #define PACKAGE_NAME "RadioCoin Core"
| #define PACKAGE_TARNAME "radiocoin"
| #define PACKAGE_VERSION "1.14.3"
| #define PACKAGE_STRING "RadioCoin Core 1.14.3"
| #define PACKAGE_BUGREPORT "https://github.com/radiocoin/radiocoin/issues"
| #define PACKAGE_URL "https://radiocoin.com/"
| #define HAVE_CXX11 1
| #define HAVE_STDIO_H 1
| #define HAVE_STDLIB_H 1
| #define HAVE_STRING_H 1
| #define HAVE_INTTYPES_H 1
| #define HAVE_STDINT_H 1
| #define HAVE_STRINGS_H 1
| #define HAVE_SYS_STAT_H 1
| #define HAVE_SYS_TYPES_H 1
| #define HAVE_UNISTD_H 1
| #define STDC_HEADERS 1
| #define HAVE_DLFCN_H 1
| #define LT_OBJDIR ".libs/"
| #define HAVE_PTHREAD_PRIO_INHERIT 1
| #define HAVE_PTHREAD 1
| #define HAVE_DECL_STRERROR_R 1
| #define HAVE_STRERROR_R 1
| #define HAVE_STDIO_H 1
| #define HAVE_STDLIB_H 1
| #define HAVE_UNISTD_H 1
| #define HAVE_STRINGS_H 1
| #define HAVE_SYS_TYPES_H 1
| #define HAVE_SYS_STAT_H 1
| #define HAVE_SYS_SELECT_H 1
| #define HAVE_DECL_STRNLEN 1
| #define HAVE_DECL_DAEMON 1
| #define HAVE_DECL_LE16TOH 0
| #define HAVE_DECL_LE32TOH 0
| #define HAVE_DECL_LE64TOH 0
| #define HAVE_DECL_HTOLE16 0
| #define HAVE_DECL_HTOLE32 0
| #define HAVE_DECL_HTOLE64 0
| #define HAVE_DECL_BE16TOH 0
| /* end confdefs.h.  */
| #if HAVE_ENDIAN_H
|                  #include <endian.h>
|                  #elif HAVE_SYS_ENDIAN_H
|                  #include <sys/endian.h>
|                  #endif
| 
| int
| main (void)
| {
| #ifndef be32toh
| #ifdef __cplusplus
|   (void) be32toh;
| #else
|   (void) be32toh;
| #endif
| #endif
| 
|   ;
|   return 0;
| }
configure:24321: result: no
configure:24334: checking whether be64toh is declared
configure:24334: g++ -std=c++11 -c -g -O2 -Wall -Wextra -Wformat -Wvla -Wformat-security -Wno-unused-parameter -Wno-self-assign -Wno-unused-local-typedef -Wno-deprecated-register  -I/usr/local/opt/openjdk/include -DHAVE_BUILD_INFO -D__STDC_FORMAT_MACROS -I/usr/local/opt/berkeley-db/include -DMAC_OSX conftest.cpp >&5
conftest.cpp:54:10: error: use of undeclared identifier 'be64toh'
  (void) be64toh;
         ^
1 error generated.
configure:24334: $? = 1
configure: failed program was:
| /* confdefs.h */
| #define PACKAGE_NAME "RadioCoin Core"
| #define PACKAGE_TARNAME "radiocoin"
| #define PACKAGE_VERSION "1.14.3"
| #define PACKAGE_STRING "RadioCoin Core 1.14.3"
| #define PACKAGE_BUGREPORT "https://github.com/radiocoin/radiocoin/issues"
| #define PACKAGE_URL "https://radiocoin.com/"
| #define HAVE_CXX11 1
| #define HAVE_STDIO_H 1
| #define HAVE_STDLIB_H 1
| #define HAVE_STRING_H 1
| #define HAVE_INTTYPES_H 1
| #define HAVE_STDINT_H 1
| #define HAVE_STRINGS_H 1
| #define HAVE_SYS_STAT_H 1
| #define HAVE_SYS_TYPES_H 1
| #define HAVE_UNISTD_H 1
| #define STDC_HEADERS 1
| #define HAVE_DLFCN_H 1
| #define LT_OBJDIR ".libs/"
| #define HAVE_PTHREAD_PRIO_INHERIT 1
| #define HAVE_PTHREAD 1
| #define HAVE_DECL_STRERROR_R 1
| #define HAVE_STRERROR_R 1
| #define HAVE_STDIO_H 1
| #define HAVE_STDLIB_H 1
| #define HAVE_UNISTD_H 1
| #define HAVE_STRINGS_H 1
| #define HAVE_SYS_TYPES_H 1
| #define HAVE_SYS_STAT_H 1
| #define HAVE_SYS_SELECT_H 1
| #define HAVE_DECL_STRNLEN 1
| #define HAVE_DECL_DAEMON 1
| #define HAVE_DECL_LE16TOH 0
| #define HAVE_DECL_LE32TOH 0
| #define HAVE_DECL_LE64TOH 0
| #define HAVE_DECL_HTOLE16 0
| #define HAVE_DECL_HTOLE32 0
| #define HAVE_DECL_HTOLE64 0
| #define HAVE_DECL_BE16TOH 0
| #define HAVE_DECL_BE32TOH 0
| /* end confdefs.h.  */
| #if HAVE_ENDIAN_H
|                  #include <endian.h>
|                  #elif HAVE_SYS_ENDIAN_H
|                  #include <sys/endian.h>
|                  #endif
| 
| int
| main (void)
| {
| #ifndef be64toh
| #ifdef __cplusplus
|   (void) be64toh;
| #else
|   (void) be64toh;
| #endif
| #endif
| 
|   ;
|   return 0;
| }
configure:24334: result: no
configure:24347: checking whether htobe16 is declared
configure:24347: g++ -std=c++11 -c -g -O2 -Wall -Wextra -Wformat -Wvla -Wformat-security -Wno-unused-parameter -Wno-self-assign -Wno-unused-local-typedef -Wno-deprecated-register  -I/usr/local/opt/openjdk/include -DHAVE_BUILD_INFO -D__STDC_FORMAT_MACROS -I/usr/local/opt/berkeley-db/include -DMAC_OSX conftest.cpp >&5
conftest.cpp:55:10: error: use of undeclared identifier 'htobe16'
  (void) htobe16;
         ^
1 error generated.
configure:24347: $? = 1
configure: failed program was:
| /* confdefs.h */
| #define PACKAGE_NAME "RadioCoin Core"
| #define PACKAGE_TARNAME "radiocoin"
| #define PACKAGE_VERSION "1.14.3"
| #define PACKAGE_STRING "RadioCoin Core 1.14.3"
| #define PACKAGE_BUGREPORT "https://github.com/radiocoin/radiocoin/issues"
| #define PACKAGE_URL "https://radiocoin.com/"
| #define HAVE_CXX11 1
| #define HAVE_STDIO_H 1
| #define HAVE_STDLIB_H 1
| #define HAVE_STRING_H 1
| #define HAVE_INTTYPES_H 1
| #define HAVE_STDINT_H 1
| #define HAVE_STRINGS_H 1
| #define HAVE_SYS_STAT_H 1
| #define HAVE_SYS_TYPES_H 1
| #define HAVE_UNISTD_H 1
| #define STDC_HEADERS 1
| #define HAVE_DLFCN_H 1
| #define LT_OBJDIR ".libs/"
| #define HAVE_PTHREAD_PRIO_INHERIT 1
| #define HAVE_PTHREAD 1
| #define HAVE_DECL_STRERROR_R 1
| #define HAVE_STRERROR_R 1
| #define HAVE_STDIO_H 1
| #define HAVE_STDLIB_H 1
| #define HAVE_UNISTD_H 1
| #define HAVE_STRINGS_H 1
| #define HAVE_SYS_TYPES_H 1
| #define HAVE_SYS_STAT_H 1
| #define HAVE_SYS_SELECT_H 1
| #define HAVE_DECL_STRNLEN 1
| #define HAVE_DECL_DAEMON 1
| #define HAVE_DECL_LE16TOH 0
| #define HAVE_DECL_LE32TOH 0
| #define HAVE_DECL_LE64TOH 0
| #define HAVE_DECL_HTOLE16 0
| #define HAVE_DECL_HTOLE32 0
| #define HAVE_DECL_HTOLE64 0
| #define HAVE_DECL_BE16TOH 0
| #define HAVE_DECL_BE32TOH 0
| #define HAVE_DECL_BE64TOH 0
| /* end confdefs.h.  */
| #if HAVE_ENDIAN_H
|                  #include <endian.h>
|                  #elif HAVE_SYS_ENDIAN_H
|                  #include <sys/endian.h>
|                  #endif
| 
| int
| main (void)
| {
| #ifndef htobe16
| #ifdef __cplusplus
|   (void) htobe16;
| #else
|   (void) htobe16;
| #endif
| #endif
| 
|   ;
|   return 0;
| }
configure:24347: result: no
configure:24360: checking whether htobe32 is declared
configure:24360: g++ -std=c++11 -c -g -O2 -Wall -Wextra -Wformat -Wvla -Wformat-security -Wno-unused-parameter -Wno-self-assign -Wno-unused-local-typedef -Wno-deprecated-register  -I/usr/local/opt/openjdk/include -DHAVE_BUILD_INFO -D__STDC_FORMAT_MACROS -I/usr/local/opt/berkeley-db/include -DMAC_OSX conftest.cpp >&5
conftest.cpp:56:10: error: use of undeclared identifier 'htobe32'
  (void) htobe32;
         ^
1 error generated.
configure:24360: $? = 1
configure: failed program was:
| /* confdefs.h */
| #define PACKAGE_NAME "RadioCoin Core"
| #define PACKAGE_TARNAME "radiocoin"
| #define PACKAGE_VERSION "1.14.3"
| #define PACKAGE_STRING "RadioCoin Core 1.14.3"
| #define PACKAGE_BUGREPORT "https://github.com/radiocoin/radiocoin/issues"
| #define PACKAGE_URL "https://radiocoin.com/"
| #define HAVE_CXX11 1
| #define HAVE_STDIO_H 1
| #define HAVE_STDLIB_H 1
| #define HAVE_STRING_H 1
| #define HAVE_INTTYPES_H 1
| #define HAVE_STDINT_H 1
| #define HAVE_STRINGS_H 1
| #define HAVE_SYS_STAT_H 1
| #define HAVE_SYS_TYPES_H 1
| #define HAVE_UNISTD_H 1
| #define STDC_HEADERS 1
| #define HAVE_DLFCN_H 1
| #define LT_OBJDIR ".libs/"
| #define HAVE_PTHREAD_PRIO_INHERIT 1
| #define HAVE_PTHREAD 1
| #define HAVE_DECL_STRERROR_R 1
| #define HAVE_STRERROR_R 1
| #define HAVE_STDIO_H 1
| #define HAVE_STDLIB_H 1
| #define HAVE_UNISTD_H 1
| #define HAVE_STRINGS_H 1
| #define HAVE_SYS_TYPES_H 1
| #define HAVE_SYS_STAT_H 1
| #define HAVE_SYS_SELECT_H 1
| #define HAVE_DECL_STRNLEN 1
| #define HAVE_DECL_DAEMON 1
| #define HAVE_DECL_LE16TOH 0
| #define HAVE_DECL_LE32TOH 0
| #define HAVE_DECL_LE64TOH 0
| #define HAVE_DECL_HTOLE16 0
| #define HAVE_DECL_HTOLE32 0
| #define HAVE_DECL_HTOLE64 0
| #define HAVE_DECL_BE16TOH 0
| #define HAVE_DECL_BE32TOH 0
| #define HAVE_DECL_BE64TOH 0
| #define HAVE_DECL_HTOBE16 0
| /* end confdefs.h.  */
| #if HAVE_ENDIAN_H
|                  #include <endian.h>
|                  #elif HAVE_SYS_ENDIAN_H
|                  #include <sys/endian.h>
|                  #endif
| 
| int
| main (void)
| {
| #ifndef htobe32
| #ifdef __cplusplus
|   (void) htobe32;
| #else
|   (void) htobe32;
| #endif
| #endif
| 
|   ;
|   return 0;
| }
configure:24360: result: no
configure:24373: checking whether htobe64 is declared
configure:24373: g++ -std=c++11 -c -g -O2 -Wall -Wextra -Wformat -Wvla -Wformat-security -Wno-unused-parameter -Wno-self-assign -Wno-unused-local-typedef -Wno-deprecated-register  -I/usr/local/opt/openjdk/include -DHAVE_BUILD_INFO -D__STDC_FORMAT_MACROS -I/usr/local/opt/berkeley-db/include -DMAC_OSX conftest.cpp >&5
conftest.cpp:57:10: error: use of undeclared identifier 'htobe64'
  (void) htobe64;
         ^
1 error generated.
configure:24373: $? = 1
configure: failed program was:
| /* confdefs.h */
| #define PACKAGE_NAME "RadioCoin Core"
| #define PACKAGE_TARNAME "radiocoin"
| #define PACKAGE_VERSION "1.14.3"
| #define PACKAGE_STRING "RadioCoin Core 1.14.3"
| #define PACKAGE_BUGREPORT "https://github.com/radiocoin/radiocoin/issues"
| #define PACKAGE_URL "https://radiocoin.com/"
| #define HAVE_CXX11 1
| #define HAVE_STDIO_H 1
| #define HAVE_STDLIB_H 1
| #define HAVE_STRING_H 1
| #define HAVE_INTTYPES_H 1
| #define HAVE_STDINT_H 1
| #define HAVE_STRINGS_H 1
| #define HAVE_SYS_STAT_H 1
| #define HAVE_SYS_TYPES_H 1
| #define HAVE_UNISTD_H 1
| #define STDC_HEADERS 1
| #define HAVE_DLFCN_H 1
| #define LT_OBJDIR ".libs/"
| #define HAVE_PTHREAD_PRIO_INHERIT 1
| #define HAVE_PTHREAD 1
| #define HAVE_DECL_STRERROR_R 1
| #define HAVE_STRERROR_R 1
| #define HAVE_STDIO_H 1
| #define HAVE_STDLIB_H 1
| #define HAVE_UNISTD_H 1
| #define HAVE_STRINGS_H 1
| #define HAVE_SYS_TYPES_H 1
| #define HAVE_SYS_STAT_H 1
| #define HAVE_SYS_SELECT_H 1
| #define HAVE_DECL_STRNLEN 1
| #define HAVE_DECL_DAEMON 1
| #define HAVE_DECL_LE16TOH 0
| #define HAVE_DECL_LE32TOH 0
| #define HAVE_DECL_LE64TOH 0
| #define HAVE_DECL_HTOLE16 0
| #define HAVE_DECL_HTOLE32 0
| #define HAVE_DECL_HTOLE64 0
| #define HAVE_DECL_BE16TOH 0
| #define HAVE_DECL_BE32TOH 0
| #define HAVE_DECL_BE64TOH 0
| #define HAVE_DECL_HTOBE16 0
| #define HAVE_DECL_HTOBE32 0
| /* end confdefs.h.  */
| #if HAVE_ENDIAN_H
|                  #include <endian.h>
|                  #elif HAVE_SYS_ENDIAN_H
|                  #include <sys/endian.h>
|                  #endif
| 
| int
| main (void)
| {
| #ifndef htobe64
| #ifdef __cplusplus
|   (void) htobe64;
| #else
|   (void) htobe64;
| #endif
| #endif
| 
|   ;
|   return 0;
| }
configure:24373: result: no
configure:24388: checking whether bswap_16 is declared
configure:24388: g++ -std=c++11 -c -g -O2 -Wall -Wextra -Wformat -Wvla -Wformat-security -Wno-unused-parameter -Wno-self-assign -Wno-unused-local-typedef -Wno-deprecated-register  -I/usr/local/opt/openjdk/include -DHAVE_BUILD_INFO -D__STDC_FORMAT_MACROS -I/usr/local/opt/berkeley-db/include -DMAC_OSX conftest.cpp >&5
conftest.cpp:56:10: error: use of undeclared identifier 'bswap_16'
  (void) bswap_16;
         ^
1 error generated.
configure:24388: $? = 1
configure: failed program was:
| /* confdefs.h */
| #define PACKAGE_NAME "RadioCoin Core"
| #define PACKAGE_TARNAME "radiocoin"
| #define PACKAGE_VERSION "1.14.3"
| #define PACKAGE_STRING "RadioCoin Core 1.14.3"
| #define PACKAGE_BUGREPORT "https://github.com/radiocoin/radiocoin/issues"
| #define PACKAGE_URL "https://radiocoin.com/"
| #define HAVE_CXX11 1
| #define HAVE_STDIO_H 1
| #define HAVE_STDLIB_H 1
| #define HAVE_STRING_H 1
| #define HAVE_INTTYPES_H 1
| #define HAVE_STDINT_H 1
| #define HAVE_STRINGS_H 1
| #define HAVE_SYS_STAT_H 1
| #define HAVE_SYS_TYPES_H 1
| #define HAVE_UNISTD_H 1
| #define STDC_HEADERS 1
| #define HAVE_DLFCN_H 1
| #define LT_OBJDIR ".libs/"
| #define HAVE_PTHREAD_PRIO_INHERIT 1
| #define HAVE_PTHREAD 1
| #define HAVE_DECL_STRERROR_R 1
| #define HAVE_STRERROR_R 1
| #define HAVE_STDIO_H 1
| #define HAVE_STDLIB_H 1
| #define HAVE_UNISTD_H 1
| #define HAVE_STRINGS_H 1
| #define HAVE_SYS_TYPES_H 1
| #define HAVE_SYS_STAT_H 1
| #define HAVE_SYS_SELECT_H 1
| #define HAVE_DECL_STRNLEN 1
| #define HAVE_DECL_DAEMON 1
| #define HAVE_DECL_LE16TOH 0
| #define HAVE_DECL_LE32TOH 0
| #define HAVE_DECL_LE64TOH 0
| #define HAVE_DECL_HTOLE16 0
| #define HAVE_DECL_HTOLE32 0
| #define HAVE_DECL_HTOLE64 0
| #define HAVE_DECL_BE16TOH 0
| #define HAVE_DECL_BE32TOH 0
| #define HAVE_DECL_BE64TOH 0
| #define HAVE_DECL_HTOBE16 0
| #define HAVE_DECL_HTOBE32 0
| #define HAVE_DECL_HTOBE64 0
| /* end confdefs.h.  */
| #if HAVE_BYTESWAP_H
|                  #include <byteswap.h>
|                  #endif
| 
| int
| main (void)
| {
| #ifndef bswap_16
| #ifdef __cplusplus
|   (void) bswap_16;
| #else
|   (void) bswap_16;
| #endif
| #endif
| 
|   ;
|   return 0;
| }
configure:24388: result: no
configure:24399: checking whether bswap_32 is declared
configure:24399: g++ -std=c++11 -c -g -O2 -Wall -Wextra -Wformat -Wvla -Wformat-security -Wno-unused-parameter -Wno-self-assign -Wno-unused-local-typedef -Wno-deprecated-register  -I/usr/local/opt/openjdk/include -DHAVE_BUILD_INFO -D__STDC_FORMAT_MACROS -I/usr/local/opt/berkeley-db/include -DMAC_OSX conftest.cpp >&5
conftest.cpp:57:10: error: use of undeclared identifier 'bswap_32'
  (void) bswap_32;
         ^
1 error generated.
configure:24399: $? = 1
configure: failed program was:
| /* confdefs.h */
| #define PACKAGE_NAME "RadioCoin Core"
| #define PACKAGE_TARNAME "radiocoin"
| #define PACKAGE_VERSION "1.14.3"
| #define PACKAGE_STRING "RadioCoin Core 1.14.3"
| #define PACKAGE_BUGREPORT "https://github.com/radiocoin/radiocoin/issues"
| #define PACKAGE_URL "https://radiocoin.com/"
| #define HAVE_CXX11 1
| #define HAVE_STDIO_H 1
| #define HAVE_STDLIB_H 1
| #define HAVE_STRING_H 1
| #define HAVE_INTTYPES_H 1
| #define HAVE_STDINT_H 1
| #define HAVE_STRINGS_H 1
| #define HAVE_SYS_STAT_H 1
| #define HAVE_SYS_TYPES_H 1
| #define HAVE_UNISTD_H 1
| #define STDC_HEADERS 1
| #define HAVE_DLFCN_H 1
| #define LT_OBJDIR ".libs/"
| #define HAVE_PTHREAD_PRIO_INHERIT 1
| #define HAVE_PTHREAD 1
| #define HAVE_DECL_STRERROR_R 1
| #define HAVE_STRERROR_R 1
| #define HAVE_STDIO_H 1
| #define HAVE_STDLIB_H 1
| #define HAVE_UNISTD_H 1
| #define HAVE_STRINGS_H 1
| #define HAVE_SYS_TYPES_H 1
| #define HAVE_SYS_STAT_H 1
| #define HAVE_SYS_SELECT_H 1
| #define HAVE_DECL_STRNLEN 1
| #define HAVE_DECL_DAEMON 1
| #define HAVE_DECL_LE16TOH 0
| #define HAVE_DECL_LE32TOH 0
| #define HAVE_DECL_LE64TOH 0
| #define HAVE_DECL_HTOLE16 0
| #define HAVE_DECL_HTOLE32 0
| #define HAVE_DECL_HTOLE64 0
| #define HAVE_DECL_BE16TOH 0
| #define HAVE_DECL_BE32TOH 0
| #define HAVE_DECL_BE64TOH 0
| #define HAVE_DECL_HTOBE16 0
| #define HAVE_DECL_HTOBE32 0
| #define HAVE_DECL_HTOBE64 0
| #define HAVE_DECL_BSWAP_16 0
| /* end confdefs.h.  */
| #if HAVE_BYTESWAP_H
|                  #include <byteswap.h>
|                  #endif
| 
| int
| main (void)
| {
| #ifndef bswap_32
| #ifdef __cplusplus
|   (void) bswap_32;
| #else
|   (void) bswap_32;
| #endif
| #endif
| 
|   ;
|   return 0;
| }
configure:24399: result: no
configure:24410: checking whether bswap_64 is declared
configure:24410: g++ -std=c++11 -c -g -O2 -Wall -Wextra -Wformat -Wvla -Wformat-security -Wno-unused-parameter -Wno-self-assign -Wno-unused-local-typedef -Wno-deprecated-register  -I/usr/local/opt/openjdk/include -DHAVE_BUILD_INFO -D__STDC_FORMAT_MACROS -I/usr/local/opt/berkeley-db/include -DMAC_OSX conftest.cpp >&5
conftest.cpp:58:10: error: use of undeclared identifier 'bswap_64'
  (void) bswap_64;
         ^
1 error generated.
configure:24410: $? = 1
configure: failed program was:
| /* confdefs.h */
| #define PACKAGE_NAME "RadioCoin Core"
| #define PACKAGE_TARNAME "radiocoin"
| #define PACKAGE_VERSION "1.14.3"
| #define PACKAGE_STRING "RadioCoin Core 1.14.3"
| #define PACKAGE_BUGREPORT "https://github.com/radiocoin/radiocoin/issues"
| #define PACKAGE_URL "https://radiocoin.com/"
| #define HAVE_CXX11 1
| #define HAVE_STDIO_H 1
| #define HAVE_STDLIB_H 1
| #define HAVE_STRING_H 1
| #define HAVE_INTTYPES_H 1
| #define HAVE_STDINT_H 1
| #define HAVE_STRINGS_H 1
| #define HAVE_SYS_STAT_H 1
| #define HAVE_SYS_TYPES_H 1
| #define HAVE_UNISTD_H 1
| #define STDC_HEADERS 1
| #define HAVE_DLFCN_H 1
| #define LT_OBJDIR ".libs/"
| #define HAVE_PTHREAD_PRIO_INHERIT 1
| #define HAVE_PTHREAD 1
| #define HAVE_DECL_STRERROR_R 1
| #define HAVE_STRERROR_R 1
| #define HAVE_STDIO_H 1
| #define HAVE_STDLIB_H 1
| #define HAVE_UNISTD_H 1
| #define HAVE_STRINGS_H 1
| #define HAVE_SYS_TYPES_H 1
| #define HAVE_SYS_STAT_H 1
| #define HAVE_SYS_SELECT_H 1
| #define HAVE_DECL_STRNLEN 1
| #define HAVE_DECL_DAEMON 1
| #define HAVE_DECL_LE16TOH 0
| #define HAVE_DECL_LE32TOH 0
| #define HAVE_DECL_LE64TOH 0
| #define HAVE_DECL_HTOLE16 0
| #define HAVE_DECL_HTOLE32 0
| #define HAVE_DECL_HTOLE64 0
| #define HAVE_DECL_BE16TOH 0
| #define HAVE_DECL_BE32TOH 0
| #define HAVE_DECL_BE64TOH 0
| #define HAVE_DECL_HTOBE16 0
| #define HAVE_DECL_HTOBE32 0
| #define HAVE_DECL_HTOBE64 0
| #define HAVE_DECL_BSWAP_16 0
| #define HAVE_DECL_BSWAP_32 0
| /* end confdefs.h.  */
| #if HAVE_BYTESWAP_H
|                  #include <byteswap.h>
|                  #endif
| 
| int
| main (void)
| {
| #ifndef bswap_64
| #ifdef __cplusplus
|   (void) bswap_64;
| #else
|   (void) bswap_64;
| #endif
| #endif
| 
|   ;
|   return 0;
| }
configure:24410: result: no
configure:24423: checking for MSG_NOSIGNAL
configure:24436: g++ -std=c++11 -c -g -O2 -Wall -Wextra -Wformat -Wvla -Wformat-security -Wno-unused-parameter -Wno-self-assign -Wno-unused-local-typedef -Wno-deprecated-register -I/usr/local/opt/openjdk/include -DHAVE_BUILD_INFO -D__STDC_FORMAT_MACROS -I/usr/local/opt/berkeley-db/include -DMAC_OSX conftest.cpp >&5
conftest.cpp:54:6: warning: unused variable 'f' [-Wunused-variable]
 int f = MSG_NOSIGNAL;
     ^
1 warning generated.
configure:24436: $? = 0
configure:24438: result: yes
configure:24449: checking for mallopt M_ARENA_MAX
configure:24462: g++ -std=c++11 -c -g -O2 -Wall -Wextra -Wformat -Wvla -Wformat-security -Wno-unused-parameter -Wno-self-assign -Wno-unused-local-typedef -Wno-deprecated-register -I/usr/local/opt/openjdk/include -DHAVE_BUILD_INFO -D__STDC_FORMAT_MACROS -I/usr/local/opt/berkeley-db/include -DMAC_OSX conftest.cpp >&5
conftest.cpp:51:10: fatal error: 'malloc.h' file not found
#include <malloc.h>
         ^~~~~~~~~~
1 error generated.
configure:24462: $? = 1
configure: failed program was:
| /* confdefs.h */
| #define PACKAGE_NAME "RadioCoin Core"
| #define PACKAGE_TARNAME "radiocoin"
| #define PACKAGE_VERSION "1.14.3"
| #define PACKAGE_STRING "RadioCoin Core 1.14.3"
| #define PACKAGE_BUGREPORT "https://github.com/radiocoin/radiocoin/issues"
| #define PACKAGE_URL "https://radiocoin.com/"
| #define HAVE_CXX11 1
| #define HAVE_STDIO_H 1
| #define HAVE_STDLIB_H 1
| #define HAVE_STRING_H 1
| #define HAVE_INTTYPES_H 1
| #define HAVE_STDINT_H 1
| #define HAVE_STRINGS_H 1
| #define HAVE_SYS_STAT_H 1
| #define HAVE_SYS_TYPES_H 1
| #define HAVE_UNISTD_H 1
| #define STDC_HEADERS 1
| #define HAVE_DLFCN_H 1
| #define LT_OBJDIR ".libs/"
| #define HAVE_PTHREAD_PRIO_INHERIT 1
| #define HAVE_PTHREAD 1
| #define HAVE_DECL_STRERROR_R 1
| #define HAVE_STRERROR_R 1
| #define HAVE_STDIO_H 1
| #define HAVE_STDLIB_H 1
| #define HAVE_UNISTD_H 1
| #define HAVE_STRINGS_H 1
| #define HAVE_SYS_TYPES_H 1
| #define HAVE_SYS_STAT_H 1
| #define HAVE_SYS_SELECT_H 1
| #define HAVE_DECL_STRNLEN 1
| #define HAVE_DECL_DAEMON 1
| #define HAVE_DECL_LE16TOH 0
| #define HAVE_DECL_LE32TOH 0
| #define HAVE_DECL_LE64TOH 0
| #define HAVE_DECL_HTOLE16 0
| #define HAVE_DECL_HTOLE32 0
| #define HAVE_DECL_HTOLE64 0
| #define HAVE_DECL_BE16TOH 0
| #define HAVE_DECL_BE32TOH 0
| #define HAVE_DECL_BE64TOH 0
| #define HAVE_DECL_HTOBE16 0
| #define HAVE_DECL_HTOBE32 0
| #define HAVE_DECL_HTOBE64 0
| #define HAVE_DECL_BSWAP_16 0
| #define HAVE_DECL_BSWAP_32 0
| #define HAVE_DECL_BSWAP_64 0
| #define HAVE_MSG_NOSIGNAL 1
| /* end confdefs.h.  */
| #include <malloc.h>
| int
| main (void)
| {
|  mallopt(M_ARENA_MAX, 1);
|   ;
|   return 0;
| }
configure:24469: result: no
configure:24475: checking for visibility attribute
configure:24484: g++ -std=c++11 -o conftest -g -O2 -Wall -Wextra -Wformat -Wvla -Wformat-security -Wno-unused-parameter -Wno-self-assign -Wno-unused-local-typedef -Wno-deprecated-register -I/usr/local/opt/openjdk/include -DHAVE_BUILD_INFO -D__STDC_FORMAT_MACROS -I/usr/local/opt/berkeley-db/include -DMAC_OSX -L/usr/local/opt/ncurses/lib -Wl,-headerpad_max_install_names -Wl,-dead_strip conftest.cpp  -L/usr/local/opt/berkeley-db/lib >&5
configure:24484: $? = 0
configure:24490: result: yes
configure:24564: checking for Berkeley DB C++ headers
configure:24595: g++ -std=c++11 -c -g -O2 -Wall -Wextra -Wformat -Wvla -Wformat-security -Wno-unused-parameter -Wno-self-assign -Wno-unused-local-typedef -Wno-deprecated-register -I/usr/local/opt/openjdk/include -DHAVE_BUILD_INFO -D__STDC_FORMAT_MACROS -I/usr/local/opt/berkeley-db/include -DMAC_OSX conftest.cpp >&5
conftest.cpp:53:16: fatal error: 'bdb5.1/db_cxx.h' file not found
      #include <bdb5.1/db_cxx.h>
               ^~~~~~~~~~~~~~~~~
1 error generated.
configure:24595: $? = 1
configure: failed program was:
| /* confdefs.h */
| #define PACKAGE_NAME "RadioCoin Core"
| #define PACKAGE_TARNAME "radiocoin"
| #define PACKAGE_VERSION "1.14.3"
| #define PACKAGE_STRING "RadioCoin Core 1.14.3"
| #define PACKAGE_BUGREPORT "https://github.com/radiocoin/radiocoin/issues"
| #define PACKAGE_URL "https://radiocoin.com/"
| #define HAVE_CXX11 1
| #define HAVE_STDIO_H 1
| #define HAVE_STDLIB_H 1
| #define HAVE_STRING_H 1
| #define HAVE_INTTYPES_H 1
| #define HAVE_STDINT_H 1
| #define HAVE_STRINGS_H 1
| #define HAVE_SYS_STAT_H 1
| #define HAVE_SYS_TYPES_H 1
| #define HAVE_UNISTD_H 1
| #define STDC_HEADERS 1
| #define HAVE_DLFCN_H 1
| #define LT_OBJDIR ".libs/"
| #define HAVE_PTHREAD_PRIO_INHERIT 1
| #define HAVE_PTHREAD 1
| #define HAVE_DECL_STRERROR_R 1
| #define HAVE_STRERROR_R 1
| #define HAVE_STDIO_H 1
| #define HAVE_STDLIB_H 1
| #define HAVE_UNISTD_H 1
| #define HAVE_STRINGS_H 1
| #define HAVE_SYS_TYPES_H 1
| #define HAVE_SYS_STAT_H 1
| #define HAVE_SYS_SELECT_H 1
| #define HAVE_DECL_STRNLEN 1
| #define HAVE_DECL_DAEMON 1
| #define HAVE_DECL_LE16TOH 0
| #define HAVE_DECL_LE32TOH 0
| #define HAVE_DECL_LE64TOH 0
| #define HAVE_DECL_HTOLE16 0
| #define HAVE_DECL_HTOLE32 0
| #define HAVE_DECL_HTOLE64 0
| #define HAVE_DECL_BE16TOH 0
| #define HAVE_DECL_BE32TOH 0
| #define HAVE_DECL_BE64TOH 0
| #define HAVE_DECL_HTOBE16 0
| #define HAVE_DECL_HTOBE32 0
| #define HAVE_DECL_HTOBE64 0
| #define HAVE_DECL_BSWAP_16 0
| #define HAVE_DECL_BSWAP_32 0
| #define HAVE_DECL_BSWAP_64 0
| #define HAVE_MSG_NOSIGNAL 1
| #define HAVE_VISIBILITY_ATTRIBUTE 1
| /* end confdefs.h.  */
| 
|       #include <bdb5.1/db_cxx.h>
| 
| int
| main (void)
| {
| 
|       #if !((DB_VERSION_MAJOR == 5 && DB_VERSION_MINOR >= 1) || DB_VERSION_MAJOR > 5)
|         #error "failed to find bdb 5.1+"
|       #endif
| 
|   ;
|   return 0;
| }
configure:24595: g++ -std=c++11 -c -g -O2 -Wall -Wextra -Wformat -Wvla -Wformat-security -Wno-unused-parameter -Wno-self-assign -Wno-unused-local-typedef -Wno-deprecated-register -I/usr/local/opt/openjdk/include -DHAVE_BUILD_INFO -D__STDC_FORMAT_MACROS -I/usr/local/opt/berkeley-db/include -DMAC_OSX conftest.cpp >&5
conftest.cpp:53:16: fatal error: 'libdb5.1/db_cxx.h' file not found
      #include <libdb5.1/db_cxx.h>
               ^~~~~~~~~~~~~~~~~~~
1 error generated.
configure:24595: $? = 1
configure: failed program was:
| /* confdefs.h */
| #define PACKAGE_NAME "RadioCoin Core"
| #define PACKAGE_TARNAME "radiocoin"
| #define PACKAGE_VERSION "1.14.3"
| #define PACKAGE_STRING "RadioCoin Core 1.14.3"
| #define PACKAGE_BUGREPORT "https://github.com/radiocoin/radiocoin/issues"
| #define PACKAGE_URL "https://radiocoin.com/"
| #define HAVE_CXX11 1
| #define HAVE_STDIO_H 1
| #define HAVE_STDLIB_H 1
| #define HAVE_STRING_H 1
| #define HAVE_INTTYPES_H 1
| #define HAVE_STDINT_H 1
| #define HAVE_STRINGS_H 1
| #define HAVE_SYS_STAT_H 1
| #define HAVE_SYS_TYPES_H 1
| #define HAVE_UNISTD_H 1
| #define STDC_HEADERS 1
| #define HAVE_DLFCN_H 1
| #define LT_OBJDIR ".libs/"
| #define HAVE_PTHREAD_PRIO_INHERIT 1
| #define HAVE_PTHREAD 1
| #define HAVE_DECL_STRERROR_R 1
| #define HAVE_STRERROR_R 1
| #define HAVE_STDIO_H 1
| #define HAVE_STDLIB_H 1
| #define HAVE_UNISTD_H 1
| #define HAVE_STRINGS_H 1
| #define HAVE_SYS_TYPES_H 1
| #define HAVE_SYS_STAT_H 1
| #define HAVE_SYS_SELECT_H 1
| #define HAVE_DECL_STRNLEN 1
| #define HAVE_DECL_DAEMON 1
| #define HAVE_DECL_LE16TOH 0
| #define HAVE_DECL_LE32TOH 0
| #define HAVE_DECL_LE64TOH 0
| #define HAVE_DECL_HTOLE16 0
| #define HAVE_DECL_HTOLE32 0
| #define HAVE_DECL_HTOLE64 0
| #define HAVE_DECL_BE16TOH 0
| #define HAVE_DECL_BE32TOH 0
| #define HAVE_DECL_BE64TOH 0
| #define HAVE_DECL_HTOBE16 0
| #define HAVE_DECL_HTOBE32 0
| #define HAVE_DECL_HTOBE64 0
| #define HAVE_DECL_BSWAP_16 0
| #define HAVE_DECL_BSWAP_32 0
| #define HAVE_DECL_BSWAP_64 0
| #define HAVE_MSG_NOSIGNAL 1
| #define HAVE_VISIBILITY_ATTRIBUTE 1
| /* end confdefs.h.  */
| 
|       #include <libdb5.1/db_cxx.h>
| 
| int
| main (void)
| {
| 
|       #if !((DB_VERSION_MAJOR == 5 && DB_VERSION_MINOR >= 1) || DB_VERSION_MAJOR > 5)
|         #error "failed to find bdb 5.1+"
|       #endif
| 
|   ;
|   return 0;
| }
configure:24595: g++ -std=c++11 -c -g -O2 -Wall -Wextra -Wformat -Wvla -Wformat-security -Wno-unused-parameter -Wno-self-assign -Wno-unused-local-typedef -Wno-deprecated-register -I/usr/local/opt/openjdk/include -DHAVE_BUILD_INFO -D__STDC_FORMAT_MACROS -I/usr/local/opt/berkeley-db/include -DMAC_OSX conftest.cpp >&5
conftest.cpp:53:16: fatal error: 'db5.1/db_cxx.h' file not found
      #include <db5.1/db_cxx.h>
               ^~~~~~~~~~~~~~~~
1 error generated.
configure:24595: $? = 1
configure: failed program was:
| /* confdefs.h */
| #define PACKAGE_NAME "RadioCoin Core"
| #define PACKAGE_TARNAME "radiocoin"
| #define PACKAGE_VERSION "1.14.3"
| #define PACKAGE_STRING "RadioCoin Core 1.14.3"
| #define PACKAGE_BUGREPORT "https://github.com/radiocoin/radiocoin/issues"
| #define PACKAGE_URL "https://radiocoin.com/"
| #define HAVE_CXX11 1
| #define HAVE_STDIO_H 1
| #define HAVE_STDLIB_H 1
| #define HAVE_STRING_H 1
| #define HAVE_INTTYPES_H 1
| #define HAVE_STDINT_H 1
| #define HAVE_STRINGS_H 1
| #define HAVE_SYS_STAT_H 1
| #define HAVE_SYS_TYPES_H 1
| #define HAVE_UNISTD_H 1
| #define STDC_HEADERS 1
| #define HAVE_DLFCN_H 1
| #define LT_OBJDIR ".libs/"
| #define HAVE_PTHREAD_PRIO_INHERIT 1
| #define HAVE_PTHREAD 1
| #define HAVE_DECL_STRERROR_R 1
| #define HAVE_STRERROR_R 1
| #define HAVE_STDIO_H 1
| #define HAVE_STDLIB_H 1
| #define HAVE_UNISTD_H 1
| #define HAVE_STRINGS_H 1
| #define HAVE_SYS_TYPES_H 1
| #define HAVE_SYS_STAT_H 1
| #define HAVE_SYS_SELECT_H 1
| #define HAVE_DECL_STRNLEN 1
| #define HAVE_DECL_DAEMON 1
| #define HAVE_DECL_LE16TOH 0
| #define HAVE_DECL_LE32TOH 0
| #define HAVE_DECL_LE64TOH 0
| #define HAVE_DECL_HTOLE16 0
| #define HAVE_DECL_HTOLE32 0
| #define HAVE_DECL_HTOLE64 0
| #define HAVE_DECL_BE16TOH 0
| #define HAVE_DECL_BE32TOH 0
| #define HAVE_DECL_BE64TOH 0
| #define HAVE_DECL_HTOBE16 0
| #define HAVE_DECL_HTOBE32 0
| #define HAVE_DECL_HTOBE64 0
| #define HAVE_DECL_BSWAP_16 0
| #define HAVE_DECL_BSWAP_32 0
| #define HAVE_DECL_BSWAP_64 0
| #define HAVE_MSG_NOSIGNAL 1
| #define HAVE_VISIBILITY_ATTRIBUTE 1
| /* end confdefs.h.  */
| 
|       #include <db5.1/db_cxx.h>
| 
| int
| main (void)
| {
| 
|       #if !((DB_VERSION_MAJOR == 5 && DB_VERSION_MINOR >= 1) || DB_VERSION_MAJOR > 5)
|         #error "failed to find bdb 5.1+"
|       #endif
| 
|   ;
|   return 0;
| }
configure:24595: g++ -std=c++11 -c -g -O2 -Wall -Wextra -Wformat -Wvla -Wformat-security -Wno-unused-parameter -Wno-self-assign -Wno-unused-local-typedef -Wno-deprecated-register -I/usr/local/opt/openjdk/include -DHAVE_BUILD_INFO -D__STDC_FORMAT_MACROS -I/usr/local/opt/berkeley-db/include -DMAC_OSX conftest.cpp >&5
conftest.cpp:53:16: fatal error: 'bdb51/db_cxx.h' file not found
      #include <bdb51/db_cxx.h>
               ^~~~~~~~~~~~~~~~
1 error generated.
configure:24595: $? = 1
configure: failed program was:
| /* confdefs.h */
| #define PACKAGE_NAME "RadioCoin Core"
| #define PACKAGE_TARNAME "radiocoin"
| #define PACKAGE_VERSION "1.14.3"
| #define PACKAGE_STRING "RadioCoin Core 1.14.3"
| #define PACKAGE_BUGREPORT "https://github.com/radiocoin/radiocoin/issues"
| #define PACKAGE_URL "https://radiocoin.com/"
| #define HAVE_CXX11 1
| #define HAVE_STDIO_H 1
| #define HAVE_STDLIB_H 1
| #define HAVE_STRING_H 1
| #define HAVE_INTTYPES_H 1
| #define HAVE_STDINT_H 1
| #define HAVE_STRINGS_H 1
| #define HAVE_SYS_STAT_H 1
| #define HAVE_SYS_TYPES_H 1
| #define HAVE_UNISTD_H 1
| #define STDC_HEADERS 1
| #define HAVE_DLFCN_H 1
| #define LT_OBJDIR ".libs/"
| #define HAVE_PTHREAD_PRIO_INHERIT 1
| #define HAVE_PTHREAD 1
| #define HAVE_DECL_STRERROR_R 1
| #define HAVE_STRERROR_R 1
| #define HAVE_STDIO_H 1
| #define HAVE_STDLIB_H 1
| #define HAVE_UNISTD_H 1
| #define HAVE_STRINGS_H 1
| #define HAVE_SYS_TYPES_H 1
| #define HAVE_SYS_STAT_H 1
| #define HAVE_SYS_SELECT_H 1
| #define HAVE_DECL_STRNLEN 1
| #define HAVE_DECL_DAEMON 1
| #define HAVE_DECL_LE16TOH 0
| #define HAVE_DECL_LE32TOH 0
| #define HAVE_DECL_LE64TOH 0
| #define HAVE_DECL_HTOLE16 0
| #define HAVE_DECL_HTOLE32 0
| #define HAVE_DECL_HTOLE64 0
| #define HAVE_DECL_BE16TOH 0
| #define HAVE_DECL_BE32TOH 0
| #define HAVE_DECL_BE64TOH 0
| #define HAVE_DECL_HTOBE16 0
| #define HAVE_DECL_HTOBE32 0
| #define HAVE_DECL_HTOBE64 0
| #define HAVE_DECL_BSWAP_16 0
| #define HAVE_DECL_BSWAP_32 0
| #define HAVE_DECL_BSWAP_64 0
| #define HAVE_MSG_NOSIGNAL 1
| #define HAVE_VISIBILITY_ATTRIBUTE 1
| /* end confdefs.h.  */
| 
|       #include <bdb51/db_cxx.h>
| 
| int
| main (void)
| {
| 
|       #if !((DB_VERSION_MAJOR == 5 && DB_VERSION_MINOR >= 1) || DB_VERSION_MAJOR > 5)
|         #error "failed to find bdb 5.1+"
|       #endif
| 
|   ;
|   return 0;
| }
configure:24595: g++ -std=c++11 -c -g -O2 -Wall -Wextra -Wformat -Wvla -Wformat-security -Wno-unused-parameter -Wno-self-assign -Wno-unused-local-typedef -Wno-deprecated-register -I/usr/local/opt/openjdk/include -DHAVE_BUILD_INFO -D__STDC_FORMAT_MACROS -I/usr/local/opt/berkeley-db/include -DMAC_OSX conftest.cpp >&5
conftest.cpp:53:16: fatal error: 'libdb51/db_cxx.h' file not found
      #include <libdb51/db_cxx.h>
               ^~~~~~~~~~~~~~~~~~
1 error generated.
configure:24595: $? = 1
configure: failed program was:
| /* confdefs.h */
| #define PACKAGE_NAME "RadioCoin Core"
| #define PACKAGE_TARNAME "radiocoin"
| #define PACKAGE_VERSION "1.14.3"
| #define PACKAGE_STRING "RadioCoin Core 1.14.3"
| #define PACKAGE_BUGREPORT "https://github.com/radiocoin/radiocoin/issues"
| #define PACKAGE_URL "https://radiocoin.com/"
| #define HAVE_CXX11 1
| #define HAVE_STDIO_H 1
| #define HAVE_STDLIB_H 1
| #define HAVE_STRING_H 1
| #define HAVE_INTTYPES_H 1
| #define HAVE_STDINT_H 1
| #define HAVE_STRINGS_H 1
| #define HAVE_SYS_STAT_H 1
| #define HAVE_SYS_TYPES_H 1
| #define HAVE_UNISTD_H 1
| #define STDC_HEADERS 1
| #define HAVE_DLFCN_H 1
| #define LT_OBJDIR ".libs/"
| #define HAVE_PTHREAD_PRIO_INHERIT 1
| #define HAVE_PTHREAD 1
| #define HAVE_DECL_STRERROR_R 1
| #define HAVE_STRERROR_R 1
| #define HAVE_STDIO_H 1
| #define HAVE_STDLIB_H 1
| #define HAVE_UNISTD_H 1
| #define HAVE_STRINGS_H 1
| #define HAVE_SYS_TYPES_H 1
| #define HAVE_SYS_STAT_H 1
| #define HAVE_SYS_SELECT_H 1
| #define HAVE_DECL_STRNLEN 1
| #define HAVE_DECL_DAEMON 1
| #define HAVE_DECL_LE16TOH 0
| #define HAVE_DECL_LE32TOH 0
| #define HAVE_DECL_LE64TOH 0
| #define HAVE_DECL_HTOLE16 0
| #define HAVE_DECL_HTOLE32 0
| #define HAVE_DECL_HTOLE64 0
| #define HAVE_DECL_BE16TOH 0
| #define HAVE_DECL_BE32TOH 0
| #define HAVE_DECL_BE64TOH 0
| #define HAVE_DECL_HTOBE16 0
| #define HAVE_DECL_HTOBE32 0
| #define HAVE_DECL_HTOBE64 0
| #define HAVE_DECL_BSWAP_16 0
| #define HAVE_DECL_BSWAP_32 0
| #define HAVE_DECL_BSWAP_64 0
| #define HAVE_MSG_NOSIGNAL 1
| #define HAVE_VISIBILITY_ATTRIBUTE 1
| /* end confdefs.h.  */
| 
|       #include <libdb51/db_cxx.h>
| 
| int
| main (void)
| {
| 
|       #if !((DB_VERSION_MAJOR == 5 && DB_VERSION_MINOR >= 1) || DB_VERSION_MAJOR > 5)
|         #error "failed to find bdb 5.1+"
|       #endif
| 
|   ;
|   return 0;
| }
configure:24595: g++ -std=c++11 -c -g -O2 -Wall -Wextra -Wformat -Wvla -Wformat-security -Wno-unused-parameter -Wno-self-assign -Wno-unused-local-typedef -Wno-deprecated-register -I/usr/local/opt/openjdk/include -DHAVE_BUILD_INFO -D__STDC_FORMAT_MACROS -I/usr/local/opt/berkeley-db/include -DMAC_OSX conftest.cpp >&5
conftest.cpp:53:16: fatal error: 'db51/db_cxx.h' file not found
      #include <db51/db_cxx.h>
               ^~~~~~~~~~~~~~~
1 error generated.
configure:24595: $? = 1
configure: failed program was:
| /* confdefs.h */
| #define PACKAGE_NAME "RadioCoin Core"
| #define PACKAGE_TARNAME "radiocoin"
| #define PACKAGE_VERSION "1.14.3"
| #define PACKAGE_STRING "RadioCoin Core 1.14.3"
| #define PACKAGE_BUGREPORT "https://github.com/radiocoin/radiocoin/issues"
| #define PACKAGE_URL "https://radiocoin.com/"
| #define HAVE_CXX11 1
| #define HAVE_STDIO_H 1
| #define HAVE_STDLIB_H 1
| #define HAVE_STRING_H 1
| #define HAVE_INTTYPES_H 1
| #define HAVE_STDINT_H 1
| #define HAVE_STRINGS_H 1
| #define HAVE_SYS_STAT_H 1
| #define HAVE_SYS_TYPES_H 1
| #define HAVE_UNISTD_H 1
| #define STDC_HEADERS 1
| #define HAVE_DLFCN_H 1
| #define LT_OBJDIR ".libs/"
| #define HAVE_PTHREAD_PRIO_INHERIT 1
| #define HAVE_PTHREAD 1
| #define HAVE_DECL_STRERROR_R 1
| #define HAVE_STRERROR_R 1
| #define HAVE_STDIO_H 1
| #define HAVE_STDLIB_H 1
| #define HAVE_UNISTD_H 1
| #define HAVE_STRINGS_H 1
| #define HAVE_SYS_TYPES_H 1
| #define HAVE_SYS_STAT_H 1
| #define HAVE_SYS_SELECT_H 1
| #define HAVE_DECL_STRNLEN 1
| #define HAVE_DECL_DAEMON 1
| #define HAVE_DECL_LE16TOH 0
| #define HAVE_DECL_LE32TOH 0
| #define HAVE_DECL_LE64TOH 0
| #define HAVE_DECL_HTOLE16 0
| #define HAVE_DECL_HTOLE32 0
| #define HAVE_DECL_HTOLE64 0
| #define HAVE_DECL_BE16TOH 0
| #define HAVE_DECL_BE32TOH 0
| #define HAVE_DECL_BE64TOH 0
| #define HAVE_DECL_HTOBE16 0
| #define HAVE_DECL_HTOBE32 0
| #define HAVE_DECL_HTOBE64 0
| #define HAVE_DECL_BSWAP_16 0
| #define HAVE_DECL_BSWAP_32 0
| #define HAVE_DECL_BSWAP_64 0
| #define HAVE_MSG_NOSIGNAL 1
| #define HAVE_VISIBILITY_ATTRIBUTE 1
| /* end confdefs.h.  */
| 
|       #include <db51/db_cxx.h>
| 
| int
| main (void)
| {
| 
|       #if !((DB_VERSION_MAJOR == 5 && DB_VERSION_MINOR >= 1) || DB_VERSION_MAJOR > 5)
|         #error "failed to find bdb 5.1+"
|       #endif
| 
|   ;
|   return 0;
| }
configure:24595: g++ -std=c++11 -c -g -O2 -Wall -Wextra -Wformat -Wvla -Wformat-security -Wno-unused-parameter -Wno-self-assign -Wno-unused-local-typedef -Wno-deprecated-register -I/usr/local/opt/openjdk/include -DHAVE_BUILD_INFO -D__STDC_FORMAT_MACROS -I/usr/local/opt/berkeley-db/include -DMAC_OSX conftest.cpp >&5
conftest.cpp:53:16: fatal error: 'bdb5/db_cxx.h' file not found
      #include <bdb5/db_cxx.h>
               ^~~~~~~~~~~~~~~
1 error generated.
configure:24595: $? = 1
configure: failed program was:
| /* confdefs.h */
| #define PACKAGE_NAME "RadioCoin Core"
| #define PACKAGE_TARNAME "radiocoin"
| #define PACKAGE_VERSION "1.14.3"
| #define PACKAGE_STRING "RadioCoin Core 1.14.3"
| #define PACKAGE_BUGREPORT "https://github.com/radiocoin/radiocoin/issues"
| #define PACKAGE_URL "https://radiocoin.com/"
| #define HAVE_CXX11 1
| #define HAVE_STDIO_H 1
| #define HAVE_STDLIB_H 1
| #define HAVE_STRING_H 1
| #define HAVE_INTTYPES_H 1
| #define HAVE_STDINT_H 1
| #define HAVE_STRINGS_H 1
| #define HAVE_SYS_STAT_H 1
| #define HAVE_SYS_TYPES_H 1
| #define HAVE_UNISTD_H 1
| #define STDC_HEADERS 1
| #define HAVE_DLFCN_H 1
| #define LT_OBJDIR ".libs/"
| #define HAVE_PTHREAD_PRIO_INHERIT 1
| #define HAVE_PTHREAD 1
| #define HAVE_DECL_STRERROR_R 1
| #define HAVE_STRERROR_R 1
| #define HAVE_STDIO_H 1
| #define HAVE_STDLIB_H 1
| #define HAVE_UNISTD_H 1
| #define HAVE_STRINGS_H 1
| #define HAVE_SYS_TYPES_H 1
| #define HAVE_SYS_STAT_H 1
| #define HAVE_SYS_SELECT_H 1
| #define HAVE_DECL_STRNLEN 1
| #define HAVE_DECL_DAEMON 1
| #define HAVE_DECL_LE16TOH 0
| #define HAVE_DECL_LE32TOH 0
| #define HAVE_DECL_LE64TOH 0
| #define HAVE_DECL_HTOLE16 0
| #define HAVE_DECL_HTOLE32 0
| #define HAVE_DECL_HTOLE64 0
| #define HAVE_DECL_BE16TOH 0
| #define HAVE_DECL_BE32TOH 0
| #define HAVE_DECL_BE64TOH 0
| #define HAVE_DECL_HTOBE16 0
| #define HAVE_DECL_HTOBE32 0
| #define HAVE_DECL_HTOBE64 0
| #define HAVE_DECL_BSWAP_16 0
| #define HAVE_DECL_BSWAP_32 0
| #define HAVE_DECL_BSWAP_64 0
| #define HAVE_MSG_NOSIGNAL 1
| #define HAVE_VISIBILITY_ATTRIBUTE 1
| /* end confdefs.h.  */
| 
|       #include <bdb5/db_cxx.h>
| 
| int
| main (void)
| {
| 
|       #if !((DB_VERSION_MAJOR == 5 && DB_VERSION_MINOR >= 1) || DB_VERSION_MAJOR > 5)
|         #error "failed to find bdb 5.1+"
|       #endif
| 
|   ;
|   return 0;
| }
configure:24595: g++ -std=c++11 -c -g -O2 -Wall -Wextra -Wformat -Wvla -Wformat-security -Wno-unused-parameter -Wno-self-assign -Wno-unused-local-typedef -Wno-deprecated-register -I/usr/local/opt/openjdk/include -DHAVE_BUILD_INFO -D__STDC_FORMAT_MACROS -I/usr/local/opt/berkeley-db/include -DMAC_OSX conftest.cpp >&5
conftest.cpp:53:16: fatal error: 'libdb5/db_cxx.h' file not found
      #include <libdb5/db_cxx.h>
               ^~~~~~~~~~~~~~~~~
1 error generated.
configure:24595: $? = 1
configure: failed program was:
| /* confdefs.h */
| #define PACKAGE_NAME "RadioCoin Core"
| #define PACKAGE_TARNAME "radiocoin"
| #define PACKAGE_VERSION "1.14.3"
| #define PACKAGE_STRING "RadioCoin Core 1.14.3"
| #define PACKAGE_BUGREPORT "https://github.com/radiocoin/radiocoin/issues"
| #define PACKAGE_URL "https://radiocoin.com/"
| #define HAVE_CXX11 1
| #define HAVE_STDIO_H 1
| #define HAVE_STDLIB_H 1
| #define HAVE_STRING_H 1
| #define HAVE_INTTYPES_H 1
| #define HAVE_STDINT_H 1
| #define HAVE_STRINGS_H 1
| #define HAVE_SYS_STAT_H 1
| #define HAVE_SYS_TYPES_H 1
| #define HAVE_UNISTD_H 1
| #define STDC_HEADERS 1
| #define HAVE_DLFCN_H 1
| #define LT_OBJDIR ".libs/"
| #define HAVE_PTHREAD_PRIO_INHERIT 1
| #define HAVE_PTHREAD 1
| #define HAVE_DECL_STRERROR_R 1
| #define HAVE_STRERROR_R 1
| #define HAVE_STDIO_H 1
| #define HAVE_STDLIB_H 1
| #define HAVE_UNISTD_H 1
| #define HAVE_STRINGS_H 1
| #define HAVE_SYS_TYPES_H 1
| #define HAVE_SYS_STAT_H 1
| #define HAVE_SYS_SELECT_H 1
| #define HAVE_DECL_STRNLEN 1
| #define HAVE_DECL_DAEMON 1
| #define HAVE_DECL_LE16TOH 0
| #define HAVE_DECL_LE32TOH 0
| #define HAVE_DECL_LE64TOH 0
| #define HAVE_DECL_HTOLE16 0
| #define HAVE_DECL_HTOLE32 0
| #define HAVE_DECL_HTOLE64 0
| #define HAVE_DECL_BE16TOH 0
| #define HAVE_DECL_BE32TOH 0
| #define HAVE_DECL_BE64TOH 0
| #define HAVE_DECL_HTOBE16 0
| #define HAVE_DECL_HTOBE32 0
| #define HAVE_DECL_HTOBE64 0
| #define HAVE_DECL_BSWAP_16 0
| #define HAVE_DECL_BSWAP_32 0
| #define HAVE_DECL_BSWAP_64 0
| #define HAVE_MSG_NOSIGNAL 1
| #define HAVE_VISIBILITY_ATTRIBUTE 1
| /* end confdefs.h.  */
| 
|       #include <libdb5/db_cxx.h>
| 
| int
| main (void)
| {
| 
|       #if !((DB_VERSION_MAJOR == 5 && DB_VERSION_MINOR >= 1) || DB_VERSION_MAJOR > 5)
|         #error "failed to find bdb 5.1+"
|       #endif
| 
|   ;
|   return 0;
| }
configure:24595: g++ -std=c++11 -c -g -O2 -Wall -Wextra -Wformat -Wvla -Wformat-security -Wno-unused-parameter -Wno-self-assign -Wno-unused-local-typedef -Wno-deprecated-register -I/usr/local/opt/openjdk/include -DHAVE_BUILD_INFO -D__STDC_FORMAT_MACROS -I/usr/local/opt/berkeley-db/include -DMAC_OSX conftest.cpp >&5
conftest.cpp:53:16: fatal error: 'db5/db_cxx.h' file not found
      #include <db5/db_cxx.h>
               ^~~~~~~~~~~~~~
1 error generated.
configure:24595: $? = 1
configure: failed program was:
| /* confdefs.h */
| #define PACKAGE_NAME "RadioCoin Core"
| #define PACKAGE_TARNAME "radiocoin"
| #define PACKAGE_VERSION "1.14.3"
| #define PACKAGE_STRING "RadioCoin Core 1.14.3"
| #define PACKAGE_BUGREPORT "https://github.com/radiocoin/radiocoin/issues"
| #define PACKAGE_URL "https://radiocoin.com/"
| #define HAVE_CXX11 1
| #define HAVE_STDIO_H 1
| #define HAVE_STDLIB_H 1
| #define HAVE_STRING_H 1
| #define HAVE_INTTYPES_H 1
| #define HAVE_STDINT_H 1
| #define HAVE_STRINGS_H 1
| #define HAVE_SYS_STAT_H 1
| #define HAVE_SYS_TYPES_H 1
| #define HAVE_UNISTD_H 1
| #define STDC_HEADERS 1
| #define HAVE_DLFCN_H 1
| #define LT_OBJDIR ".libs/"
| #define HAVE_PTHREAD_PRIO_INHERIT 1
| #define HAVE_PTHREAD 1
| #define HAVE_DECL_STRERROR_R 1
| #define HAVE_STRERROR_R 1
| #define HAVE_STDIO_H 1
| #define HAVE_STDLIB_H 1
| #define HAVE_UNISTD_H 1
| #define HAVE_STRINGS_H 1
| #define HAVE_SYS_TYPES_H 1
| #define HAVE_SYS_STAT_H 1
| #define HAVE_SYS_SELECT_H 1
| #define HAVE_DECL_STRNLEN 1
| #define HAVE_DECL_DAEMON 1
| #define HAVE_DECL_LE16TOH 0
| #define HAVE_DECL_LE32TOH 0
| #define HAVE_DECL_LE64TOH 0
| #define HAVE_DECL_HTOLE16 0
| #define HAVE_DECL_HTOLE32 0
| #define HAVE_DECL_HTOLE64 0
| #define HAVE_DECL_BE16TOH 0
| #define HAVE_DECL_BE32TOH 0
| #define HAVE_DECL_BE64TOH 0
| #define HAVE_DECL_HTOBE16 0
| #define HAVE_DECL_HTOBE32 0
| #define HAVE_DECL_HTOBE64 0
| #define HAVE_DECL_BSWAP_16 0
| #define HAVE_DECL_BSWAP_32 0
| #define HAVE_DECL_BSWAP_64 0
| #define HAVE_MSG_NOSIGNAL 1
| #define HAVE_VISIBILITY_ATTRIBUTE 1
| /* end confdefs.h.  */
| 
|       #include <db5/db_cxx.h>
| 
| int
| main (void)
| {
| 
|       #if !((DB_VERSION_MAJOR == 5 && DB_VERSION_MINOR >= 1) || DB_VERSION_MAJOR > 5)
|         #error "failed to find bdb 5.1+"
|       #endif
| 
|   ;
|   return 0;
| }
configure:24595: g++ -std=c++11 -c -g -O2 -Wall -Wextra -Wformat -Wvla -Wformat-security -Wno-unused-parameter -Wno-self-assign -Wno-unused-local-typedef -Wno-deprecated-register -I/usr/local/opt/openjdk/include -DHAVE_BUILD_INFO -D__STDC_FORMAT_MACROS -I/usr/local/opt/berkeley-db/include -DMAC_OSX conftest.cpp >&5
conftest.cpp:53:16: fatal error: 'bdb/db_cxx.h' file not found
      #include <bdb/db_cxx.h>
               ^~~~~~~~~~~~~~
1 error generated.
configure:24595: $? = 1
configure: failed program was:
| /* confdefs.h */
| #define PACKAGE_NAME "RadioCoin Core"
| #define PACKAGE_TARNAME "radiocoin"
| #define PACKAGE_VERSION "1.14.3"
| #define PACKAGE_STRING "RadioCoin Core 1.14.3"
| #define PACKAGE_BUGREPORT "https://github.com/radiocoin/radiocoin/issues"
| #define PACKAGE_URL "https://radiocoin.com/"
| #define HAVE_CXX11 1
| #define HAVE_STDIO_H 1
| #define HAVE_STDLIB_H 1
| #define HAVE_STRING_H 1
| #define HAVE_INTTYPES_H 1
| #define HAVE_STDINT_H 1
| #define HAVE_STRINGS_H 1
| #define HAVE_SYS_STAT_H 1
| #define HAVE_SYS_TYPES_H 1
| #define HAVE_UNISTD_H 1
| #define STDC_HEADERS 1
| #define HAVE_DLFCN_H 1
| #define LT_OBJDIR ".libs/"
| #define HAVE_PTHREAD_PRIO_INHERIT 1
| #define HAVE_PTHREAD 1
| #define HAVE_DECL_STRERROR_R 1
| #define HAVE_STRERROR_R 1
| #define HAVE_STDIO_H 1
| #define HAVE_STDLIB_H 1
| #define HAVE_UNISTD_H 1
| #define HAVE_STRINGS_H 1
| #define HAVE_SYS_TYPES_H 1
| #define HAVE_SYS_STAT_H 1
| #define HAVE_SYS_SELECT_H 1
| #define HAVE_DECL_STRNLEN 1
| #define HAVE_DECL_DAEMON 1
| #define HAVE_DECL_LE16TOH 0
| #define HAVE_DECL_LE32TOH 0
| #define HAVE_DECL_LE64TOH 0
| #define HAVE_DECL_HTOLE16 0
| #define HAVE_DECL_HTOLE32 0
| #define HAVE_DECL_HTOLE64 0
| #define HAVE_DECL_BE16TOH 0
| #define HAVE_DECL_BE32TOH 0
| #define HAVE_DECL_BE64TOH 0
| #define HAVE_DECL_HTOBE16 0
| #define HAVE_DECL_HTOBE32 0
| #define HAVE_DECL_HTOBE64 0
| #define HAVE_DECL_BSWAP_16 0
| #define HAVE_DECL_BSWAP_32 0
| #define HAVE_DECL_BSWAP_64 0
| #define HAVE_MSG_NOSIGNAL 1
| #define HAVE_VISIBILITY_ATTRIBUTE 1
| /* end confdefs.h.  */
| 
|       #include <bdb/db_cxx.h>
| 
| int
| main (void)
| {
| 
|       #if !((DB_VERSION_MAJOR == 5 && DB_VERSION_MINOR >= 1) || DB_VERSION_MAJOR > 5)
|         #error "failed to find bdb 5.1+"
|       #endif
| 
|   ;
|   return 0;
| }
configure:24595: g++ -std=c++11 -c -g -O2 -Wall -Wextra -Wformat -Wvla -Wformat-security -Wno-unused-parameter -Wno-self-assign -Wno-unused-local-typedef -Wno-deprecated-register -I/usr/local/opt/openjdk/include -DHAVE_BUILD_INFO -D__STDC_FORMAT_MACROS -I/usr/local/opt/berkeley-db/include -DMAC_OSX conftest.cpp >&5
conftest.cpp:53:16: fatal error: 'libdb/db_cxx.h' file not found
      #include <libdb/db_cxx.h>
               ^~~~~~~~~~~~~~~~
1 error generated.
configure:24595: $? = 1
configure: failed program was:
| /* confdefs.h */
| #define PACKAGE_NAME "RadioCoin Core"
| #define PACKAGE_TARNAME "radiocoin"
| #define PACKAGE_VERSION "1.14.3"
| #define PACKAGE_STRING "RadioCoin Core 1.14.3"
| #define PACKAGE_BUGREPORT "https://github.com/radiocoin/radiocoin/issues"
| #define PACKAGE_URL "https://radiocoin.com/"
| #define HAVE_CXX11 1
| #define HAVE_STDIO_H 1
| #define HAVE_STDLIB_H 1
| #define HAVE_STRING_H 1
| #define HAVE_INTTYPES_H 1
| #define HAVE_STDINT_H 1
| #define HAVE_STRINGS_H 1
| #define HAVE_SYS_STAT_H 1
| #define HAVE_SYS_TYPES_H 1
| #define HAVE_UNISTD_H 1
| #define STDC_HEADERS 1
| #define HAVE_DLFCN_H 1
| #define LT_OBJDIR ".libs/"
| #define HAVE_PTHREAD_PRIO_INHERIT 1
| #define HAVE_PTHREAD 1
| #define HAVE_DECL_STRERROR_R 1
| #define HAVE_STRERROR_R 1
| #define HAVE_STDIO_H 1
| #define HAVE_STDLIB_H 1
| #define HAVE_UNISTD_H 1
| #define HAVE_STRINGS_H 1
| #define HAVE_SYS_TYPES_H 1
| #define HAVE_SYS_STAT_H 1
| #define HAVE_SYS_SELECT_H 1
| #define HAVE_DECL_STRNLEN 1
| #define HAVE_DECL_DAEMON 1
| #define HAVE_DECL_LE16TOH 0
| #define HAVE_DECL_LE32TOH 0
| #define HAVE_DECL_LE64TOH 0
| #define HAVE_DECL_HTOLE16 0
| #define HAVE_DECL_HTOLE32 0
| #define HAVE_DECL_HTOLE64 0
| #define HAVE_DECL_BE16TOH 0
| #define HAVE_DECL_BE32TOH 0
| #define HAVE_DECL_BE64TOH 0
| #define HAVE_DECL_HTOBE16 0
| #define HAVE_DECL_HTOBE32 0
| #define HAVE_DECL_HTOBE64 0
| #define HAVE_DECL_BSWAP_16 0
| #define HAVE_DECL_BSWAP_32 0
| #define HAVE_DECL_BSWAP_64 0
| #define HAVE_MSG_NOSIGNAL 1
| #define HAVE_VISIBILITY_ATTRIBUTE 1
| /* end confdefs.h.  */
| 
|       #include <libdb/db_cxx.h>
| 
| int
| main (void)
| {
| 
|       #if !((DB_VERSION_MAJOR == 5 && DB_VERSION_MINOR >= 1) || DB_VERSION_MAJOR > 5)
|         #error "failed to find bdb 5.1+"
|       #endif
| 
|   ;
|   return 0;
| }
configure:24595: g++ -std=c++11 -c -g -O2 -Wall -Wextra -Wformat -Wvla -Wformat-security -Wno-unused-parameter -Wno-self-assign -Wno-unused-local-typedef -Wno-deprecated-register -I/usr/local/opt/openjdk/include -DHAVE_BUILD_INFO -D__STDC_FORMAT_MACROS -I/usr/local/opt/berkeley-db/include -DMAC_OSX conftest.cpp >&5
conftest.cpp:53:16: fatal error: 'db/db_cxx.h' file not found
      #include <db/db_cxx.h>
               ^~~~~~~~~~~~~
1 error generated.
configure:24595: $? = 1
configure: failed program was:
| /* confdefs.h */
| #define PACKAGE_NAME "RadioCoin Core"
| #define PACKAGE_TARNAME "radiocoin"
| #define PACKAGE_VERSION "1.14.3"
| #define PACKAGE_STRING "RadioCoin Core 1.14.3"
| #define PACKAGE_BUGREPORT "https://github.com/radiocoin/radiocoin/issues"
| #define PACKAGE_URL "https://radiocoin.com/"
| #define HAVE_CXX11 1
| #define HAVE_STDIO_H 1
| #define HAVE_STDLIB_H 1
| #define HAVE_STRING_H 1
| #define HAVE_INTTYPES_H 1
| #define HAVE_STDINT_H 1
| #define HAVE_STRINGS_H 1
| #define HAVE_SYS_STAT_H 1
| #define HAVE_SYS_TYPES_H 1
| #define HAVE_UNISTD_H 1
| #define STDC_HEADERS 1
| #define HAVE_DLFCN_H 1
| #define LT_OBJDIR ".libs/"
| #define HAVE_PTHREAD_PRIO_INHERIT 1
| #define HAVE_PTHREAD 1
| #define HAVE_DECL_STRERROR_R 1
| #define HAVE_STRERROR_R 1
| #define HAVE_STDIO_H 1
| #define HAVE_STDLIB_H 1
| #define HAVE_UNISTD_H 1
| #define HAVE_STRINGS_H 1
| #define HAVE_SYS_TYPES_H 1
| #define HAVE_SYS_STAT_H 1
| #define HAVE_SYS_SELECT_H 1
| #define HAVE_DECL_STRNLEN 1
| #define HAVE_DECL_DAEMON 1
| #define HAVE_DECL_LE16TOH 0
| #define HAVE_DECL_LE32TOH 0
| #define HAVE_DECL_LE64TOH 0
| #define HAVE_DECL_HTOLE16 0
| #define HAVE_DECL_HTOLE32 0
| #define HAVE_DECL_HTOLE64 0
| #define HAVE_DECL_BE16TOH 0
| #define HAVE_DECL_BE32TOH 0
| #define HAVE_DECL_BE64TOH 0
| #define HAVE_DECL_HTOBE16 0
| #define HAVE_DECL_HTOBE32 0
| #define HAVE_DECL_HTOBE64 0
| #define HAVE_DECL_BSWAP_16 0
| #define HAVE_DECL_BSWAP_32 0
| #define HAVE_DECL_BSWAP_64 0
| #define HAVE_MSG_NOSIGNAL 1
| #define HAVE_VISIBILITY_ATTRIBUTE 1
| /* end confdefs.h.  */
| 
|       #include <db/db_cxx.h>
| 
| int
| main (void)
| {
| 
|       #if !((DB_VERSION_MAJOR == 5 && DB_VERSION_MINOR >= 1) || DB_VERSION_MAJOR > 5)
|         #error "failed to find bdb 5.1+"
|       #endif
| 
|   ;
|   return 0;
| }
configure:24595: g++ -std=c++11 -c -g -O2 -Wall -Wextra -Wformat -Wvla -Wformat-security -Wno-unused-parameter -Wno-self-assign -Wno-unused-local-typedef -Wno-deprecated-register -I/usr/local/opt/openjdk/include -DHAVE_BUILD_INFO -D__STDC_FORMAT_MACROS -I/usr/local/opt/berkeley-db/include -DMAC_OSX conftest.cpp >&5
configure:24595: $? = 0
configure:24625: g++ -std=c++11 -c -g -O2 -Wall -Wextra -Wformat -Wvla -Wformat-security -Wno-unused-parameter -Wno-self-assign -Wno-unused-local-typedef -Wno-deprecated-register -I/usr/local/opt/openjdk/include -DHAVE_BUILD_INFO -D__STDC_FORMAT_MACROS -I/usr/local/opt/berkeley-db/include -DMAC_OSX conftest.cpp >&5
conftest.cpp:60:10: error: "failed to find bdb 5.1"
        #error "failed to find bdb 5.1"
         ^
1 error generated.
configure:24625: $? = 1
configure: failed program was:
| /* confdefs.h */
| #define PACKAGE_NAME "RadioCoin Core"
| #define PACKAGE_TARNAME "radiocoin"
| #define PACKAGE_VERSION "1.14.3"
| #define PACKAGE_STRING "RadioCoin Core 1.14.3"
| #define PACKAGE_BUGREPORT "https://github.com/radiocoin/radiocoin/issues"
| #define PACKAGE_URL "https://radiocoin.com/"
| #define HAVE_CXX11 1
| #define HAVE_STDIO_H 1
| #define HAVE_STDLIB_H 1
| #define HAVE_STRING_H 1
| #define HAVE_INTTYPES_H 1
| #define HAVE_STDINT_H 1
| #define HAVE_STRINGS_H 1
| #define HAVE_SYS_STAT_H 1
| #define HAVE_SYS_TYPES_H 1
| #define HAVE_UNISTD_H 1
| #define STDC_HEADERS 1
| #define HAVE_DLFCN_H 1
| #define LT_OBJDIR ".libs/"
| #define HAVE_PTHREAD_PRIO_INHERIT 1
| #define HAVE_PTHREAD 1
| #define HAVE_DECL_STRERROR_R 1
| #define HAVE_STRERROR_R 1
| #define HAVE_STDIO_H 1
| #define HAVE_STDLIB_H 1
| #define HAVE_UNISTD_H 1
| #define HAVE_STRINGS_H 1
| #define HAVE_SYS_TYPES_H 1
| #define HAVE_SYS_STAT_H 1
| #define HAVE_SYS_SELECT_H 1
| #define HAVE_DECL_STRNLEN 1
| #define HAVE_DECL_DAEMON 1
| #define HAVE_DECL_LE16TOH 0
| #define HAVE_DECL_LE32TOH 0
| #define HAVE_DECL_LE64TOH 0
| #define HAVE_DECL_HTOLE16 0
| #define HAVE_DECL_HTOLE32 0
| #define HAVE_DECL_HTOLE64 0
| #define HAVE_DECL_BE16TOH 0
| #define HAVE_DECL_BE32TOH 0
| #define HAVE_DECL_BE64TOH 0
| #define HAVE_DECL_HTOBE16 0
| #define HAVE_DECL_HTOBE32 0
| #define HAVE_DECL_HTOBE64 0
| #define HAVE_DECL_BSWAP_16 0
| #define HAVE_DECL_BSWAP_32 0
| #define HAVE_DECL_BSWAP_64 0
| #define HAVE_MSG_NOSIGNAL 1
| #define HAVE_VISIBILITY_ATTRIBUTE 1
| /* end confdefs.h.  */
| 
|       #include <db_cxx.h>
| 
| int
| main (void)
| {
| 
|       #if !(DB_VERSION_MAJOR == 5 && DB_VERSION_MINOR == 1)
|         #error "failed to find bdb 5.1"
|       #endif
| 
|   ;
|   return 0;
| }
configure:24641: result: default
configure:24658: WARNING: Found Berkeley DB other than 5.1; wallets opened by this build will not be portable!
configure:24689: checking for main in -ldb_cxx-5.1
configure:24711: g++ -std=c++11 -o conftest -g -O2 -Wall -Wextra -Wformat -Wvla -Wformat-security -Wno-unused-parameter -Wno-self-assign -Wno-unused-local-typedef -Wno-deprecated-register -I/usr/local/opt/openjdk/include -DHAVE_BUILD_INFO -D__STDC_FORMAT_MACROS -I/usr/local/opt/berkeley-db/include -DMAC_OSX -L/usr/local/opt/ncurses/lib -Wl,-headerpad_max_install_names -Wl,-dead_strip conftest.cpp -ldb_cxx-5.1   -L/usr/local/opt/berkeley-db/lib >&5
ld: library not found for -ldb_cxx-5.1
clang: error: linker command failed with exit code 1 (use -v to see invocation)
configure:24711: $? = 1
configure: failed program was:
| /* confdefs.h */
| #define PACKAGE_NAME "RadioCoin Core"
| #define PACKAGE_TARNAME "radiocoin"
| #define PACKAGE_VERSION "1.14.3"
| #define PACKAGE_STRING "RadioCoin Core 1.14.3"
| #define PACKAGE_BUGREPORT "https://github.com/radiocoin/radiocoin/issues"
| #define PACKAGE_URL "https://radiocoin.com/"
| #define HAVE_CXX11 1
| #define HAVE_STDIO_H 1
| #define HAVE_STDLIB_H 1
| #define HAVE_STRING_H 1
| #define HAVE_INTTYPES_H 1
| #define HAVE_STDINT_H 1
| #define HAVE_STRINGS_H 1
| #define HAVE_SYS_STAT_H 1
| #define HAVE_SYS_TYPES_H 1
| #define HAVE_UNISTD_H 1
| #define STDC_HEADERS 1
| #define HAVE_DLFCN_H 1
| #define LT_OBJDIR ".libs/"
| #define HAVE_PTHREAD_PRIO_INHERIT 1
| #define HAVE_PTHREAD 1
| #define HAVE_DECL_STRERROR_R 1
| #define HAVE_STRERROR_R 1
| #define HAVE_STDIO_H 1
| #define HAVE_STDLIB_H 1
| #define HAVE_UNISTD_H 1
| #define HAVE_STRINGS_H 1
| #define HAVE_SYS_TYPES_H 1
| #define HAVE_SYS_STAT_H 1
| #define HAVE_SYS_SELECT_H 1
| #define HAVE_DECL_STRNLEN 1
| #define HAVE_DECL_DAEMON 1
| #define HAVE_DECL_LE16TOH 0
| #define HAVE_DECL_LE32TOH 0
| #define HAVE_DECL_LE64TOH 0
| #define HAVE_DECL_HTOLE16 0
| #define HAVE_DECL_HTOLE32 0
| #define HAVE_DECL_HTOLE64 0
| #define HAVE_DECL_BE16TOH 0
| #define HAVE_DECL_BE32TOH 0
| #define HAVE_DECL_BE64TOH 0
| #define HAVE_DECL_HTOBE16 0
| #define HAVE_DECL_HTOBE32 0
| #define HAVE_DECL_HTOBE64 0
| #define HAVE_DECL_BSWAP_16 0
| #define HAVE_DECL_BSWAP_32 0
| #define HAVE_DECL_BSWAP_64 0
| #define HAVE_MSG_NOSIGNAL 1
| #define HAVE_VISIBILITY_ATTRIBUTE 1
| /* end confdefs.h.  */
| 
| namespace conftest {
|   extern "C" int main ();
| }
| int
| main (void)
| {
| return conftest::main ();
|   ;
|   return 0;
| }
configure:24722: result: no
configure:24689: checking for main in -ldb_cxx
configure:24711: g++ -std=c++11 -o conftest -g -O2 -Wall -Wextra -Wformat -Wvla -Wformat-security -Wno-unused-parameter -Wno-self-assign -Wno-unused-local-typedef -Wno-deprecated-register -I/usr/local/opt/openjdk/include -DHAVE_BUILD_INFO -D__STDC_FORMAT_MACROS -I/usr/local/opt/berkeley-db/include -DMAC_OSX -L/usr/local/opt/ncurses/lib -Wl,-headerpad_max_install_names -Wl,-dead_strip conftest.cpp -ldb_cxx   -L/usr/local/opt/berkeley-db/lib >&5
configure:24711: $? = 0
configure:24722: result: yes
configure:24744: checking for miniupnpc/miniwget.h
configure:24744: g++ -std=c++11 -c -g -O2 -Wall -Wextra -Wformat -Wvla -Wformat-security -Wno-unused-parameter -Wno-self-assign -Wno-unused-local-typedef -Wno-deprecated-register -I/usr/local/opt/openjdk/include -DHAVE_BUILD_INFO -D__STDC_FORMAT_MACROS -I/usr/local/opt/berkeley-db/include -DMAC_OSX conftest.cpp >&5
configure:24744: $? = 0
configure:24744: result: yes
configure:24750: checking for main in -lminiupnpc
configure:24772: g++ -std=c++11 -o conftest -g -O2 -Wall -Wextra -Wformat -Wvla -Wformat-security -Wno-unused-parameter -Wno-self-assign -Wno-unused-local-typedef -Wno-deprecated-register -I/usr/local/opt/openjdk/include -DHAVE_BUILD_INFO -D__STDC_FORMAT_MACROS -I/usr/local/opt/berkeley-db/include -DMAC_OSX -L/usr/local/opt/ncurses/lib -Wl,-headerpad_max_install_names -Wl,-dead_strip conftest.cpp -lminiupnpc   -L/usr/local/opt/berkeley-db/lib >&5
configure:24772: $? = 0
configure:24782: result: yes
configure:24744: checking for miniupnpc/miniupnpc.h
configure:24744: g++ -std=c++11 -c -g -O2 -Wall -Wextra -Wformat -Wvla -Wformat-security -Wno-unused-parameter -Wno-self-assign -Wno-unused-local-typedef -Wno-deprecated-register -I/usr/local/opt/openjdk/include -DHAVE_BUILD_INFO -D__STDC_FORMAT_MACROS -I/usr/local/opt/berkeley-db/include -DMAC_OSX conftest.cpp >&5
configure:24744: $? = 0
configure:24744: result: yes
configure:24750: checking for main in -lminiupnpc
configure:24782: result: yes
configure:24744: checking for miniupnpc/upnpcommands.h
configure:24744: g++ -std=c++11 -c -g -O2 -Wall -Wextra -Wformat -Wvla -Wformat-security -Wno-unused-parameter -Wno-self-assign -Wno-unused-local-typedef -Wno-deprecated-register -I/usr/local/opt/openjdk/include -DHAVE_BUILD_INFO -D__STDC_FORMAT_MACROS -I/usr/local/opt/berkeley-db/include -DMAC_OSX conftest.cpp >&5
configure:24744: $? = 0
configure:24744: result: yes
configure:24750: checking for main in -lminiupnpc
configure:24782: result: yes
configure:24744: checking for miniupnpc/upnperrors.h
configure:24744: g++ -std=c++11 -c -g -O2 -Wall -Wextra -Wformat -Wvla -Wformat-security -Wno-unused-parameter -Wno-self-assign -Wno-unused-local-typedef -Wno-deprecated-register -I/usr/local/opt/openjdk/include -DHAVE_BUILD_INFO -D__STDC_FORMAT_MACROS -I/usr/local/opt/berkeley-db/include -DMAC_OSX conftest.cpp >&5
configure:24744: $? = 0
configure:24744: result: yes
configure:24750: checking for main in -lminiupnpc
configure:24782: result: yes
configure:24899: checking for Qt5Core Qt5Gui Qt5Network Qt5Widgets Qt5PrintSupport
configure:24906: $PKG_CONFIG --exists --print-errors "$qt5_modules"
configure:24909: $? = 0
configure:24923: $PKG_CONFIG --exists --print-errors "$qt5_modules"
configure:24926: $? = 0
configure:24964: result: yes
configure:25216: checking for Qt5Test
configure:25223: $PKG_CONFIG --exists --print-errors "${QT_LIB_PREFIX}Test"
configure:25226: $? = 0
configure:25240: $PKG_CONFIG --exists --print-errors "${QT_LIB_PREFIX}Test"
configure:25243: $? = 0
configure:25281: result: yes
configure:25288: checking for Qt5DBus
configure:25295: $PKG_CONFIG --exists --print-errors "${QT_LIB_PREFIX}DBus"
configure:25298: $? = 0
configure:25312: $PKG_CONFIG --exists --print-errors "${QT_LIB_PREFIX}DBus"
configure:25315: $? = 0
configure:25353: result: yes
configure:26432: checking for static Qt
configure:26456: g++ -std=c++11 -c -fPIC -g -O2 -Wall -Wextra -Wformat -Wvla -Wformat-security -Wno-unused-parameter -Wno-self-assign -Wno-unused-local-typedef -Wno-deprecated-register -DQT_NETWORK_LIB -F/usr/local/Cellar/qt@5/5.15.2/lib -DQT_PRINTSUPPORT_LIB -F/usr/local/Cellar/qt@5/5.15.2/lib -DQT_WIDGETS_LIB -F/usr/local/Cellar/qt@5/5.15.2/lib -DQT_GUI_LIB -F/usr/local/Cellar/qt@5/5.15.2/lib -DQT_CORE_LIB -F/usr/local/Cellar/qt@5/5.15.2/lib -I/usr/local/Cellar/qt@5/5.15.2/lib/QtNetwork.framework/Headers -I/usr/local/Cellar/qt@5/5.15.2/lib/QtPrintSupport.framework/Headers -I/usr/local/Cellar/qt@5/5.15.2/lib/QtWidgets.framework/Headers -I/usr/local/Cellar/qt@5/5.15.2/lib/QtGui.framework/Headers -I/usr/local/Cellar/qt@5/5.15.2/lib/QtCore.framework/Headers -I/usr/local/opt/openjdk/include -DHAVE_BUILD_INFO -D__STDC_FORMAT_MACROS -I/usr/local/opt/berkeley-db/include -DMAC_OSX conftest.cpp >&5
conftest.cpp:64:7: error: unknown type name 'choke'
      choke me
      ^
1 error generated.
configure:26456: $? = 1
configure: failed program was:
| /* confdefs.h */
| #define PACKAGE_NAME "RadioCoin Core"
| #define PACKAGE_TARNAME "radiocoin"
| #define PACKAGE_VERSION "1.14.3"
| #define PACKAGE_STRING "RadioCoin Core 1.14.3"
| #define PACKAGE_BUGREPORT "https://github.com/radiocoin/radiocoin/issues"
| #define PACKAGE_URL "https://radiocoin.com/"
| #define HAVE_CXX11 1
| #define HAVE_STDIO_H 1
| #define HAVE_STDLIB_H 1
| #define HAVE_STRING_H 1
| #define HAVE_INTTYPES_H 1
| #define HAVE_STDINT_H 1
| #define HAVE_STRINGS_H 1
| #define HAVE_SYS_STAT_H 1
| #define HAVE_SYS_TYPES_H 1
| #define HAVE_UNISTD_H 1
| #define STDC_HEADERS 1
| #define HAVE_DLFCN_H 1
| #define LT_OBJDIR ".libs/"
| #define HAVE_PTHREAD_PRIO_INHERIT 1
| #define HAVE_PTHREAD 1
| #define HAVE_DECL_STRERROR_R 1
| #define HAVE_STRERROR_R 1
| #define HAVE_STDIO_H 1
| #define HAVE_STDLIB_H 1
| #define HAVE_UNISTD_H 1
| #define HAVE_STRINGS_H 1
| #define HAVE_SYS_TYPES_H 1
| #define HAVE_SYS_STAT_H 1
| #define HAVE_SYS_SELECT_H 1
| #define HAVE_DECL_STRNLEN 1
| #define HAVE_DECL_DAEMON 1
| #define HAVE_DECL_LE16TOH 0
| #define HAVE_DECL_LE32TOH 0
| #define HAVE_DECL_LE64TOH 0
| #define HAVE_DECL_HTOLE16 0
| #define HAVE_DECL_HTOLE32 0
| #define HAVE_DECL_HTOLE64 0
| #define HAVE_DECL_BE16TOH 0
| #define HAVE_DECL_BE32TOH 0
| #define HAVE_DECL_BE64TOH 0
| #define HAVE_DECL_HTOBE16 0
| #define HAVE_DECL_HTOBE32 0
| #define HAVE_DECL_HTOBE64 0
| #define HAVE_DECL_BSWAP_16 0
| #define HAVE_DECL_BSWAP_32 0
| #define HAVE_DECL_BSWAP_64 0
| #define HAVE_MSG_NOSIGNAL 1
| #define HAVE_VISIBILITY_ATTRIBUTE 1
| #define HAVE_MINIUPNPC_MINIWGET_H 1
| #define HAVE_MINIUPNPC_MINIUPNPC_H 1
| #define HAVE_MINIUPNPC_UPNPCOMMANDS_H 1
| #define HAVE_MINIUPNPC_UPNPERRORS_H 1
| /* end confdefs.h.  */
| #include <QtCore>
| int
| main (void)
| {
| 
|       #if defined(QT_STATIC)
|       return 0;
|       #else
|       choke me
|       #endif
| 
|   ;
|   return 0;
| }
configure:26465: result: no
configure:27423: checking whether -fPIE can be used with this Qt config
configure:27444: g++ -std=c++11 -c -fPIE -g -O2 -Wall -Wextra -Wformat -Wvla -Wformat-security -Wno-unused-parameter -Wno-self-assign -Wno-unused-local-typedef -Wno-deprecated-register -DQT_NETWORK_LIB -F/usr/local/Cellar/qt@5/5.15.2/lib -DQT_PRINTSUPPORT_LIB -F/usr/local/Cellar/qt@5/5.15.2/lib -DQT_WIDGETS_LIB -F/usr/local/Cellar/qt@5/5.15.2/lib -DQT_GUI_LIB -F/usr/local/Cellar/qt@5/5.15.2/lib -DQT_CORE_LIB -F/usr/local/Cellar/qt@5/5.15.2/lib -I/usr/local/Cellar/qt@5/5.15.2/lib/QtNetwork.framework/Headers -I/usr/local/Cellar/qt@5/5.15.2/lib/QtPrintSupport.framework/Headers -I/usr/local/Cellar/qt@5/5.15.2/lib/QtWidgets.framework/Headers -I/usr/local/Cellar/qt@5/5.15.2/lib/QtGui.framework/Headers -I/usr/local/Cellar/qt@5/5.15.2/lib/QtCore.framework/Headers -I/usr/local/opt/openjdk/include -DHAVE_BUILD_INFO -D__STDC_FORMAT_MACROS -I/usr/local/opt/berkeley-db/include -DMAC_OSX conftest.cpp >&5
configure:27444: $? = 0
configure:27446: result: yes
configure:27515: checking for moc-qt5
configure:27553: result: no
configure:27515: checking for moc5
configure:27553: result: no
configure:27515: checking for moc
configure:27538: found /usr/local/Cellar/qt@5/5.15.2/bin/moc
configure:27550: result: /usr/local/Cellar/qt@5/5.15.2/bin/moc
configure:27644: checking for uic-qt5
configure:27682: result: no
configure:27644: checking for uic5
configure:27682: result: no
configure:27644: checking for uic
configure:27667: found /usr/local/Cellar/qt@5/5.15.2/bin/uic
configure:27679: result: /usr/local/Cellar/qt@5/5.15.2/bin/uic
configure:27773: checking for rcc-qt5
configure:27811: result: no
configure:27773: checking for rcc5
configure:27811: result: no
configure:27773: checking for rcc
configure:27796: found /usr/local/Cellar/qt@5/5.15.2/bin/rcc
configure:27808: result: /usr/local/Cellar/qt@5/5.15.2/bin/rcc
configure:27902: checking for lrelease-qt5
configure:27940: result: no
configure:27902: checking for lrelease5
configure:27940: result: no
configure:27902: checking for lrelease
configure:27925: found /usr/local/Cellar/qt@5/5.15.2/bin/lrelease
configure:27937: result: /usr/local/Cellar/qt@5/5.15.2/bin/lrelease
configure:28031: checking for lupdate-qt5
configure:28069: result: no
configure:28031: checking for lupdate5
configure:28069: result: no
configure:28031: checking for lupdate
configure:28054: found /usr/local/Cellar/qt@5/5.15.2/bin/lupdate
configure:28066: result: /usr/local/Cellar/qt@5/5.15.2/bin/lupdate
configure:28161: checking whether the linker accepts -framework Foundation -framework ApplicationServices -framework AppKit
configure:28181: g++ -std=c++11 -o conftest -g -O2 -Wall -Wextra -Wformat -Wvla -Wformat-security -Wno-unused-parameter -Wno-self-assign -Wno-unused-local-typedef -Wno-deprecated-register -I/usr/local/opt/openjdk/include -DHAVE_BUILD_INFO -D__STDC_FORMAT_MACROS -I/usr/local/opt/berkeley-db/include -DMAC_OSX -L/usr/local/opt/ncurses/lib -Wl,-headerpad_max_install_names -Wl,-dead_strip  -framework Foundation -framework ApplicationServices -framework AppKit conftest.cpp  -L/usr/local/opt/berkeley-db/lib >&5
configure:28181: $? = 0
configure:28192: result: yes
configure:28262: checking whether to build RadioCoin Core GUI
configure:28292: result: yes (Qt5)
configure:28368: checking for boostlib >= 1.47.0
configure:28453: g++ -std=c++11 -c -g -O2 -Wall -Wextra -Wformat -Wvla -Wformat-security -Wno-unused-parameter -Wno-self-assign -Wno-unused-local-typedef -Wno-deprecated-register -I/usr/local/opt/openjdk/include -DHAVE_BUILD_INFO -D__STDC_FORMAT_MACROS -I/usr/local/opt/berkeley-db/include -DMAC_OSX -I/usr/local/include conftest.cpp >&5
configure:28453: $? = 0
configure:28456: result: yes
configure:28645: checking whether the Boost::System library is available
configure:28671: g++ -std=c++11 -c  -I/usr/local/opt/openjdk/include -DHAVE_BUILD_INFO -D__STDC_FORMAT_MACROS -I/usr/local/opt/berkeley-db/include -DMAC_OSX -I/usr/local/include conftest.cpp >&5
configure:28671: $? = 0
configure:28687: result: yes
configure:28703: checking for exit in -lboost_system
configure:28725: g++ -std=c++11 -o conftest -g -O2 -Wall -Wextra -Wformat -Wvla -Wformat-security -Wno-unused-parameter -Wno-self-assign -Wno-unused-local-typedef -Wno-deprecated-register -I/usr/local/opt/openjdk/include -DHAVE_BUILD_INFO -D__STDC_FORMAT_MACROS -I/usr/local/opt/berkeley-db/include -DMAC_OSX -I/usr/local/include -L/usr/local/opt/ncurses/lib -Wl,-headerpad_max_install_names -Wl,-dead_strip -L/usr/local/lib conftest.cpp -lboost_system   -L/usr/local/opt/berkeley-db/lib >&5
configure:28725: $? = 0
configure:28736: result: yes
configure:28891: checking whether the Boost::Filesystem library is available
configure:28916: g++ -std=c++11 -c -g -O2 -Wall -Wextra -Wformat -Wvla -Wformat-security -Wno-unused-parameter -Wno-self-assign -Wno-unused-local-typedef -Wno-deprecated-register -I/usr/local/opt/openjdk/include -DHAVE_BUILD_INFO -D__STDC_FORMAT_MACROS -I/usr/local/opt/berkeley-db/include -DMAC_OSX -I/usr/local/include conftest.cpp >&5
configure:28916: $? = 0
configure:28931: result: yes
configure:28943: checking for exit in -lboost_filesystem
configure:28965: g++ -std=c++11 -o conftest -g -O2 -Wall -Wextra -Wformat -Wvla -Wformat-security -Wno-unused-parameter -Wno-self-assign -Wno-unused-local-typedef -Wno-deprecated-register -I/usr/local/opt/openjdk/include -DHAVE_BUILD_INFO -D__STDC_FORMAT_MACROS -I/usr/local/opt/berkeley-db/include -DMAC_OSX -I/usr/local/include -L/usr/local/opt/ncurses/lib -Wl,-headerpad_max_install_names -Wl,-dead_strip -L/usr/local/lib conftest.cpp -lboost_filesystem   -L/usr/local/opt/berkeley-db/lib -lboost_system >&5
configure:28965: $? = 0
configure:28976: result: yes
configure:29126: checking whether the Boost::Program_Options library is available
configure:29151: g++ -std=c++11 -c -g -O2 -Wall -Wextra -Wformat -Wvla -Wformat-security -Wno-unused-parameter -Wno-self-assign -Wno-unused-local-typedef -Wno-deprecated-register -I/usr/local/opt/openjdk/include -DHAVE_BUILD_INFO -D__STDC_FORMAT_MACROS -I/usr/local/opt/berkeley-db/include -DMAC_OSX -I/usr/local/include conftest.cpp >&5
configure:29151: $? = 0
configure:29166: result: yes
configure:29177: checking for exit in -lboost_program_options-mt
configure:29199: g++ -std=c++11 -o conftest -g -O2 -Wall -Wextra -Wformat -Wvla -Wformat-security -Wno-unused-parameter -Wno-self-assign -Wno-unused-local-typedef -Wno-deprecated-register -I/usr/local/opt/openjdk/include -DHAVE_BUILD_INFO -D__STDC_FORMAT_MACROS -I/usr/local/opt/berkeley-db/include -DMAC_OSX -I/usr/local/include -L/usr/local/opt/ncurses/lib -Wl,-headerpad_max_install_names -Wl,-dead_strip -L/usr/local/lib conftest.cpp -lboost_program_options-mt   -L/usr/local/opt/berkeley-db/lib >&5
configure:29199: $? = 0
configure:29210: result: yes
configure:29359: checking whether the Boost::Thread library is available
configure:29392: g++ -std=c++11 -c -pthread -g -O2 -Wall -Wextra -Wformat -Wvla -Wformat-security -Wno-unused-parameter -Wno-self-assign -Wno-unused-local-typedef -Wno-deprecated-register -I/usr/local/opt/openjdk/include -DHAVE_BUILD_INFO -D__STDC_FORMAT_MACROS -I/usr/local/opt/berkeley-db/include -DMAC_OSX -I/usr/local/include conftest.cpp >&5
configure:29392: $? = 0
configure:29408: result: yes
configure:29438: checking for exit in -lboost_thread-mt
configure:29460: g++ -std=c++11 -o conftest -g -O2 -Wall -Wextra -Wformat -Wvla -Wformat-security -Wno-unused-parameter -Wno-self-assign -Wno-unused-local-typedef -Wno-deprecated-register -I/usr/local/opt/openjdk/include -DHAVE_BUILD_INFO -D__STDC_FORMAT_MACROS -I/usr/local/opt/berkeley-db/include -DMAC_OSX -I/usr/local/include -L/usr/local/opt/ncurses/lib -Wl,-headerpad_max_install_names -Wl,-dead_strip -L/usr/local/lib conftest.cpp -lboost_thread-mt   -L/usr/local/opt/berkeley-db/lib >&5
configure:29460: $? = 0
configure:29471: result: yes
configure:29631: checking whether the Boost::Chrono library is available
configure:29656: g++ -std=c++11 -c -g -O2 -Wall -Wextra -Wformat -Wvla -Wformat-security -Wno-unused-parameter -Wno-self-assign -Wno-unused-local-typedef -Wno-deprecated-register -I/usr/local/opt/openjdk/include -DHAVE_BUILD_INFO -D__STDC_FORMAT_MACROS -I/usr/local/opt/berkeley-db/include -DMAC_OSX -pthread -I/usr/local/include conftest.cpp >&5
conftest.cpp:65:41: warning: unused variable 'time' [-Wunused-variable]
boost::chrono::system_clock::time_point time;
                                        ^
1 warning generated.
configure:29656: $? = 0
configure:29672: result: yes
configure:29688: checking for exit in -lboost_chrono-mt
configure:29710: g++ -std=c++11 -o conftest -g -O2 -Wall -Wextra -Wformat -Wvla -Wformat-security -Wno-unused-parameter -Wno-self-assign -Wno-unused-local-typedef -Wno-deprecated-register -I/usr/local/opt/openjdk/include -DHAVE_BUILD_INFO -D__STDC_FORMAT_MACROS -I/usr/local/opt/berkeley-db/include -DMAC_OSX -pthread -I/usr/local/include -L/usr/local/opt/ncurses/lib -Wl,-headerpad_max_install_names -Wl,-dead_strip -L/usr/local/lib conftest.cpp -lboost_chrono-mt   -L/usr/local/opt/berkeley-db/lib >&5
configure:29710: $? = 0
configure:29721: result: yes
configure:29966: checking whether the Boost::Unit_Test_Framework library is available
configure:29990: g++ -std=c++11 -c -g -O2 -Wall -Wextra -Wformat -Wvla -Wformat-security -Wno-unused-parameter -Wno-self-assign -Wno-unused-local-typedef -Wno-deprecated-register -I/usr/local/opt/openjdk/include -DHAVE_BUILD_INFO -D__STDC_FORMAT_MACROS -I/usr/local/opt/berkeley-db/include -DMAC_OSX -pthread -I/usr/local/include conftest.cpp >&5
conftest.cpp:67:21: warning: unused variable 'test' [-Wunused-variable]
                                                         test_suite* test= BOOST_TEST_SUITE( "Unit test example 1" ); return 0;
                                                                     ^
1 warning generated.
configure:29990: $? = 0
configure:30005: result: yes
configure:30116: checking for dynamic linked boost test
configure:30131: g++ -std=c++11 -o conftest -g -O2 -Wall -Wextra -Wformat -Wvla -Wformat-security -Wno-unused-parameter -Wno-self-assign -Wno-unused-local-typedef -Wno-deprecated-register -I/usr/local/opt/openjdk/include -DHAVE_BUILD_INFO -D__STDC_FORMAT_MACROS -I/usr/local/opt/berkeley-db/include -DMAC_OSX -pthread -I/usr/local/include -L/usr/local/opt/ncurses/lib -Wl,-headerpad_max_install_names -Wl,-dead_strip conftest.cpp  -L/usr/local/opt/berkeley-db/lib -L/usr/local/lib -lboost_unit_test_framework-mt >&5
configure:30131: $? = 0
configure:30133: result: yes
configure:30159: checking for mismatched boost c++11 scoped enums
configure:30187: g++ -std=c++11 -o conftest -g -O2 -Wall -Wextra -Wformat -Wvla -Wformat-security -Wno-unused-parameter -Wno-self-assign -Wno-unused-local-typedef -Wno-deprecated-register -I/usr/local/opt/openjdk/include -DHAVE_BUILD_INFO -D__STDC_FORMAT_MACROS -I/usr/local/opt/berkeley-db/include -DMAC_OSX -pthread -I/usr/local/include -L/usr/local/opt/ncurses/lib -Wl,-headerpad_max_install_names -Wl,-dead_strip conftest.cpp -L/usr/local/lib -lboost_system -lboost_filesystem -lboost_program_options-mt -lboost_thread-mt -lboost_chrono-mt  -L/usr/local/opt/berkeley-db/lib >&5
conftest.cpp:80:5: error: use of undeclared identifier 'choke'
    choke;
    ^
1 error generated.
configure:30187: $? = 1
configure: failed program was:
| /* confdefs.h */
| #define PACKAGE_NAME "RadioCoin Core"
| #define PACKAGE_TARNAME "radiocoin"
| #define PACKAGE_VERSION "1.14.3"
| #define PACKAGE_STRING "RadioCoin Core 1.14.3"
| #define PACKAGE_BUGREPORT "https://github.com/radiocoin/radiocoin/issues"
| #define PACKAGE_URL "https://radiocoin.com/"
| #define HAVE_CXX11 1
| #define HAVE_STDIO_H 1
| #define HAVE_STDLIB_H 1
| #define HAVE_STRING_H 1
| #define HAVE_INTTYPES_H 1
| #define HAVE_STDINT_H 1
| #define HAVE_STRINGS_H 1
| #define HAVE_SYS_STAT_H 1
| #define HAVE_SYS_TYPES_H 1
| #define HAVE_UNISTD_H 1
| #define STDC_HEADERS 1
| #define HAVE_DLFCN_H 1
| #define LT_OBJDIR ".libs/"
| #define HAVE_PTHREAD_PRIO_INHERIT 1
| #define HAVE_PTHREAD 1
| #define HAVE_DECL_STRERROR_R 1
| #define HAVE_STRERROR_R 1
| #define HAVE_STDIO_H 1
| #define HAVE_STDLIB_H 1
| #define HAVE_UNISTD_H 1
| #define HAVE_STRINGS_H 1
| #define HAVE_SYS_TYPES_H 1
| #define HAVE_SYS_STAT_H 1
| #define HAVE_SYS_SELECT_H 1
| #define HAVE_DECL_STRNLEN 1
| #define HAVE_DECL_DAEMON 1
| #define HAVE_DECL_LE16TOH 0
| #define HAVE_DECL_LE32TOH 0
| #define HAVE_DECL_LE64TOH 0
| #define HAVE_DECL_HTOLE16 0
| #define HAVE_DECL_HTOLE32 0
| #define HAVE_DECL_HTOLE64 0
| #define HAVE_DECL_BE16TOH 0
| #define HAVE_DECL_BE32TOH 0
| #define HAVE_DECL_BE64TOH 0
| #define HAVE_DECL_HTOBE16 0
| #define HAVE_DECL_HTOBE32 0
| #define HAVE_DECL_HTOBE64 0
| #define HAVE_DECL_BSWAP_16 0
| #define HAVE_DECL_BSWAP_32 0
| #define HAVE_DECL_BSWAP_64 0
| #define HAVE_MSG_NOSIGNAL 1
| #define HAVE_VISIBILITY_ATTRIBUTE 1
| #define HAVE_MINIUPNPC_MINIWGET_H 1
| #define HAVE_MINIUPNPC_MINIUPNPC_H 1
| #define HAVE_MINIUPNPC_UPNPCOMMANDS_H 1
| #define HAVE_MINIUPNPC_UPNPERRORS_H 1
| #define HAVE_BOOST /**/
| #define HAVE_BOOST_SYSTEM /**/
| #define HAVE_BOOST_FILESYSTEM /**/
| #define HAVE_BOOST_PROGRAM_OPTIONS /**/
| #define HAVE_BOOST_THREAD /**/
| #define HAVE_BOOST_CHRONO /**/
| #define HAVE_BOOST_UNIT_TEST_FRAMEWORK /**/
| /* end confdefs.h.  */
| 
|   #include "boost/config.hpp"
|   #include "boost/version.hpp"
|   #if !defined(BOOST_NO_SCOPED_ENUMS) && !defined(BOOST_NO_CXX11_SCOPED_ENUMS) && BOOST_VERSION < 105700
|   #define BOOST_NO_SCOPED_ENUMS
|   #define BOOST_NO_CXX11_SCOPED_ENUMS
|   #define CHECK
|   #endif
|   #include "boost/filesystem.hpp"
| 
| int
| main (void)
| {
| 
|   #if defined(CHECK)
|     boost::filesystem::copy_file("foo", "bar");
|   #else
|     choke;
|   #endif
| 
|   ;
|   return 0;
| }
configure:30192: result: ok
configure:30224: g++ -std=c++11 -o conftest -g -O2 -Wall -Wextra -Wformat -Wvla -Wformat-security -Wno-unused-parameter -Wno-self-assign -Wno-unused-local-typedef -Wno-deprecated-register -I/usr/local/opt/openjdk/include -DHAVE_BUILD_INFO -D__STDC_FORMAT_MACROS -I/usr/local/opt/berkeley-db/include -DMAC_OSX -pthread -I/usr/local/include -L/usr/local/opt/ncurses/lib -Wl,-headerpad_max_install_names -Wl,-dead_strip conftest.cpp -L/usr/local/lib -lboost_system -lboost_filesystem -lboost_program_options-mt -lboost_thread-mt -lboost_chrono-mt  -L/usr/local/opt/berkeley-db/lib >&5
configure:30224: $? = 0
configure:30288: checking for libssl
configure:30312: $PKG_CONFIG --exists --print-errors "libssl"
configure:30315: $? = 0
configure:30353: result: yes
configure:30359: checking for libcrypto
configure:30366: $PKG_CONFIG --exists --print-errors "libcrypto"
configure:30369: $? = 0
configure:30383: $PKG_CONFIG --exists --print-errors "libcrypto"
configure:30386: $? = 0
configure:30424: result: yes
configure:30433: checking for protobuf
configure:30440: $PKG_CONFIG --exists --print-errors "protobuf"
configure:30443: $? = 0
configure:30457: $PKG_CONFIG --exists --print-errors "protobuf"
configure:30460: $? = 0
configure:30520: result: yes
configure:30535: checking for libqrencode
configure:30542: $PKG_CONFIG --exists --print-errors "libqrencode"
configure:30545: $? = 0
configure:30559: $PKG_CONFIG --exists --print-errors "libqrencode"
configure:30562: $? = 0
configure:30600: result: yes
configure:30613: checking for libevent
configure:30620: $PKG_CONFIG --exists --print-errors "libevent"
configure:30623: $? = 0
configure:30637: $PKG_CONFIG --exists --print-errors "libevent"
configure:30640: $? = 0
configure:30678: result: yes
configure:30685: checking for libevent_pthreads
configure:30692: $PKG_CONFIG --exists --print-errors "libevent_pthreads"
configure:30695: $? = 0
configure:30709: $PKG_CONFIG --exists --print-errors "libevent_pthreads"
configure:30712: $? = 0
configure:30750: result: yes
configure:30760: checking for libzmq >= 4
configure:30767: $PKG_CONFIG --exists --print-errors "libzmq >= 4"
configure:30770: $? = 0
configure:30784: $PKG_CONFIG --exists --print-errors "libzmq >= 4"
configure:30787: $? = 0
configure:30835: result: yes
configure:31253: checking whether EVP_MD_CTX_new is declared
configure:31253: g++ -std=c++11 -c -g -O2 -Wall -Wextra -Wformat -Wvla -Wformat-security -Wno-unused-parameter -Wno-self-assign -Wno-unused-local-typedef -Wno-deprecated-register -I/usr/local/Cellar/openssl@1.1/1.1.1k/include /usr/local/opt/openssl@1.1/include/openssl/  -I/usr/local/opt/openjdk/include -DHAVE_BUILD_INFO -D__STDC_FORMAT_MACROS -I/usr/local/opt/berkeley-db/include -DMAC_OSX conftest.cpp >&5
clang: warning: /usr/local/opt/openssl@1.1/include/openssl/: 'linker' input unused [-Wunused-command-line-argument]
configure:31253: $? = 0
configure:31253: result: yes
configure:31497: checking for protoc
configure:31520: found /usr/local/bin/protoc
configure:31532: result: /usr/local/bin/protoc
configure:31566: checking whether to build radiocoind
configure:31576: result: yes
configure:31579: checking whether to build utils (radiocoin-cli radiocoin-tx)
configure:31589: result: yes
configure:31592: checking whether to build libraries
configure:31609: result: yes
configure:31620: checking if ccache should be used
configure:31633: result: no
configure:31677: checking if wallet should be enabled
configure:31680: result: yes
configure:31691: checking whether to build with support for UPnP
configure:31701: result: yes
configure:31703: checking whether to build with UPnP enabled by default
configure:31711: result: no
configure:31727: checking whether to build GUI with support for D-Bus
configure:31734: result: yes
configure:31737: checking whether to build GUI with support for QR codes
configure:31747: result: yes
configure:31764: checking whether to build test_radiocoin-qt
configure:31767: result: yes
configure:31785: checking whether to build test_radiocoin
configure:31788: result: yes
configure:31797: checking whether to reduce exports
configure:31803: result: no
configure:32130: checking that generated files are newer than configure
configure:32136: result: done
configure:32248: creating ./config.status

## ---------------------- ##
## Running config.status. ##
## ---------------------- ##

This file was extended by RadioCoin Core config.status 1.14.3, which was
generated by GNU Autoconf 2.71.  Invocation command line was

  CONFIG_FILES    = 
  CONFIG_HEADERS  = 
  CONFIG_LINKS    = 
  CONFIG_COMMANDS = 
  $ ./config.status 

on c4pts-iMac-Pro

config.status:1385: creating libbitcoinconsensus.pc
config.status:1385: creating Makefile
config.status:1385: creating src/Makefile
config.status:1385: creating doc/man/Makefile
config.status:1385: creating share/setup.nsi
config.status:1385: creating share/qt/Info.plist
config.status:1385: creating src/test/buildenv.py
config.status:1385: creating qa/pull-tester/tests_config.py
config.status:1385: creating contrib/devtools/split-debug.sh
config.status:1385: creating src/config/bitcoin-config.h
config.status:1645: executing depfiles commands
config.status:1722: cd src       && sed -e '/# am--include-marker/d' Makefile         | make -f - am--depfiles
config.status:1727: $? = 0
config.status:1645: executing libtool commands
configure:34769: === configuring in src/univalue (/Users/c4pt/Desktop/NEWCOIN-06-22-2021-radioCOIN/radioCOIN/src/univalue)
configure:34830: running /bin/sh ./configure --disable-option-checking '--prefix=/usr'  '--with-incompatible-bdb' '--enable-sse2' 'LDFLAGS=-L/usr/local/opt/ncurses/lib' 'CPPFLAGS=-I/usr/local/opt/openjdk/include' 'SSL_CFLAGS=/usr/local/opt/openssl@1.1/include/openssl/' '--disable-shared' '--with-pic' '--with-bignum=no' '--enable-module-recovery' --cache-file=/dev/null --srcdir=.
configure:34769: === configuring in src/secp256k1 (/Users/c4pt/Desktop/NEWCOIN-06-22-2021-radioCOIN/radioCOIN/src/secp256k1)
configure:34830: running /bin/sh ./configure --disable-option-checking '--prefix=/usr'  '--with-incompatible-bdb' '--enable-sse2' 'LDFLAGS=-L/usr/local/opt/ncurses/lib' 'CPPFLAGS=-I/usr/local/opt/openjdk/include' 'SSL_CFLAGS=/usr/local/opt/openssl@1.1/include/openssl/' '--disable-shared' '--with-pic' '--with-bignum=no' '--enable-module-recovery' --cache-file=/dev/null --srcdir=.

## ---------------- ##
## Cache variables. ##
## ---------------- ##

ac_cv_build=x86_64-apple-darwin20.3.0
ac_cv_c_bigendian=no
ac_cv_c_compiler_gnu=yes
ac_cv_cxx_compiler_gnu=yes
ac_cv_cxx_undeclared_builtin_options='none needed'
ac_cv_env_CCC_set=
ac_cv_env_CCC_value=
ac_cv_env_CC_set=
ac_cv_env_CC_value=
ac_cv_env_CFLAGS_set=
ac_cv_env_CFLAGS_value=
ac_cv_env_CPPFLAGS_set=set
ac_cv_env_CPPFLAGS_value=-I/usr/local/opt/openjdk/include
ac_cv_env_CPP_set=
ac_cv_env_CPP_value=
ac_cv_env_CRYPTO_CFLAGS_set=
ac_cv_env_CRYPTO_CFLAGS_value=
ac_cv_env_CRYPTO_LIBS_set=
ac_cv_env_CRYPTO_LIBS_value=
ac_cv_env_CXXCPP_set=
ac_cv_env_CXXCPP_value=
ac_cv_env_CXXFLAGS_set=
ac_cv_env_CXXFLAGS_value=
ac_cv_env_CXX_set=
ac_cv_env_CXX_value=
ac_cv_env_EVENT_CFLAGS_set=
ac_cv_env_EVENT_CFLAGS_value=
ac_cv_env_EVENT_LIBS_set=
ac_cv_env_EVENT_LIBS_value=
ac_cv_env_EVENT_PTHREADS_CFLAGS_set=
ac_cv_env_EVENT_PTHREADS_CFLAGS_value=
ac_cv_env_EVENT_PTHREADS_LIBS_set=
ac_cv_env_EVENT_PTHREADS_LIBS_value=
ac_cv_env_LDFLAGS_set=set
ac_cv_env_LDFLAGS_value=-L/usr/local/opt/ncurses/lib
ac_cv_env_LIBS_set=
ac_cv_env_LIBS_value=
ac_cv_env_LT_SYS_LIBRARY_PATH_set=
ac_cv_env_LT_SYS_LIBRARY_PATH_value=
ac_cv_env_OBJCXXFLAGS_set=
ac_cv_env_OBJCXXFLAGS_value=
ac_cv_env_OBJCXX_set=
ac_cv_env_OBJCXX_value=
ac_cv_env_PKG_CONFIG_LIBDIR_set=
ac_cv_env_PKG_CONFIG_LIBDIR_value=
ac_cv_env_PKG_CONFIG_PATH_set=
ac_cv_env_PKG_CONFIG_PATH_value=
ac_cv_env_PKG_CONFIG_set=
ac_cv_env_PKG_CONFIG_value=
ac_cv_env_PROTOBUF_CFLAGS_set=
ac_cv_env_PROTOBUF_CFLAGS_value=
ac_cv_env_PROTOBUF_LIBS_set=
ac_cv_env_PROTOBUF_LIBS_value=
ac_cv_env_PYTHONPATH_set=
ac_cv_env_PYTHONPATH_value=
ac_cv_env_QR_CFLAGS_set=
ac_cv_env_QR_CFLAGS_value=
ac_cv_env_QR_LIBS_set=
ac_cv_env_QR_LIBS_value=
ac_cv_env_QTPLATFORM_CFLAGS_set=
ac_cv_env_QTPLATFORM_CFLAGS_value=
ac_cv_env_QTPLATFORM_LIBS_set=
ac_cv_env_QTPLATFORM_LIBS_value=
ac_cv_env_QTPRINT_CFLAGS_set=
ac_cv_env_QTPRINT_CFLAGS_value=
ac_cv_env_QTPRINT_LIBS_set=
ac_cv_env_QTPRINT_LIBS_value=
ac_cv_env_QTXCBQPA_CFLAGS_set=
ac_cv_env_QTXCBQPA_CFLAGS_value=
ac_cv_env_QTXCBQPA_LIBS_set=
ac_cv_env_QTXCBQPA_LIBS_value=
ac_cv_env_QT_CFLAGS_set=
ac_cv_env_QT_CFLAGS_value=
ac_cv_env_QT_DBUS_CFLAGS_set=
ac_cv_env_QT_DBUS_CFLAGS_value=
ac_cv_env_QT_DBUS_LIBS_set=
ac_cv_env_QT_DBUS_LIBS_value=
ac_cv_env_QT_LIBS_set=
ac_cv_env_QT_LIBS_value=
ac_cv_env_QT_TEST_CFLAGS_set=
ac_cv_env_QT_TEST_CFLAGS_value=
ac_cv_env_QT_TEST_LIBS_set=
ac_cv_env_QT_TEST_LIBS_value=
ac_cv_env_SSL_CFLAGS_set=set
ac_cv_env_SSL_CFLAGS_value=/usr/local/opt/openssl@1.1/include/openssl/
ac_cv_env_SSL_LIBS_set=
ac_cv_env_SSL_LIBS_value=
ac_cv_env_UNIVALUE_CFLAGS_set=
ac_cv_env_UNIVALUE_CFLAGS_value=
ac_cv_env_UNIVALUE_LIBS_set=
ac_cv_env_UNIVALUE_LIBS_value=
ac_cv_env_X11XCB_CFLAGS_set=
ac_cv_env_X11XCB_CFLAGS_value=
ac_cv_env_X11XCB_LIBS_set=
ac_cv_env_X11XCB_LIBS_value=
ac_cv_env_ZMQ_CFLAGS_set=
ac_cv_env_ZMQ_CFLAGS_value=
ac_cv_env_ZMQ_LIBS_set=
ac_cv_env_ZMQ_LIBS_value=
ac_cv_env_build_alias_set=
ac_cv_env_build_alias_value=
ac_cv_env_host_alias_set=
ac_cv_env_host_alias_value=
ac_cv_env_target_alias_set=
ac_cv_env_target_alias_value=
ac_cv_func_strerror_r_char_p=no
ac_cv_have_decl_EVP_MD_CTX_new=yes
ac_cv_have_decl_be16toh=no
ac_cv_have_decl_be32toh=no
ac_cv_have_decl_be64toh=no
ac_cv_have_decl_bswap_16=no
ac_cv_have_decl_bswap_32=no
ac_cv_have_decl_bswap_64=no
ac_cv_have_decl_daemon=yes
ac_cv_have_decl_htobe16=no
ac_cv_have_decl_htobe32=no
ac_cv_have_decl_htobe64=no
ac_cv_have_decl_htole16=no
ac_cv_have_decl_htole32=no
ac_cv_have_decl_htole64=no
ac_cv_have_decl_le16toh=no
ac_cv_have_decl_le32toh=no
ac_cv_have_decl_le64toh=no
ac_cv_have_decl_strerror_r=yes
ac_cv_have_decl_strnlen=yes
ac_cv_header_byteswap_h=no
ac_cv_header_dlfcn_h=yes
ac_cv_header_endian_h=no
ac_cv_header_inttypes_h=yes
ac_cv_header_miniupnpc_miniupnpc_h=yes
ac_cv_header_miniupnpc_miniwget_h=yes
ac_cv_header_miniupnpc_upnpcommands_h=yes
ac_cv_header_miniupnpc_upnperrors_h=yes
ac_cv_header_stdint_h=yes
ac_cv_header_stdio_h=yes
ac_cv_header_stdlib_h=yes
ac_cv_header_string_h=yes
ac_cv_header_strings_h=yes
ac_cv_header_sys_endian_h=no
ac_cv_header_sys_prctl_h=no
ac_cv_header_sys_select_h=yes
ac_cv_header_sys_stat_h=yes
ac_cv_header_sys_types_h=yes
ac_cv_header_unistd_h=yes
ac_cv_host=x86_64-apple-darwin20.3.0
ac_cv_lib_boost_chrono_mt_exit=yes
ac_cv_lib_boost_filesystem_exit=yes
ac_cv_lib_boost_program_options_mt_exit=yes
ac_cv_lib_boost_system_exit=yes
ac_cv_lib_boost_thread_mt_exit=yes
ac_cv_lib_db_cxx_5_1_main=no
ac_cv_lib_db_cxx_main=yes
ac_cv_lib_miniupnpc_main=yes
ac_cv_objcxx_compiler_gnu=yes
ac_cv_objext=o
ac_cv_path_EGREP='/usr/bin/grep -E'
ac_cv_path_FGREP='/usr/bin/grep -F'
ac_cv_path_GIT=/usr/local/bin/git
ac_cv_path_GREP=/usr/bin/grep
ac_cv_path_HEXDUMP=/usr/bin/hexdump
ac_cv_path_LRELEASE=/usr/local/Cellar/qt@5/5.15.2/bin/lrelease
ac_cv_path_LUPDATE=/usr/local/Cellar/qt@5/5.15.2/bin/lupdate
ac_cv_path_MOC=/usr/local/Cellar/qt@5/5.15.2/bin/moc
ac_cv_path_PROTOC=/usr/local/bin/protoc
ac_cv_path_PYTHON=/usr/local/bin/python3
ac_cv_path_RCC=/usr/local/Cellar/qt@5/5.15.2/bin/rcc
ac_cv_path_RSVG_CONVERT=/usr/local/bin/rsvg-convert
ac_cv_path_SED=/usr/bin/sed
ac_cv_path_UIC=/usr/local/Cellar/qt@5/5.15.2/bin/uic
ac_cv_path_XGETTEXT=/usr/local/bin/xgettext
ac_cv_path_ac_pt_AR=/usr/bin/ar
ac_cv_path_ac_pt_CPPFILT=/usr/bin/c++filt
ac_cv_path_ac_pt_GCOV=/usr/bin/gcov
ac_cv_path_ac_pt_PKG_CONFIG=/usr/local/bin/pkg-config
ac_cv_path_ac_pt_RANLIB=/usr/bin/ranlib
ac_cv_path_ac_pt_STRIP=/usr/bin/strip
ac_cv_path_install='/usr/bin/install -c'
ac_cv_path_lt_DD=/bin/dd
ac_cv_prog_AWK=awk
ac_cv_prog_BREW=brew
ac_cv_prog_CPP='gcc -E'
ac_cv_prog_CXXCPP='g++ -std=c++11 -E'
ac_cv_prog_ac_ct_AR=ar
ac_cv_prog_ac_ct_CC=gcc
ac_cv_prog_ac_ct_CXX=g++
ac_cv_prog_ac_ct_DSYMUTIL=dsymutil
ac_cv_prog_ac_ct_LIPO=lipo
ac_cv_prog_ac_ct_NMEDIT=nmedit
ac_cv_prog_ac_ct_OBJDUMP=objdump
ac_cv_prog_ac_ct_OTOOL=otool
ac_cv_prog_ac_ct_RANLIB=ranlib
ac_cv_prog_ac_ct_STRIP=strip
ac_cv_prog_cc_c11=
ac_cv_prog_cc_g=yes
ac_cv_prog_cc_stdc=
ac_cv_prog_cxx_11=no
ac_cv_prog_cxx_g=yes
ac_cv_prog_cxx_stdcxx=
ac_cv_prog_make_make_set=yes
ac_cv_prog_objcxx_g=yes
ac_cv_search_clock_gettime='none required'
ac_cv_sys_file_offset_bits=no
ac_cv_sys_largefile_CC=no
am_cv_CC_dependencies_compiler_type=gcc3
am_cv_CXX_dependencies_compiler_type=gcc3
am_cv_OBJCXX_dependencies_compiler_type=gcc3
am_cv_make_support_nested_variables=yes
am_cv_prog_cc_c_o=yes
ax_cv_PTHREAD_CLANG=yes
ax_cv_PTHREAD_CLANG_NO_WARN_FLAG=no
ax_cv_PTHREAD_JOINABLE_ATTR=PTHREAD_CREATE_JOINABLE
ax_cv_PTHREAD_PRIO_INHERIT=yes
ax_cv_PTHREAD_SPECIAL_FLAGS=no
ax_cv_boost_chrono=yes
ax_cv_boost_filesystem=yes
ax_cv_boost_program_options=yes
ax_cv_boost_system=yes
ax_cv_boost_thread=yes
ax_cv_boost_unit_test_framework=yes
ax_cv_check_cxxcppflags___D_FORTIFY_SOURCE_2=yes
ax_cv_check_cxxcppflags___U_FORTIFY_SOURCE=yes
ax_cv_check_cxxflags__Wall=yes
ax_cv_check_cxxflags__Wdeprecated_register=yes
ax_cv_check_cxxflags__Wextra=yes
ax_cv_check_cxxflags__Wformat=yes
ax_cv_check_cxxflags__Wformat_security=yes
ax_cv_check_cxxflags__Wself_assign=yes
ax_cv_check_cxxflags__Wunused_local_typedef=yes
ax_cv_check_cxxflags__Wunused_parameter=yes
ax_cv_check_cxxflags__Wvla=yes
ax_cv_check_cxxflags___Werror=yes
ax_cv_check_cxxflags___Wstack_protector=yes
ax_cv_check_cxxflags___fPIC=yes
ax_cv_check_cxxflags___fPIE=yes
ax_cv_check_cxxflags___fstack_protector_all=yes
ax_cv_check_ldflags___Wl___dynamicbase=no
ax_cv_check_ldflags___Wl___high_entropy_va=no
ax_cv_check_ldflags___Wl___large_address_aware=no
ax_cv_check_ldflags___Wl___nxcompat=no
ax_cv_check_ldflags___Wl__dead_strip=yes
ax_cv_check_ldflags___Wl__headerpad_max_install_names=yes
ax_cv_check_ldflags___Wl__z_now=no
ax_cv_check_ldflags___Wl__z_relro=no
ax_cv_check_ldflags___framework_Foundation__framework_ApplicationServices__framework_AppKit=yes
ax_cv_check_ldflags___pie=yes
ax_cv_cxx_compile_cxx11__std_cpp11=yes
ax_cv_have_func_attribute_dllexport=no
ax_cv_have_func_attribute_dllimport=no
ax_cv_have_func_attribute_visibility=no
bitcoin_cv_static_qt=no
lt_cv_apple_cc_single_mod=yes
lt_cv_ar_at_file=no
lt_cv_deplibs_check_method=pass_all
lt_cv_file_magic_cmd='$MAGIC_CMD'
lt_cv_file_magic_test_file=
lt_cv_ld_exported_symbols_list=yes
lt_cv_ld_force_load=yes
lt_cv_ld_reload_flag=-r
lt_cv_nm_interface='BSD nm'
lt_cv_objdir=.libs
lt_cv_path_LD=/Applications/Xcode.app/Contents/Developer/Toolchains/XcodeDefault.xctoolchain/usr/bin/ld
lt_cv_path_LDCXX=/Applications/Xcode.app/Contents/Developer/Toolchains/XcodeDefault.xctoolchain/usr/bin/ld
lt_cv_path_NM='/usr/bin/nm -B'
lt_cv_path_mainfest_tool=no
lt_cv_prog_compiler_c_o=yes
lt_cv_prog_compiler_c_o_CXX=yes
lt_cv_prog_compiler_pic='-fno-common -DPIC'
lt_cv_prog_compiler_pic_CXX='-fno-common -DPIC'
lt_cv_prog_compiler_pic_works=yes
lt_cv_prog_compiler_pic_works_CXX=yes
lt_cv_prog_compiler_rtti_exceptions=yes
lt_cv_prog_compiler_static_works=no
lt_cv_prog_compiler_static_works_CXX=no
lt_cv_prog_gnu_ld=no
lt_cv_prog_gnu_ldcxx=no
lt_cv_sharedlib_from_linklib_cmd='printf %s\n'
lt_cv_sys_global_symbol_pipe='sed -n -e '\''s/^.*[	 ]\([BCDEGRST][BCDEGRST]*\)[	 ][	 ]*_\([_A-Za-z][_A-Za-z0-9]*\)$/\1 _\2 \2/p'\'' | sed '\''/ __gnu_lto/d'\'''
lt_cv_sys_global_symbol_to_c_name_address='sed -n -e '\''s/^: \(.*\) .*$/  {"\1", (void *) 0},/p'\'' -e '\''s/^[BCDEGRST][BCDEGRST]* .* \(.*\)$/  {"\1", (void *) \&\1},/p'\'''
lt_cv_sys_global_symbol_to_c_name_address_lib_prefix='sed -n -e '\''s/^: \(.*\) .*$/  {"\1", (void *) 0},/p'\'' -e '\''s/^[BCDEGRST][BCDEGRST]* .* \(lib.*\)$/  {"\1", (void *) \&\1},/p'\'' -e '\''s/^[BCDEGRST][BCDEGRST]* .* \(.*\)$/  {"lib\1", (void *) \&\1},/p'\'''
lt_cv_sys_global_symbol_to_cdecl='sed -n -e '\''s/^T .* \(.*\)$/extern int \1();/p'\'' -e '\''s/^[BCDEGRST][BCDEGRST]* .* \(.*\)$/extern char \1;/p'\'''
lt_cv_sys_global_symbol_to_import=
lt_cv_sys_max_cmd_len=786432
lt_cv_to_host_file_cmd=func_convert_file_noop
lt_cv_to_tool_file_cmd=func_convert_file_noop
lt_cv_truncate_bin='/bin/dd bs=4096 count=1'
pkg_cv_CRYPTO_CFLAGS=-I/usr/local/Cellar/openssl@1.1/1.1.1k/include
pkg_cv_CRYPTO_LIBS='-L/usr/local/Cellar/openssl@1.1/1.1.1k/lib -lcrypto'
pkg_cv_EVENT_CFLAGS=-I/usr/local/Cellar/libevent/2.1.12/include
pkg_cv_EVENT_LIBS='-L/usr/local/Cellar/libevent/2.1.12/lib -levent'
pkg_cv_EVENT_PTHREADS_CFLAGS='-D_THREAD_SAFE -I/usr/local/Cellar/libevent/2.1.12/include'
pkg_cv_EVENT_PTHREADS_LIBS='-L/usr/local/Cellar/libevent/2.1.12/lib -levent_pthreads -levent'
pkg_cv_PROTOBUF_CFLAGS='-pthread -I/usr/local/Cellar/protobuf/3.17.1/include'
pkg_cv_PROTOBUF_LIBS='-L/usr/local/Cellar/protobuf/3.17.1/lib -lprotobuf -lpthread'
pkg_cv_QR_CFLAGS=-I/usr/local/Cellar/qrencode/4.1.1/include
pkg_cv_QR_LIBS='-L/usr/local/Cellar/qrencode/4.1.1/lib -lqrencode'
pkg_cv_QT_CFLAGS='-DQT_NETWORK_LIB -F/usr/local/Cellar/qt@5/5.15.2/lib -DQT_PRINTSUPPORT_LIB -F/usr/local/Cellar/qt@5/5.15.2/lib -DQT_WIDGETS_LIB -F/usr/local/Cellar/qt@5/5.15.2/lib -DQT_GUI_LIB -F/usr/local/Cellar/qt@5/5.15.2/lib -DQT_CORE_LIB -F/usr/local/Cellar/qt@5/5.15.2/lib -I/usr/local/Cellar/qt@5/5.15.2/lib/QtNetwork.framework/Headers -I/usr/local/Cellar/qt@5/5.15.2/lib/QtPrintSupport.framework/Headers -I/usr/local/Cellar/qt@5/5.15.2/lib/QtWidgets.framework/Headers -I/usr/local/Cellar/qt@5/5.15.2/lib/QtGui.framework/Headers -I/usr/local/Cellar/qt@5/5.15.2/lib/QtCore.framework/Headers'
pkg_cv_QT_DBUS_CFLAGS='-DQT_DBUS_LIB -F/usr/local/Cellar/qt@5/5.15.2/lib -DQT_CORE_LIB -F/usr/local/Cellar/qt@5/5.15.2/lib -I/usr/local/Cellar/qt@5/5.15.2/lib/QtDBus.framework/Headers -I/usr/local/Cellar/qt@5/5.15.2/lib/QtCore.framework/Headers'
pkg_cv_QT_DBUS_LIBS='-F/usr/local/Cellar/qt@5/5.15.2/lib -framework QtDBus -F/usr/local/Cellar/qt@5/5.15.2/lib -framework QtCore'
pkg_cv_QT_LIBS='-F/usr/local/Cellar/qt@5/5.15.2/lib -framework QtNetwork -F/usr/local/Cellar/qt@5/5.15.2/lib -framework QtPrintSupport -F/usr/local/Cellar/qt@5/5.15.2/lib -framework QtWidgets -F/usr/local/Cellar/qt@5/5.15.2/lib -framework QtGui -F/usr/local/Cellar/qt@5/5.15.2/lib -framework QtCore'
pkg_cv_QT_TEST_CFLAGS='-DQT_TESTLIB_LIB -F/usr/local/Cellar/qt@5/5.15.2/lib -DQT_CORE_LIB -F/usr/local/Cellar/qt@5/5.15.2/lib -I/usr/local/Cellar/qt@5/5.15.2/lib/QtTest.framework/Headers -I/usr/local/Cellar/qt@5/5.15.2/lib/QtCore.framework/Headers'
pkg_cv_QT_TEST_LIBS='-F/usr/local/Cellar/qt@5/5.15.2/lib -framework QtTest -F/usr/local/Cellar/qt@5/5.15.2/lib -framework QtCore'
pkg_cv_SSL_CFLAGS=/usr/local/opt/openssl@1.1/include/openssl/
pkg_cv_SSL_LIBS='-L/usr/local/Cellar/openssl@1.1/1.1.1k/lib -lssl'
pkg_cv_ZMQ_CFLAGS='-I/usr/local/Cellar/zeromq/4.3.4/include -I/usr/local/Cellar/libsodium/1.0.18_1/include'
pkg_cv_ZMQ_LIBS='-L/usr/local/Cellar/zeromq/4.3.4/lib -lzmq'

## ----------------- ##
## Output variables. ##
## ----------------- ##

ACLOCAL='${SHELL} '\''/Users/c4pt/Desktop/NEWCOIN-06-22-2021-radioCOIN/radioCOIN/build-aux/missing'\'' aclocal-1.16'
AMDEPBACKSLASH='\'
AMDEP_FALSE='#'
AMDEP_TRUE=''
AMTAR='$${TAR-tar}'
AM_BACKSLASH='\'
AM_DEFAULT_V='$(AM_DEFAULT_VERBOSITY)'
AM_DEFAULT_VERBOSITY='0'
AM_V='$(V)'
AR='/usr/bin/ar'
AUTOCONF='${SHELL} '\''/Users/c4pt/Desktop/NEWCOIN-06-22-2021-radioCOIN/radioCOIN/build-aux/missing'\'' autoconf'
AUTOHEADER='${SHELL} '\''/Users/c4pt/Desktop/NEWCOIN-06-22-2021-radioCOIN/radioCOIN/build-aux/missing'\'' autoheader'
AUTOMAKE='${SHELL} '\''/Users/c4pt/Desktop/NEWCOIN-06-22-2021-radioCOIN/radioCOIN/build-aux/missing'\'' automake-1.16'
AWK='awk'
BDB_CPPFLAGS=''
BDB_LIBS='-ldb_cxx'
BITCOIN_CLI_NAME='radiocoin-cli'
BITCOIN_DAEMON_NAME='radiocoind'
BITCOIN_GUI_NAME='radiocoin-qt'
BITCOIN_TX_NAME='radiocoin-tx'
BOOST_CHRONO_LIB='-lboost_chrono-mt'
BOOST_CPPFLAGS='-pthread -I/usr/local/include'
BOOST_FILESYSTEM_LIB='-lboost_filesystem'
BOOST_LDFLAGS='-L/usr/local/lib'
BOOST_LIBS='-L/usr/local/lib -lboost_system -lboost_filesystem -lboost_program_options-mt -lboost_thread-mt -lboost_chrono-mt'
BOOST_PROGRAM_OPTIONS_LIB='-lboost_program_options-mt'
BOOST_SYSTEM_LIB='-lboost_system'
BOOST_THREAD_LIB='-lboost_thread-mt'
BOOST_UNIT_TEST_FRAMEWORK_LIB='-lboost_unit_test_framework-mt'
BREW='brew'
BUILD_BITCOIND_FALSE='#'
BUILD_BITCOIND_TRUE=''
BUILD_BITCOIN_LIBS_FALSE='#'
BUILD_BITCOIN_LIBS_TRUE=''
BUILD_BITCOIN_UTILS_FALSE='#'
BUILD_BITCOIN_UTILS_TRUE=''
BUILD_DARWIN_FALSE='#'
BUILD_DARWIN_TRUE=''
CC='gcc'
CCACHE=''
CCDEPMODE='depmode=gcc3'
CFLAGS='-g -O2'
CLIENT_VERSION_BUILD='0'
CLIENT_VERSION_IS_RELEASE='true'
CLIENT_VERSION_MAJOR='1'
CLIENT_VERSION_MINOR='14'
CLIENT_VERSION_REVISION='3'
COPYRIGHT_HOLDERS='The %s developers'
COPYRIGHT_HOLDERS_FINAL='The Bitcoin Core and RadioCoin Core developers'
COPYRIGHT_HOLDERS_SUBSTITUTION='Bitcoin Core and RadioCoin Core'
COPYRIGHT_YEAR='2021'
CPP='gcc -E'
CPPFILT='/usr/bin/c++filt'
CPPFLAGS='-I/usr/local/opt/openjdk/include -DHAVE_BUILD_INFO -D__STDC_FORMAT_MACROS -I/usr/local/opt/berkeley-db/include -DMAC_OSX'
CRYPTO_CFLAGS='-I/usr/local/Cellar/openssl@1.1/1.1.1k/include'
CRYPTO_LIBS='-L/usr/local/Cellar/openssl@1.1/1.1.1k/lib -lcrypto'
CXX='g++ -std=c++11'
CXXCPP='g++ -std=c++11 -E'
CXXDEPMODE='depmode=gcc3'
CXXFLAGS='-g -O2 -Wall -Wextra -Wformat -Wvla -Wformat-security -Wno-unused-parameter -Wno-self-assign -Wno-unused-local-typedef -Wno-deprecated-register'
CYGPATH_W='echo'
DEFS='-DHAVE_CONFIG_H'
DEPDIR='.deps'
DLLTOOL='false'
DSYMUTIL='dsymutil'
DUMPBIN=''
ECHO_C='\c'
ECHO_N=''
ECHO_T=''
EGREP='/usr/bin/grep -E'
EMBEDDED_LEVELDB_FALSE='#'
EMBEDDED_LEVELDB_TRUE=''
EMBEDDED_UNIVALUE_FALSE='#'
EMBEDDED_UNIVALUE_TRUE=''
ENABLE_BENCH_FALSE='#'
ENABLE_BENCH_TRUE=''
ENABLE_MAN_FALSE='#'
ENABLE_MAN_TRUE=''
ENABLE_QT_FALSE='#'
ENABLE_QT_TESTS_FALSE='#'
ENABLE_QT_TESTS_TRUE=''
ENABLE_QT_TRUE=''
ENABLE_TESTS_FALSE='#'
ENABLE_TESTS_TRUE=''
ENABLE_WALLET_FALSE='#'
ENABLE_WALLET_TRUE=''
ENABLE_ZMQ_FALSE='#'
ENABLE_ZMQ_TRUE=''
ERROR_CXXFLAGS=''
EVENT_CFLAGS='-I/usr/local/Cellar/libevent/2.1.12/include'
EVENT_LIBS='-L/usr/local/Cellar/libevent/2.1.12/lib -levent'
EVENT_PTHREADS_CFLAGS='-D_THREAD_SAFE -I/usr/local/Cellar/libevent/2.1.12/include'
EVENT_PTHREADS_LIBS='-L/usr/local/Cellar/libevent/2.1.12/lib -levent_pthreads -levent'
EXEEXT=''
EXTENDED_RPC_TESTS=''
FGREP='/usr/bin/grep -F'
GCOV='/usr/bin/gcov'
GENHTML=''
GENISOIMAGE=''
GIT='/usr/local/bin/git'
GLIBC_BACK_COMPAT_FALSE=''
GLIBC_BACK_COMPAT_TRUE='#'
GREP='/usr/bin/grep'
HARDENED_CPPFLAGS=' -U_FORTIFY_SOURCE -D_FORTIFY_SOURCE=2'
HARDENED_CXXFLAGS=' -Wstack-protector -fstack-protector-all'
HARDENED_LDFLAGS=' -pie'
HARDEN_FALSE='#'
HARDEN_TRUE=''
HAVE_CXX11='1'
HEXDUMP='/usr/bin/hexdump'
IMAGEMAGICK_CONVERT=''
INSTALLNAMETOOL=''
INSTALL_DATA='${INSTALL} -m 644'
INSTALL_PROGRAM='${INSTALL}'
INSTALL_SCRIPT='${INSTALL}'
INSTALL_STRIP_PROGRAM='$(install_sh) -c -s'
LCOV=''
LD='/Applications/Xcode.app/Contents/Developer/Toolchains/XcodeDefault.xctoolchain/usr/bin/ld'
LDFLAGS='-L/usr/local/opt/ncurses/lib -Wl,-headerpad_max_install_names -Wl,-dead_strip'
LEVELDB_CPPFLAGS=''
LEVELDB_TARGET_FLAGS='-DOS_MACOSX'
LIBLEVELDB=''
LIBMEMENV=''
LIBOBJS=''
LIBS=' -L/usr/local/opt/berkeley-db/lib'
LIBTOOL='$(SHELL) $(top_builddir)/libtool'
LIBTOOL_APP_LDFLAGS=''
LIPO='lipo'
LN_S='ln -s'
LRELEASE='/usr/local/Cellar/qt@5/5.15.2/bin/lrelease'
LTLIBOBJS=''
LT_SYS_LIBRARY_PATH=''
LUPDATE='/usr/local/Cellar/qt@5/5.15.2/bin/lupdate'
MAINT=''
MAINTAINER_MODE_FALSE='#'
MAINTAINER_MODE_TRUE=''
MAKEINFO='${SHELL} '\''/Users/c4pt/Desktop/NEWCOIN-06-22-2021-radioCOIN/radioCOIN/build-aux/missing'\'' makeinfo'
MAKENSIS=''
MANIFEST_TOOL=':'
MINIUPNPC_CPPFLAGS=''
MINIUPNPC_LIBS='-lminiupnpc'
MKDIR_P='./build-aux/install-sh -c -d'
MOC='/usr/local/Cellar/qt@5/5.15.2/bin/moc'
MOC_DEFS='-DHAVE_CONFIG_H -I$(srcdir) -DQ_OS_MAC'
NM='/usr/bin/nm -B'
NMEDIT='nmedit'
OBJCOPY=''
OBJCXX='g++ -std=c++11'
OBJCXXDEPMODE='depmode=gcc3'
OBJCXXFLAGS='-g -O2 -Wall -Wextra -Wformat -Wvla -Wformat-security -Wno-unused-parameter -Wno-self-assign -Wno-unused-local-typedef -Wno-deprecated-register'
OBJDUMP='objdump'
OBJEXT='o'
OTOOL64=':'
OTOOL='otool'
PACKAGE='radiocoin'
PACKAGE_BUGREPORT='https://github.com/radiocoin/radiocoin/issues'
PACKAGE_NAME='RadioCoin Core'
PACKAGE_STRING='RadioCoin Core 1.14.3'
PACKAGE_TARNAME='radiocoin'
PACKAGE_URL='https://radiocoin.com/'
PACKAGE_VERSION='1.14.3'
PATH_SEPARATOR=':'
PIC_FLAGS='-fPIC'
PIE_FLAGS='-fPIE'
PKG_CONFIG='/usr/local/bin/pkg-config'
PKG_CONFIG_LIBDIR=''
PKG_CONFIG_PATH='/usr/local/opt/qt@5/lib/pkgconfig:/usr/local/opt/openssl@1.1/lib/pkgconfig:'
PORT=''
PROTOBUF_CFLAGS='-pthread -I/usr/local/Cellar/protobuf/3.17.1/include'
PROTOBUF_LIBS='-L/usr/local/Cellar/protobuf/3.17.1/lib -lprotobuf -lpthread'
PROTOC='/usr/local/bin/protoc'
PTHREAD_CC='gcc'
PTHREAD_CFLAGS='-pthread'
PTHREAD_LIBS=''
PYTHON='/usr/local/bin/python3'
PYTHONPATH=''
QR_CFLAGS='-I/usr/local/Cellar/qrencode/4.1.1/include'
QR_LIBS='-L/usr/local/Cellar/qrencode/4.1.1/lib -lqrencode'
QTPLATFORM_CFLAGS=''
QTPLATFORM_LIBS=''
QTPRINT_CFLAGS=''
QTPRINT_LIBS=''
QTXCBQPA_CFLAGS=''
QTXCBQPA_LIBS=''
QT_CFLAGS='-DQT_NETWORK_LIB -F/usr/local/Cellar/qt@5/5.15.2/lib -DQT_PRINTSUPPORT_LIB -F/usr/local/Cellar/qt@5/5.15.2/lib -DQT_WIDGETS_LIB -F/usr/local/Cellar/qt@5/5.15.2/lib -DQT_GUI_LIB -F/usr/local/Cellar/qt@5/5.15.2/lib -DQT_CORE_LIB -F/usr/local/Cellar/qt@5/5.15.2/lib -I/usr/local/Cellar/qt@5/5.15.2/lib/QtNetwork.framework/Headers -I/usr/local/Cellar/qt@5/5.15.2/lib/QtPrintSupport.framework/Headers -I/usr/local/Cellar/qt@5/5.15.2/lib/QtWidgets.framework/Headers -I/usr/local/Cellar/qt@5/5.15.2/lib/QtGui.framework/Headers -I/usr/local/Cellar/qt@5/5.15.2/lib/QtCore.framework/Headers'
QT_DBUS_CFLAGS='-DQT_DBUS_LIB -F/usr/local/Cellar/qt@5/5.15.2/lib -DQT_CORE_LIB -F/usr/local/Cellar/qt@5/5.15.2/lib -I/usr/local/Cellar/qt@5/5.15.2/lib/QtDBus.framework/Headers -I/usr/local/Cellar/qt@5/5.15.2/lib/QtCore.framework/Headers'
QT_DBUS_INCLUDES='-DQT_DBUS_LIB -F/usr/local/Cellar/qt@5/5.15.2/lib -DQT_CORE_LIB -F/usr/local/Cellar/qt@5/5.15.2/lib -I/usr/local/Cellar/qt@5/5.15.2/lib/QtDBus.framework/Headers -I/usr/local/Cellar/qt@5/5.15.2/lib/QtCore.framework/Headers'
QT_DBUS_LIBS='-F/usr/local/Cellar/qt@5/5.15.2/lib -framework QtDBus -F/usr/local/Cellar/qt@5/5.15.2/lib -framework QtCore'
QT_INCLUDES='-DQT_NETWORK_LIB -F/usr/local/Cellar/qt@5/5.15.2/lib -DQT_PRINTSUPPORT_LIB -F/usr/local/Cellar/qt@5/5.15.2/lib -DQT_WIDGETS_LIB -F/usr/local/Cellar/qt@5/5.15.2/lib -DQT_GUI_LIB -F/usr/local/Cellar/qt@5/5.15.2/lib -DQT_CORE_LIB -F/usr/local/Cellar/qt@5/5.15.2/lib -I/usr/local/Cellar/qt@5/5.15.2/lib/QtNetwork.framework/Headers -I/usr/local/Cellar/qt@5/5.15.2/lib/QtPrintSupport.framework/Headers -I/usr/local/Cellar/qt@5/5.15.2/lib/QtWidgets.framework/Headers -I/usr/local/Cellar/qt@5/5.15.2/lib/QtGui.framework/Headers -I/usr/local/Cellar/qt@5/5.15.2/lib/QtCore.framework/Headers'
QT_LDFLAGS=''
QT_LIBS='-F/usr/local/Cellar/qt@5/5.15.2/lib -framework QtNetwork -F/usr/local/Cellar/qt@5/5.15.2/lib -framework QtPrintSupport -F/usr/local/Cellar/qt@5/5.15.2/lib -framework QtWidgets -F/usr/local/Cellar/qt@5/5.15.2/lib -framework QtGui -F/usr/local/Cellar/qt@5/5.15.2/lib -framework QtCore -framework Foundation -framework ApplicationServices -framework AppKit'
QT_PIE_FLAGS='-fPIE'
QT_SELECT='qt5'
QT_TEST_CFLAGS='-DQT_TESTLIB_LIB -F/usr/local/Cellar/qt@5/5.15.2/lib -DQT_CORE_LIB -F/usr/local/Cellar/qt@5/5.15.2/lib -I/usr/local/Cellar/qt@5/5.15.2/lib/QtTest.framework/Headers -I/usr/local/Cellar/qt@5/5.15.2/lib/QtCore.framework/Headers'
QT_TEST_INCLUDES='-DQT_TESTLIB_LIB -F/usr/local/Cellar/qt@5/5.15.2/lib -DQT_CORE_LIB -F/usr/local/Cellar/qt@5/5.15.2/lib -I/usr/local/Cellar/qt@5/5.15.2/lib/QtTest.framework/Headers -I/usr/local/Cellar/qt@5/5.15.2/lib/QtCore.framework/Headers'
QT_TEST_LIBS='-F/usr/local/Cellar/qt@5/5.15.2/lib -framework QtTest -F/usr/local/Cellar/qt@5/5.15.2/lib -framework QtCore'
QT_TRANSLATION_DIR=''
RANLIB='/usr/bin/ranlib'
RCC='/usr/local/Cellar/qt@5/5.15.2/bin/rcc'
READELF=''
RELDFLAGS=''
RSVG_CONVERT='/usr/local/bin/rsvg-convert'
SED='/usr/bin/sed'
SET_MAKE=''
SHELL='/bin/sh'
SSL_CFLAGS='/usr/local/opt/openssl@1.1/include/openssl/'
SSL_LIBS='-L/usr/local/Cellar/openssl@1.1/1.1.1k/lib -lssl'
STRIP='/usr/bin/strip'
TARGET_DARWIN_FALSE='#'
TARGET_DARWIN_TRUE=''
TARGET_WINDOWS_FALSE=''
TARGET_WINDOWS_TRUE='#'
TESTDEFS=' -DBOOST_TEST_DYN_LINK'
TIFFCP=''
UIC='/usr/local/Cellar/qt@5/5.15.2/bin/uic'
UNIVALUE_CFLAGS='-I$(srcdir)/univalue/include'
UNIVALUE_LIBS='univalue/libunivalue.la'
USE_LCOV_FALSE=''
USE_LCOV_TRUE='#'
USE_QRCODE=''
USE_QRCODE_FALSE='#'
USE_QRCODE_TRUE=''
USE_UPNP=''
VERSION='1.14.3'
WINDOWS_BITS=''
WINDRES=''
X11XCB_CFLAGS=''
X11XCB_LIBS=''
XGETTEXT='/usr/local/bin/xgettext'
ZMQ_CFLAGS='-I/usr/local/Cellar/zeromq/4.3.4/include -I/usr/local/Cellar/libsodium/1.0.18_1/include'
ZMQ_LIBS='-L/usr/local/Cellar/zeromq/4.3.4/lib -lzmq'
ac_ct_AR='ar'
ac_ct_CC='gcc'
ac_ct_CXX='g++'
ac_ct_DUMPBIN=''
ac_ct_OBJCXX=''
am__EXEEXT_FALSE=''
am__EXEEXT_TRUE='#'
am__fastdepCC_FALSE='#'
am__fastdepCC_TRUE=''
am__fastdepCXX_FALSE='#'
am__fastdepCXX_TRUE=''
am__fastdepOBJCXX_FALSE='#'
am__fastdepOBJCXX_TRUE=''
am__include='include'
am__isrc=''
am__leading_dot='.'
am__nodep='_no'
am__quote=''
am__tar='$${TAR-tar} chof - "$$tardir"'
am__untar='$${TAR-tar} xf -'
ax_pthread_config=''
bindir='${exec_prefix}/bin'
build='x86_64-apple-darwin20.3.0'
build_alias=''
build_cpu='x86_64'
build_os='darwin20.3.0'
build_vendor='apple'
datadir='${datarootdir}'
datarootdir='${prefix}/share'
docdir='${datarootdir}/doc/${PACKAGE_TARNAME}'
dvidir='${docdir}'
exec_prefix='${prefix}'
host='x86_64-apple-darwin20.3.0'
host_alias=''
host_cpu='x86_64'
host_os='darwin20.3.0'
host_vendor='apple'
htmldir='${docdir}'
includedir='${prefix}/include'
infodir='${datarootdir}/info'
install_sh='${SHELL} /Users/c4pt/Desktop/NEWCOIN-06-22-2021-radioCOIN/radioCOIN/build-aux/install-sh'
libdir='${exec_prefix}/lib'
libexecdir='${exec_prefix}/libexec'
localedir='${datarootdir}/locale'
localstatedir='${prefix}/var'
mandir='${datarootdir}/man'
mkdir_p='$(MKDIR_P)'
oldincludedir='/usr/include'
pdfdir='${docdir}'
prefix='/usr'
program_transform_name='s,x,x,'
psdir='${docdir}'
runstatedir='${localstatedir}/run'
sbindir='${exec_prefix}/sbin'
sharedstatedir='${prefix}/com'
subdirs=' src/univalue src/secp256k1'
sysconfdir='${prefix}/etc'
target_alias=''

## ----------- ##
## confdefs.h. ##
## ----------- ##

/* confdefs.h */
#define PACKAGE_NAME "RadioCoin Core"
#define PACKAGE_TARNAME "radiocoin"
#define PACKAGE_VERSION "1.14.3"
#define PACKAGE_STRING "RadioCoin Core 1.14.3"
#define PACKAGE_BUGREPORT "https://github.com/radiocoin/radiocoin/issues"
#define PACKAGE_URL "https://radiocoin.com/"
#define HAVE_CXX11 1
#define HAVE_STDIO_H 1
#define HAVE_STDLIB_H 1
#define HAVE_STRING_H 1
#define HAVE_INTTYPES_H 1
#define HAVE_STDINT_H 1
#define HAVE_STRINGS_H 1
#define HAVE_SYS_STAT_H 1
#define HAVE_SYS_TYPES_H 1
#define HAVE_UNISTD_H 1
#define STDC_HEADERS 1
#define HAVE_DLFCN_H 1
#define LT_OBJDIR ".libs/"
#define HAVE_PTHREAD_PRIO_INHERIT 1
#define HAVE_PTHREAD 1
#define HAVE_DECL_STRERROR_R 1
#define HAVE_STRERROR_R 1
#define HAVE_STDIO_H 1
#define HAVE_STDLIB_H 1
#define HAVE_UNISTD_H 1
#define HAVE_STRINGS_H 1
#define HAVE_SYS_TYPES_H 1
#define HAVE_SYS_STAT_H 1
#define HAVE_SYS_SELECT_H 1
#define HAVE_DECL_STRNLEN 1
#define HAVE_DECL_DAEMON 1
#define HAVE_DECL_LE16TOH 0
#define HAVE_DECL_LE32TOH 0
#define HAVE_DECL_LE64TOH 0
#define HAVE_DECL_HTOLE16 0
#define HAVE_DECL_HTOLE32 0
#define HAVE_DECL_HTOLE64 0
#define HAVE_DECL_BE16TOH 0
#define HAVE_DECL_BE32TOH 0
#define HAVE_DECL_BE64TOH 0
#define HAVE_DECL_HTOBE16 0
#define HAVE_DECL_HTOBE32 0
#define HAVE_DECL_HTOBE64 0
#define HAVE_DECL_BSWAP_16 0
#define HAVE_DECL_BSWAP_32 0
#define HAVE_DECL_BSWAP_64 0
#define HAVE_MSG_NOSIGNAL 1
#define HAVE_VISIBILITY_ATTRIBUTE 1
#define HAVE_MINIUPNPC_MINIWGET_H 1
#define HAVE_MINIUPNPC_MINIUPNPC_H 1
#define HAVE_MINIUPNPC_UPNPCOMMANDS_H 1
#define HAVE_MINIUPNPC_UPNPERRORS_H 1
#define HAVE_BOOST /**/
#define HAVE_BOOST_SYSTEM /**/
#define HAVE_BOOST_FILESYSTEM /**/
#define HAVE_BOOST_PROGRAM_OPTIONS /**/
#define HAVE_BOOST_THREAD /**/
#define HAVE_BOOST_CHRONO /**/
#define HAVE_BOOST_UNIT_TEST_FRAMEWORK /**/
#define HAVE_WORKING_BOOST_SLEEP_FOR 1
#define ENABLE_ZMQ 1
#define HAVE_DECL_EVP_MD_CTX_NEW 1
#define HAVE_CONSENSUS_LIB 1
#define ENABLE_WALLET 1
#define USE_UPNP 0
#define USE_DBUS 1
#define USE_QRCODE 1
#define CLIENT_VERSION_MAJOR 1
#define CLIENT_VERSION_MINOR 14
#define CLIENT_VERSION_REVISION 3
#define CLIENT_VERSION_BUILD 0
#define CLIENT_VERSION_IS_RELEASE true
#define COPYRIGHT_YEAR 2021
#define COPYRIGHT_HOLDERS "The %s developers"
#define COPYRIGHT_HOLDERS_SUBSTITUTION "Bitcoin Core and RadioCoin Core"
#define COPYRIGHT_HOLDERS_FINAL "The Bitcoin Core and RadioCoin Core developers"

configure: exit 0
